=== Resuming DMC Walker Walk Training ===
Job ID: 6827741
Logdir: ./logdir/dreamer/dmc_walker_walk_20251129_211920
Start time: Tue Dec  2 10:15:37 EST 2025

=== Verifying GPU ===
Devices: [CudaDevice(id=0)]

---  ___                           __   ______ ---
--- |   \ _ _ ___ __ _ _ __  ___ _ \ \ / /__ / ---
--- | |) | '_/ -_) _` | '  \/ -_) '/\ V / |_ \ ---
--- |___/|_| \___\__,_|_|_|_\___|_|  \_/ |___/ ---
Replica: 0 / 1
Logdir: logdir/dreamer/dmc_walker_walk_20251129_211920
Run script: train
Observations
  is_first         Space(bool, shape=(), low=False, high=True)
  is_last          Space(bool, shape=(), low=False, high=True)
  is_terminal      Space(bool, shape=(), low=False, high=True)
  reward           Space(float32, shape=(), low=-inf, high=inf)
  image            Space(uint8, shape=(64, 64, 3), low=0, high=255)
Actions
  action           Space(float32, shape=(6,), low=-1.0, high=1.0)
Extras
  consec           Space(int32, shape=(), low=-2147483648, high=2147483647)
  stepid           Space(uint8, shape=(20,), low=0, high=255)
  dyn/deter        Space(float32, shape=(8192,), low=-inf, high=inf)
  dyn/stoch        Space(float32, shape=(32, 64), low=-inf, high=inf)
JAX devices (1): [cuda:0]
Policy devices: cuda:0
Train devices:  cuda:0
Initializing parameters...
Optimizer opt has 165,948,686 params:
    95,483,904 dyn
    20,282,115 dec
    12,850,431 val
    12,601,356 pol
    10,749,183 rew
    10,488,833 con
     3,492,864 enc
[1]
[0]
[1]
[1]
con/head/logit/bias
[1]
[1]
con/head/logit/kernel
[1]
[1]
con/mlp/linear0/bias
[1]
[1]
con/mlp/linear0/kernel
[1]
[1]
con/mlp/norm0/scale
[1]
[1]
dec/conv0/bias
[1]
[1]
dec/conv0/kernel
[1]
[1]
dec/conv0norm/scale
[1]
[1]
dec/conv1/bias
[1]
[1]
dec/conv1/kernel
[1]
[1]
dec/conv1norm/scale
[1]
[1]
dec/conv2/bias
[1]
[1]
dec/conv2/kernel
[1]
[1]
dec/conv2norm/scale
[1]
[1]
dec/imgout/bias
[1]
[1]
dec/imgout/kernel
[1]
[1]
dec/sp0/bias
[1]
[1]
dec/sp0/kernel
[1]
[1]
dec/sp1/bias
[1]
[1]
dec/sp1/kernel
[1]
[1]
dec/sp1norm/scale
[1]
[1]
dec/sp2/bias
[1]
[1]
dec/sp2/kernel
[1]
[1]
dec/spnorm/scale
[1]
[1]
dyn/dyngru/bias
[1]
[1]
dyn/dyngru/kernel
[1]
[1]
dyn/dynhid0/bias
[1]
[1]
dyn/dynhid0/kernel
[1]
[1]
dyn/dynhid0norm/scale
[1]
[1]
dyn/dynin0/bias
[1]
[1]
dyn/dynin0/kernel
[1]
[1]
dyn/dynin0norm/scale
[1]
[1]
dyn/dynin1/bias
[1]
[1]
dyn/dynin1/kernel
[1]
[1]
dyn/dynin1norm/scale
[1]
[1]
dyn/dynin2/bias
[1]
[1]
dyn/dynin2/kernel
[1]
[1]
dyn/dynin2norm/scale
[1]
[1]
dyn/obs0/bias
[1]
[1]
dyn/obs0/kernel
[1]
[1]
dyn/obs0norm/scale
[1]
[1]
dyn/obslogit/bias
[1]
[1]
dyn/obslogit/kernel
[1]
[1]
dyn/prior0/bias
[1]
[1]
dyn/prior0/kernel
[1]
[1]
dyn/prior0norm/scale
[1]
[1]
dyn/prior1/bias
[1]
[1]
dyn/prior1/kernel
[1]
[1]
dyn/prior1norm/scale
[1]
[1]
dyn/priorlogit/bias
[1]
[1]
dyn/priorlogit/kernel
[1]
[1]
enc/cnn0/bias
[1]
[1]
enc/cnn0/kernel
[1]
[1]
enc/cnn0norm/scale
[1]
[1]
enc/cnn1/bias
[1]
[1]
enc/cnn1/kernel
[1]
[1]
enc/cnn1norm/scale
[1]
[1]
enc/cnn2/bias
[1]
[1]
enc/cnn2/kernel
[1]
[1]
enc/cnn2norm/scale
[1]
[1]
enc/cnn3/bias
[1]
[1]
enc/cnn3/kernel
[1]
[1]
enc/cnn3norm/scale
[1]
[1]
pol/head/action/mean/bias
[1]
[1]
pol/head/action/mean/kernel
[1]
[1]
pol/head/action/stddev/bias
[1]
[1]
pol/head/action/stddev/kernel
[1]
[1]
pol/mlp/linear0/bias
[1]
[1]
pol/mlp/linear0/kernel
[1]
[1]
pol/mlp/linear1/bias
[1]
[1]
pol/mlp/linear1/kernel
[1]
[1]
pol/mlp/linear2/bias
[1]
[1]
pol/mlp/linear2/kernel
[1]
[1]
pol/mlp/norm0/scale
[1]
[1]
pol/mlp/norm1/scale
[1]
[1]
pol/mlp/norm2/scale
[1]
[1]
rew/head/logits/bias
[1]
[1]
rew/head/logits/kernel
[1]
[1]
rew/mlp/linear0/bias
[1]
[1]
rew/mlp/linear0/kernel
[1]
[1]
rew/mlp/norm0/scale
[1]
[1]
val/head/logits/bias
[1]
[1]
val/head/logits/kernel
[1]
[1]
val/mlp/linear0/bias
[1]
[1]
val/mlp/linear0/kernel
[1]
[1]
val/mlp/linear1/bias
[1]
[1]
val/mlp/linear1/kernel
[1]
[1]
val/mlp/linear2/bias
[1]
[1]
val/mlp/linear2/kernel
[1]
[1]
val/mlp/norm0/scale
[1]
[1]
val/mlp/norm1/scale
[1]
[1]
val/mlp/norm2/scale
[2]
[0]
[2]
[1]
con/head/logit/bias
[2]
[1]
con/head/logit/kernel
[2]
[1]
con/mlp/linear0/bias
[2]
[1]
con/mlp/linear0/kernel
[2]
[1]
con/mlp/norm0/scale
[2]
[1]
dec/conv0/bias
[2]
[1]
dec/conv0/kernel
[2]
[1]
dec/conv0norm/scale
[2]
[1]
dec/conv1/bias
[2]
[1]
dec/conv1/kernel
[2]
[1]
dec/conv1norm/scale
[2]
[1]
dec/conv2/bias
[2]
[1]
dec/conv2/kernel
[2]
[1]
dec/conv2norm/scale
[2]
[1]
dec/imgout/bias
[2]
[1]
dec/imgout/kernel
[2]
[1]
dec/sp0/bias
[2]
[1]
dec/sp0/kernel
[2]
[1]
dec/sp1/bias
[2]
[1]
dec/sp1/kernel
[2]
[1]
dec/sp1norm/scale
[2]
[1]
dec/sp2/bias
[2]
[1]
dec/sp2/kernel
[2]
[1]
dec/spnorm/scale
[2]
[1]
dyn/dyngru/bias
[2]
[1]
dyn/dyngru/kernel
[2]
[1]
dyn/dynhid0/bias
[2]
[1]
dyn/dynhid0/kernel
[2]
[1]
dyn/dynhid0norm/scale
[2]
[1]
dyn/dynin0/bias
[2]
[1]
dyn/dynin0/kernel
[2]
[1]
dyn/dynin0norm/scale
[2]
[1]
dyn/dynin1/bias
[2]
[1]
dyn/dynin1/kernel
[2]
[1]
dyn/dynin1norm/scale
[2]
[1]
dyn/dynin2/bias
[2]
[1]
dyn/dynin2/kernel
[2]
[1]
dyn/dynin2norm/scale
[2]
[1]
dyn/obs0/bias
[2]
[1]
dyn/obs0/kernel
[2]
[1]
dyn/obs0norm/scale
[2]
[1]
dyn/obslogit/bias
[2]
[1]
dyn/obslogit/kernel
[2]
[1]
dyn/prior0/bias
[2]
[1]
dyn/prior0/kernel
[2]
[1]
dyn/prior0norm/scale
[2]
[1]
dyn/prior1/bias
[2]
[1]
dyn/prior1/kernel
[2]
[1]
dyn/prior1norm/scale
[2]
[1]
dyn/priorlogit/bias
[2]
[1]
dyn/priorlogit/kernel
[2]
[1]
enc/cnn0/bias
[2]
[1]
enc/cnn0/kernel
[2]
[1]
enc/cnn0norm/scale
[2]
[1]
enc/cnn1/bias
[2]
[1]
enc/cnn1/kernel
[2]
[1]
enc/cnn1norm/scale
[2]
[1]
enc/cnn2/bias
[2]
[1]
enc/cnn2/kernel
[2]
[1]
enc/cnn2norm/scale
[2]
[1]
enc/cnn3/bias
[2]
[1]
enc/cnn3/kernel
[2]
[1]
enc/cnn3norm/scale
[2]
[1]
pol/head/action/mean/bias
[2]
[1]
pol/head/action/mean/kernel
[2]
[1]
pol/head/action/stddev/bias
[2]
[1]
pol/head/action/stddev/kernel
[2]
[1]
pol/mlp/linear0/bias
[2]
[1]
pol/mlp/linear0/kernel
[2]
[1]
pol/mlp/linear1/bias
[2]
[1]
pol/mlp/linear1/kernel
[2]
[1]
pol/mlp/linear2/bias
[2]
[1]
pol/mlp/linear2/kernel
[2]
[1]
pol/mlp/norm0/scale
[2]
[1]
pol/mlp/norm1/scale
[2]
[1]
pol/mlp/norm2/scale
[2]
[1]
rew/head/logits/bias
[2]
[1]
rew/head/logits/kernel
[2]
[1]
rew/mlp/linear0/bias
[2]
[1]
rew/mlp/linear0/kernel
[2]
[1]
rew/mlp/norm0/scale
[2]
[1]
val/head/logits/bias
[2]
[1]
val/head/logits/kernel
[2]
[1]
val/mlp/linear0/bias
[2]
[1]
val/mlp/linear0/kernel
[2]
[1]
val/mlp/linear1/bias
[2]
[1]
val/mlp/linear1/kernel
[2]
[1]
val/mlp/linear2/bias
[2]
[1]
val/mlp/linear2/kernel
[2]
[1]
val/mlp/norm0/scale
[2]
[1]
val/mlp/norm1/scale
[2]
[1]
val/mlp/norm2/scale
[3]
.count
[1]
[0]
[1]
[1]
con/head/logit/bias
[1]
[1]
con/head/logit/kernel
[1]
[1]
con/mlp/linear0/bias
[1]
[1]
con/mlp/linear0/kernel
[1]
[1]
con/mlp/norm0/scale
[1]
[1]
dec/conv0/bias
[1]
[1]
dec/conv0/kernel
[1]
[1]
dec/conv0norm/scale
[1]
[1]
dec/conv1/bias
[1]
[1]
dec/conv1/kernel
[1]
[1]
dec/conv1norm/scale
[1]
[1]
dec/conv2/bias
[1]
[1]
dec/conv2/kernel
[1]
[1]
dec/conv2norm/scale
[1]
[1]
dec/imgout/bias
[1]
[1]
dec/imgout/kernel
[1]
[1]
dec/sp0/bias
[1]
[1]
dec/sp0/kernel
[1]
[1]
dec/sp1/bias
[1]
[1]
dec/sp1/kernel
[1]
[1]
dec/sp1norm/scale
[1]
[1]
dec/sp2/bias
[1]
[1]
dec/sp2/kernel
[1]
[1]
dec/spnorm/scale
[1]
[1]
dyn/dyngru/bias
[1]
[1]
dyn/dyngru/kernel
[1]
[1]
dyn/dynhid0/bias
[1]
[1]
dyn/dynhid0/kernel
[1]
[1]
dyn/dynhid0norm/scale
[1]
[1]
dyn/dynin0/bias
[1]
[1]
dyn/dynin0/kernel
[1]
[1]
dyn/dynin0norm/scale
[1]
[1]
dyn/dynin1/bias
[1]
[1]
dyn/dynin1/kernel
[1]
[1]
dyn/dynin1norm/scale
[1]
[1]
dyn/dynin2/bias
[1]
[1]
dyn/dynin2/kernel
[1]
[1]
dyn/dynin2norm/scale
[1]
[1]
dyn/obs0/bias
[1]
[1]
dyn/obs0/kernel
[1]
[1]
dyn/obs0norm/scale
[1]
[1]
dyn/obslogit/bias
[1]
[1]
dyn/obslogit/kernel
[1]
[1]
dyn/prior0/bias
[1]
[1]
dyn/prior0/kernel
[1]
[1]
dyn/prior0norm/scale
[1]
[1]
dyn/prior1/bias
[1]
[1]
dyn/prior1/kernel
[1]
[1]
dyn/prior1norm/scale
[1]
[1]
dyn/priorlogit/bias
[1]
[1]
dyn/priorlogit/kernel
[1]
[1]
enc/cnn0/bias
[1]
[1]
enc/cnn0/kernel
[1]
[1]
enc/cnn0norm/scale
[1]
[1]
enc/cnn1/bias
[1]
[1]
enc/cnn1/kernel
[1]
[1]
enc/cnn1norm/scale
[1]
[1]
enc/cnn2/bias
[1]
[1]
enc/cnn2/kernel
[1]
[1]
enc/cnn2norm/scale
[1]
[1]
enc/cnn3/bias
[1]
[1]
enc/cnn3/kernel
[1]
[1]
enc/cnn3norm/scale
[1]
[1]
pol/head/action/mean/bias
[1]
[1]
pol/head/action/mean/kernel
[1]
[1]
pol/head/action/stddev/bias
[1]
[1]
pol/head/action/stddev/kernel
[1]
[1]
pol/mlp/linear0/bias
[1]
[1]
pol/mlp/linear0/kernel
[1]
[1]
pol/mlp/linear1/bias
[1]
[1]
pol/mlp/linear1/kernel
[1]
[1]
pol/mlp/linear2/bias
[1]
[1]
pol/mlp/linear2/kernel
[1]
[1]
pol/mlp/norm0/scale
[1]
[1]
pol/mlp/norm1/scale
[1]
[1]
pol/mlp/norm2/scale
[1]
[1]
rew/head/logits/bias
[1]
[1]
rew/head/logits/kernel
[1]
[1]
rew/mlp/linear0/bias
[1]
[1]
rew/mlp/linear0/kernel
[1]
[1]
rew/mlp/norm0/scale
[1]
[1]
val/head/logits/bias
[1]
[1]
val/head/logits/kernel
[1]
[1]
val/mlp/linear0/bias
[1]
[1]
val/mlp/linear0/kernel
[1]
[1]
val/mlp/linear1/bias
[1]
[1]
val/mlp/linear1/kernel
[1]
[1]
val/mlp/linear2/bias
[1]
[1]
val/mlp/linear2/kernel
[1]
[1]
val/mlp/norm0/scale
[1]
[1]
val/mlp/norm1/scale
[1]
[1]
val/mlp/norm2/scale
[2]
[0]
[2]
[1]
con/head/logit/bias
[2]
[1]
con/head/logit/kernel
[2]
[1]
con/mlp/linear0/bias
[2]
[1]
con/mlp/linear0/kernel
[2]
[1]
con/mlp/norm0/scale
[2]
[1]
dec/conv0/bias
[2]
[1]
dec/conv0/kernel
[2]
[1]
dec/conv0norm/scale
[2]
[1]
dec/conv1/bias
[2]
[1]
dec/conv1/kernel
[2]
[1]
dec/conv1norm/scale
[2]
[1]
dec/conv2/bias
[2]
[1]
dec/conv2/kernel
[2]
[1]
dec/conv2norm/scale
[2]
[1]
dec/imgout/bias
[2]
[1]
dec/imgout/kernel
[2]
[1]
dec/sp0/bias
[2]
[1]
dec/sp0/kernel
[2]
[1]
dec/sp1/bias
[2]
[1]
dec/sp1/kernel
[2]
[1]
dec/sp1norm/scale
[2]
[1]
dec/sp2/bias
[2]
[1]
dec/sp2/kernel
[2]
[1]
dec/spnorm/scale
[2]
[1]
dyn/dyngru/bias
[2]
[1]
dyn/dyngru/kernel
[2]
[1]
dyn/dynhid0/bias
[2]
[1]
dyn/dynhid0/kernel
[2]
[1]
dyn/dynhid0norm/scale
[2]
[1]
dyn/dynin0/bias
[2]
[1]
dyn/dynin0/kernel
[2]
[1]
dyn/dynin0norm/scale
[2]
[1]
dyn/dynin1/bias
[2]
[1]
dyn/dynin1/kernel
[2]
[1]
dyn/dynin1norm/scale
[2]
[1]
dyn/dynin2/bias
[2]
[1]
dyn/dynin2/kernel
[2]
[1]
dyn/dynin2norm/scale
[2]
[1]
dyn/obs0/bias
[2]
[1]
dyn/obs0/kernel
[2]
[1]
dyn/obs0norm/scale
[2]
[1]
dyn/obslogit/bias
[2]
[1]
dyn/obslogit/kernel
[2]
[1]
dyn/prior0/bias
[2]
[1]
dyn/prior0/kernel
[2]
[1]
dyn/prior0norm/scale
[2]
[1]
dyn/prior1/bias
[2]
[1]
dyn/prior1/kernel
[2]
[1]
dyn/prior1norm/scale
[2]
[1]
dyn/priorlogit/bias
[2]
[1]
dyn/priorlogit/kernel
[2]
[1]
enc/cnn0/bias
[2]
[1]
enc/cnn0/kernel
[2]
[1]
enc/cnn0norm/scale
[2]
[1]
enc/cnn1/bias
[2]
[1]
enc/cnn1/kernel
[2]
[1]
enc/cnn1norm/scale
[2]
[1]
enc/cnn2/bias
[2]
[1]
enc/cnn2/kernel
[2]
[1]
enc/cnn2norm/scale
[2]
[1]
enc/cnn3/bias
[2]
[1]
enc/cnn3/kernel
[2]
[1]
enc/cnn3norm/scale
[2]
[1]
pol/head/action/mean/bias
[2]
[1]
pol/head/action/mean/kernel
[2]
[1]
pol/head/action/stddev/bias
[2]
[1]
pol/head/action/stddev/kernel
[2]
[1]
pol/mlp/linear0/bias
[2]
[1]
pol/mlp/linear0/kernel
[2]
[1]
pol/mlp/linear1/bias
[2]
[1]
pol/mlp/linear1/kernel
[2]
[1]
pol/mlp/linear2/bias
[2]
[1]
pol/mlp/linear2/kernel
[2]
[1]
pol/mlp/norm0/scale
[2]
[1]
pol/mlp/norm1/scale
[2]
[1]
pol/mlp/norm2/scale
[2]
[1]
rew/head/logits/bias
[2]
[1]
rew/head/logits/kernel
[2]
[1]
rew/mlp/linear0/bias
[2]
[1]
rew/mlp/linear0/kernel
[2]
[1]
rew/mlp/norm0/scale
[2]
[1]
val/head/logits/bias
[2]
[1]
val/head/logits/kernel
[2]
[1]
val/mlp/linear0/bias
[2]
[1]
val/mlp/linear0/kernel
[2]
[1]
val/mlp/linear1/bias
[2]
[1]
val/mlp/linear1/kernel
[2]
[1]
val/mlp/linear2/bias
[2]
[1]
val/mlp/linear2/kernel
[2]
[1]
val/mlp/norm0/scale
[2]
[1]
val/mlp/norm1/scale
[2]
[1]
val/mlp/norm2/scale
[3]
.count
Done initializing!
Compiling 1 checkpoint groups...
Largest checkpoint group: 2 GB
Compiling train and report...
[1]
[0]
[1]
[1]
con/head/logit/bias
[1]
[1]
con/head/logit/kernel
[1]
[1]
con/mlp/linear0/bias
[1]
[1]
con/mlp/linear0/kernel
[1]
[1]
con/mlp/norm0/scale
[1]
[1]
dec/conv0/bias
[1]
[1]
dec/conv0/kernel
[1]
[1]
dec/conv0norm/scale
[1]
[1]
dec/conv1/bias
[1]
[1]
dec/conv1/kernel
[1]
[1]
dec/conv1norm/scale
[1]
[1]
dec/conv2/bias
[1]
[1]
dec/conv2/kernel
[1]
[1]
dec/conv2norm/scale
[1]
[1]
dec/imgout/bias
[1]
[1]
dec/imgout/kernel
[1]
[1]
dec/sp0/bias
[1]
[1]
dec/sp0/kernel
[1]
[1]
dec/sp1/bias
[1]
[1]
dec/sp1/kernel
[1]
[1]
dec/sp1norm/scale
[1]
[1]
dec/sp2/bias
[1]
[1]
dec/sp2/kernel
[1]
[1]
dec/spnorm/scale
[1]
[1]
dyn/dyngru/bias
[1]
[1]
dyn/dyngru/kernel
[1]
[1]
dyn/dynhid0/bias
[1]
[1]
dyn/dynhid0/kernel
[1]
[1]
dyn/dynhid0norm/scale
[1]
[1]
dyn/dynin0/bias
[1]
[1]
dyn/dynin0/kernel
[1]
[1]
dyn/dynin0norm/scale
[1]
[1]
dyn/dynin1/bias
[1]
[1]
dyn/dynin1/kernel
[1]
[1]
dyn/dynin1norm/scale
[1]
[1]
dyn/dynin2/bias
[1]
[1]
dyn/dynin2/kernel
[1]
[1]
dyn/dynin2norm/scale
[1]
[1]
dyn/obs0/bias
[1]
[1]
dyn/obs0/kernel
[1]
[1]
dyn/obs0norm/scale
[1]
[1]
dyn/obslogit/bias
[1]
[1]
dyn/obslogit/kernel
[1]
[1]
dyn/prior0/bias
[1]
[1]
dyn/prior0/kernel
[1]
[1]
dyn/prior0norm/scale
[1]
[1]
dyn/prior1/bias
[1]
[1]
dyn/prior1/kernel
[1]
[1]
dyn/prior1norm/scale
[1]
[1]
dyn/priorlogit/bias
[1]
[1]
dyn/priorlogit/kernel
[1]
[1]
enc/cnn0/bias
[1]
[1]
enc/cnn0/kernel
[1]
[1]
enc/cnn0norm/scale
[1]
[1]
enc/cnn1/bias
[1]
[1]
enc/cnn1/kernel
[1]
[1]
enc/cnn1norm/scale
[1]
[1]
enc/cnn2/bias
[1]
[1]
enc/cnn2/kernel
[1]
[1]
enc/cnn2norm/scale
[1]
[1]
enc/cnn3/bias
[1]
[1]
enc/cnn3/kernel
[1]
[1]
enc/cnn3norm/scale
[1]
[1]
pol/head/action/mean/bias
[1]
[1]
pol/head/action/mean/kernel
[1]
[1]
pol/head/action/stddev/bias
[1]
[1]
pol/head/action/stddev/kernel
[1]
[1]
pol/mlp/linear0/bias
[1]
[1]
pol/mlp/linear0/kernel
[1]
[1]
pol/mlp/linear1/bias
[1]
[1]
pol/mlp/linear1/kernel
[1]
[1]
pol/mlp/linear2/bias
[1]
[1]
pol/mlp/linear2/kernel
[1]
[1]
pol/mlp/norm0/scale
[1]
[1]
pol/mlp/norm1/scale
[1]
[1]
pol/mlp/norm2/scale
[1]
[1]
rew/head/logits/bias
[1]
[1]
rew/head/logits/kernel
[1]
[1]
rew/mlp/linear0/bias
[1]
[1]
rew/mlp/linear0/kernel
[1]
[1]
rew/mlp/norm0/scale
[1]
[1]
val/head/logits/bias
[1]
[1]
val/head/logits/kernel
[1]
[1]
val/mlp/linear0/bias
[1]
[1]
val/mlp/linear0/kernel
[1]
[1]
val/mlp/linear1/bias
[1]
[1]
val/mlp/linear1/kernel
[1]
[1]
val/mlp/linear2/bias
[1]
[1]
val/mlp/linear2/kernel
[1]
[1]
val/mlp/norm0/scale
[1]
[1]
val/mlp/norm1/scale
[1]
[1]
val/mlp/norm2/scale
[2]
[0]
[2]
[1]
con/head/logit/bias
[2]
[1]
con/head/logit/kernel
[2]
[1]
con/mlp/linear0/bias
[2]
[1]
con/mlp/linear0/kernel
[2]
[1]
con/mlp/norm0/scale
[2]
[1]
dec/conv0/bias
[2]
[1]
dec/conv0/kernel
[2]
[1]
dec/conv0norm/scale
[2]
[1]
dec/conv1/bias
[2]
[1]
dec/conv1/kernel
[2]
[1]
dec/conv1norm/scale
[2]
[1]
dec/conv2/bias
[2]
[1]
dec/conv2/kernel
[2]
[1]
dec/conv2norm/scale
[2]
[1]
dec/imgout/bias
[2]
[1]
dec/imgout/kernel
[2]
[1]
dec/sp0/bias
[2]
[1]
dec/sp0/kernel
[2]
[1]
dec/sp1/bias
[2]
[1]
dec/sp1/kernel
[2]
[1]
dec/sp1norm/scale
[2]
[1]
dec/sp2/bias
[2]
[1]
dec/sp2/kernel
[2]
[1]
dec/spnorm/scale
[2]
[1]
dyn/dyngru/bias
[2]
[1]
dyn/dyngru/kernel
[2]
[1]
dyn/dynhid0/bias
[2]
[1]
dyn/dynhid0/kernel
[2]
[1]
dyn/dynhid0norm/scale
[2]
[1]
dyn/dynin0/bias
[2]
[1]
dyn/dynin0/kernel
[2]
[1]
dyn/dynin0norm/scale
[2]
[1]
dyn/dynin1/bias
[2]
[1]
dyn/dynin1/kernel
[2]
[1]
dyn/dynin1norm/scale
[2]
[1]
dyn/dynin2/bias
[2]
[1]
dyn/dynin2/kernel
[2]
[1]
dyn/dynin2norm/scale
[2]
[1]
dyn/obs0/bias
[2]
[1]
dyn/obs0/kernel
[2]
[1]
dyn/obs0norm/scale
[2]
[1]
dyn/obslogit/bias
[2]
[1]
dyn/obslogit/kernel
[2]
[1]
dyn/prior0/bias
[2]
[1]
dyn/prior0/kernel
[2]
[1]
dyn/prior0norm/scale
[2]
[1]
dyn/prior1/bias
[2]
[1]
dyn/prior1/kernel
[2]
[1]
dyn/prior1norm/scale
[2]
[1]
dyn/priorlogit/bias
[2]
[1]
dyn/priorlogit/kernel
[2]
[1]
enc/cnn0/bias
[2]
[1]
enc/cnn0/kernel
[2]
[1]
enc/cnn0norm/scale
[2]
[1]
enc/cnn1/bias
[2]
[1]
enc/cnn1/kernel
[2]
[1]
enc/cnn1norm/scale
[2]
[1]
enc/cnn2/bias
[2]
[1]
enc/cnn2/kernel
[2]
[1]
enc/cnn2norm/scale
[2]
[1]
enc/cnn3/bias
[2]
[1]
enc/cnn3/kernel
[2]
[1]
enc/cnn3norm/scale
[2]
[1]
pol/head/action/mean/bias
[2]
[1]
pol/head/action/mean/kernel
[2]
[1]
pol/head/action/stddev/bias
[2]
[1]
pol/head/action/stddev/kernel
[2]
[1]
pol/mlp/linear0/bias
[2]
[1]
pol/mlp/linear0/kernel
[2]
[1]
pol/mlp/linear1/bias
[2]
[1]
pol/mlp/linear1/kernel
[2]
[1]
pol/mlp/linear2/bias
[2]
[1]
pol/mlp/linear2/kernel
[2]
[1]
pol/mlp/norm0/scale
[2]
[1]
pol/mlp/norm1/scale
[2]
[1]
pol/mlp/norm2/scale
[2]
[1]
rew/head/logits/bias
[2]
[1]
rew/head/logits/kernel
[2]
[1]
rew/mlp/linear0/bias
[2]
[1]
rew/mlp/linear0/kernel
[2]
[1]
rew/mlp/norm0/scale
[2]
[1]
val/head/logits/bias
[2]
[1]
val/head/logits/kernel
[2]
[1]
val/mlp/linear0/bias
[2]
[1]
val/mlp/linear0/kernel
[2]
[1]
val/mlp/linear1/bias
[2]
[1]
val/mlp/linear1/kernel
[2]
[1]
val/mlp/linear2/bias
[2]
[1]
val/mlp/linear2/kernel
[2]
[1]
val/mlp/norm0/scale
[2]
[1]
val/mlp/norm1/scale
[2]
[1]
val/mlp/norm2/scale
[3]
.count
Train cost analysis:
No available
Report cost analysis:
No available
Done compiling!
Found existing checkpoint.
Loading checkpoint: logdir/dreamer/dmc_walker_walk_20251129_211920/ckpt/20251202T004044F234482
Loaded checkpoint.
Start training loop

--------------------[Agent Step 890_080]--------------------
Metrics filtered by: 'score|length|fps|ratio|train/loss/|train/rand/'
train/loss/con 0.02 / train/loss/dyn 4 / train/loss/image 2.63 / train/loss/policy -0.03 / train/loss/rep 4 / train/loss/repval 0.94 / train/loss/rew 0.63 / train/loss/value 0.91 / replay/replay_ratio 751.32 / fps/policy 9.87 / fps/train 2527.81

Writing metrics: logdir/dreamer/dmc_walker_walk_20251129_211920/metrics.jsonl
Writing metrics: logdir/dreamer/dmc_walker_walk_20251129_211920/scores.jsonl

--------------------[Agent Step 891_616]--------------------
Metrics filtered by: 'score|length|fps|ratio|train/loss/|train/rand/'
train/loss/con 0.02 / train/loss/dyn 3.52 / train/loss/image 2.45 / train/loss/policy -0.02 / train/loss/rep 3.52 / train/loss/repval 0.94 / train/loss/rew 0.63 / train/loss/value 0.9 / replay/replay_ratio 260 / fps/policy 12.74 / fps/train 3260.64

Writing metrics: logdir/dreamer/dmc_walker_walk_20251129_211920/metrics.jsonl
Writing metrics: logdir/dreamer/dmc_walker_walk_20251129_211920/scores.jsonl

--------------------[Agent Step 893_152]--------------------
Metrics filtered by: 'score|length|fps|ratio|train/loss/|train/rand/'
train/loss/con 0.02 / train/loss/dyn 3.48 / train/loss/image 2.44 / train/loss/policy -0.04 / train/loss/rep 3.48 / train/loss/repval 0.94 / train/loss/rew 0.63 / train/loss/value 0.91 / replay/replay_ratio 260 / fps/policy 12.76 / fps/train 3266.24

Writing metrics: logdir/dreamer/dmc_walker_walk_20251129_211920/scores.jsonl
Writing metrics: logdir/dreamer/dmc_walker_walk_20251129_211920/metrics.jsonl

--------------------[Agent Step 894_688]--------------------
Metrics filtered by: 'score|length|fps|ratio|train/loss/|train/rand/'
train/loss/con 0.02 / train/loss/dyn 3.31 / train/loss/image 2.39 / train/loss/policy -7.6e-3 / train/loss/rep 3.31 / train/loss/repval 0.94 / train/loss/rew 0.63 / train/loss/value 0.91 / replay/replay_ratio 260 / fps/policy 12.71 / fps/train 3252.57

Writing metrics: logdir/dreamer/dmc_walker_walk_20251129_211920/metrics.jsonl
Writing metrics: logdir/dreamer/dmc_walker_walk_20251129_211920/scores.jsonl

--------------------[Agent Step 896_224]--------------------
Metrics filtered by: 'score|length|fps|ratio|train/loss/|train/rand/'
train/loss/con 0.02 / train/loss/dyn 3.2 / train/loss/image 2.31 / train/loss/policy -0.02 / train/loss/rep 3.2 / train/loss/repval 0.93 / train/loss/rew 0.63 / train/loss/value 0.89 / replay/replay_ratio 260 / fps/policy 12.77 / fps/train 3268.8

Writing metrics: logdir/dreamer/dmc_walker_walk_20251129_211920/metrics.jsonl
Writing metrics: logdir/dreamer/dmc_walker_walk_20251129_211920/scores.jsonl

--------------------[Agent Step 897_760]--------------------
Metrics filtered by: 'score|length|fps|ratio|train/loss/|train/rand/'
train/loss/con 0.02 / train/loss/dyn 3.22 / train/loss/image 2.32 / train/loss/policy -0.02 / train/loss/rep 3.22 / train/loss/repval 0.93 / train/loss/rew 0.63 / train/loss/value 0.89 / replay/replay_ratio 260 / fps/policy 12.79 / fps/train 3273.09

Writing metrics: logdir/dreamer/dmc_walker_walk_20251129_211920/metrics.jsonl
Writing metrics: logdir/dreamer/dmc_walker_walk_20251129_211920/scores.jsonl

--------------------[Agent Step 899_296]--------------------
Metrics filtered by: 'score|length|fps|ratio|train/loss/|train/rand/'
train/loss/con 0.02 / train/loss/dyn 3.24 / train/loss/image 2.33 / train/loss/policy -0.05 / train/loss/rep 3.24 / train/loss/repval 0.94 / train/loss/rew 0.63 / train/loss/value 0.9 / replay/replay_ratio 260 / fps/policy 12.76 / fps/train 3267.14

Writing metrics: logdir/dreamer/dmc_walker_walk_20251129_211920/metrics.jsonl
Writing metrics: logdir/dreamer/dmc_walker_walk_20251129_211920/scores.jsonl
Saving checkpoint: logdir/dreamer/dmc_walker_walk_20251129_211920/ckpt/20251202T103214F806885
Saved checkpoint.

--------------------[Agent Step 900_640]--------------------
Metrics filtered by: 'score|length|fps|ratio|train/loss/|train/rand/'
train/loss/con 0.02 / train/loss/dyn 3.17 / train/loss/image 2.26 / train/loss/policy -0.05 / train/loss/rep 3.17 / train/loss/repval 0.94 / train/loss/rew 0.63 / train/loss/value 0.9 / replay/replay_ratio 260 / fps/policy 11.2 / fps/train 2866.14

Writing metrics: logdir/dreamer/dmc_walker_walk_20251129_211920/metrics.jsonl
Writing metrics: logdir/dreamer/dmc_walker_walk_20251129_211920/scores.jsonl

--------------------[Agent Step 902_144]--------------------
Metrics filtered by: 'score|length|fps|ratio|train/loss/|train/rand/'
train/loss/con 0.02 / train/loss/dyn 3.19 / train/loss/image 2.27 / train/loss/policy -0.05 / train/loss/rep 3.19 / train/loss/repval 0.95 / train/loss/rew 0.63 / train/loss/value 0.91 / replay/replay_ratio 260 / fps/policy 12.52 / fps/train 3205.85

Writing metrics: logdir/dreamer/dmc_walker_walk_20251129_211920/metrics.jsonl
Writing metrics: logdir/dreamer/dmc_walker_walk_20251129_211920/scores.jsonl

--------------------[Agent Step 903_680]--------------------
Metrics filtered by: 'score|length|fps|ratio|train/loss/|train/rand/'
train/loss/con 0.02 / train/loss/dyn 3.13 / train/loss/image 2.26 / train/loss/policy -0.05 / train/loss/rep 3.13 / train/loss/repval 0.96 / train/loss/rew 0.63 / train/loss/value 0.92 / replay/replay_ratio 260 / fps/policy 12.76 / fps/train 3267.24

Writing metrics: logdir/dreamer/dmc_walker_walk_20251129_211920/scores.jsonl
Writing metrics: logdir/dreamer/dmc_walker_walk_20251129_211920/metrics.jsonl

--------------------[Agent Step 905_216]--------------------
Metrics filtered by: 'score|length|fps|ratio|train/loss/|train/rand/'
episode/score 973.72 / episode/length 1001 / train/loss/con 0.02 / train/loss/dyn 3.21 / train/loss/image 2.33 / train/loss/policy -7.2e-3 / train/loss/rep 3.21 / train/loss/repval 0.95 / train/loss/rew 0.63 / train/loss/value 0.91 / replay/replay_ratio 260 / fps/policy 12.74 / fps/train 3261.8

Writing metrics: logdir/dreamer/dmc_walker_walk_20251129_211920/scores.jsonl
Writing metrics: logdir/dreamer/dmc_walker_walk_20251129_211920/metrics.jsonl

--------------------[Agent Step 906_752]--------------------
Metrics filtered by: 'score|length|fps|ratio|train/loss/|train/rand/'
train/loss/con 0.02 / train/loss/dyn 3.22 / train/loss/image 2.31 / train/loss/policy -4.6e-3 / train/loss/rep 3.22 / train/loss/repval 0.93 / train/loss/rew 0.63 / train/loss/value 0.9 / replay/replay_ratio 260 / fps/policy 12.78 / fps/train 3270.88

Writing metrics: logdir/dreamer/dmc_walker_walk_20251129_211920/metrics.jsonl
Writing metrics: logdir/dreamer/dmc_walker_walk_20251129_211920/scores.jsonl

--------------------[Agent Step 908_288]--------------------
Metrics filtered by: 'score|length|fps|ratio|train/loss/|train/rand/'
train/loss/con 0.02 / train/loss/dyn 3.16 / train/loss/image 2.26 / train/loss/policy -0.05 / train/loss/rep 3.16 / train/loss/repval 0.93 / train/loss/rew 0.63 / train/loss/value 0.89 / replay/replay_ratio 260 / fps/policy 12.75 / fps/train 3262.94

Writing metrics: logdir/dreamer/dmc_walker_walk_20251129_211920/scores.jsonl
Writing metrics: logdir/dreamer/dmc_walker_walk_20251129_211920/metrics.jsonl

--------------------[Agent Step 909_824]--------------------
Metrics filtered by: 'score|length|fps|ratio|train/loss/|train/rand/'
train/loss/con 0.02 / train/loss/dyn 3.17 / train/loss/image 2.24 / train/loss/policy -0.06 / train/loss/rep 3.17 / train/loss/repval 0.95 / train/loss/rew 0.63 / train/loss/value 0.91 / replay/replay_ratio 260 / fps/policy 12.77 / fps/train 3269.85

Writing metrics: logdir/dreamer/dmc_walker_walk_20251129_211920/metrics.jsonl
Writing metrics: logdir/dreamer/dmc_walker_walk_20251129_211920/scores.jsonl
Saving checkpoint: logdir/dreamer/dmc_walker_walk_20251129_211920/ckpt/20251202T104715F651834
Saved checkpoint.

--------------------[Agent Step 911_312]--------------------
Metrics filtered by: 'score|length|fps|ratio|train/loss/|train/rand/'
train/loss/con 0.02 / train/loss/dyn 3.11 / train/loss/image 2.27 / train/loss/policy -0.05 / train/loss/rep 3.11 / train/loss/repval 0.95 / train/loss/rew 0.63 / train/loss/value 0.92 / replay/replay_ratio 260 / fps/policy 10.98 / fps/train 2811.16

Writing metrics: logdir/dreamer/dmc_walker_walk_20251129_211920/scores.jsonl
Writing metrics: logdir/dreamer/dmc_walker_walk_20251129_211920/metrics.jsonl

--------------------[Agent Step 912_848]--------------------
Metrics filtered by: 'score|length|fps|ratio|train/loss/|train/rand/'
train/loss/con 0.02 / train/loss/dyn 3.16 / train/loss/image 2.24 / train/loss/policy -0.04 / train/loss/rep 3.16 / train/loss/repval 0.96 / train/loss/rew 0.63 / train/loss/value 0.92 / replay/replay_ratio 260 / fps/policy 12.7 / fps/train 3250.94

Writing metrics: logdir/dreamer/dmc_walker_walk_20251129_211920/metrics.jsonl
Writing metrics: logdir/dreamer/dmc_walker_walk_20251129_211920/scores.jsonl

--------------------[Agent Step 914_368]--------------------
Metrics filtered by: 'score|length|fps|ratio|train/loss/|train/rand/'
train/loss/con 0.02 / train/loss/dyn 3.12 / train/loss/image 2.26 / train/loss/policy -0.02 / train/loss/rep 3.12 / train/loss/repval 0.96 / train/loss/rew 0.63 / train/loss/value 0.92 / replay/replay_ratio 260 / fps/policy 12.53 / fps/train 3208.6

Writing metrics: logdir/dreamer/dmc_walker_walk_20251129_211920/metrics.jsonl
Writing metrics: logdir/dreamer/dmc_walker_walk_20251129_211920/scores.jsonl

--------------------[Agent Step 915_904]--------------------
Metrics filtered by: 'score|length|fps|ratio|train/loss/|train/rand/'
train/loss/con 0.02 / train/loss/dyn 3.16 / train/loss/image 2.26 / train/loss/policy -1.1e-3 / train/loss/rep 3.16 / train/loss/repval 0.94 / train/loss/rew 0.63 / train/loss/value 0.9 / replay/replay_ratio 260 / fps/policy 12.77 / fps/train 3268.73

Writing metrics: logdir/dreamer/dmc_walker_walk_20251129_211920/metrics.jsonl
Writing metrics: logdir/dreamer/dmc_walker_walk_20251129_211920/scores.jsonl

--------------------[Agent Step 917_440]--------------------
Metrics filtered by: 'score|length|fps|ratio|train/loss/|train/rand/'
train/loss/con 0.02 / train/loss/dyn 3.12 / train/loss/image 2.25 / train/loss/policy -0.02 / train/loss/rep 3.12 / train/loss/repval 0.94 / train/loss/rew 0.63 / train/loss/value 0.9 / replay/replay_ratio 260 / fps/policy 12.79 / fps/train 3275.11

Writing metrics: logdir/dreamer/dmc_walker_walk_20251129_211920/metrics.jsonl
Writing metrics: logdir/dreamer/dmc_walker_walk_20251129_211920/scores.jsonl

--------------------[Agent Step 918_976]--------------------
Metrics filtered by: 'score|length|fps|ratio|train/loss/|train/rand/'
train/loss/con 0.02 / train/loss/dyn 3.17 / train/loss/image 2.28 / train/loss/policy -0.03 / train/loss/rep 3.17 / train/loss/repval 0.94 / train/loss/rew 0.63 / train/loss/value 0.9 / replay/replay_ratio 260 / fps/policy 12.77 / fps/train 3268.87

Writing metrics: logdir/dreamer/dmc_walker_walk_20251129_211920/metrics.jsonl
Writing metrics: logdir/dreamer/dmc_walker_walk_20251129_211920/scores.jsonl

--------------------[Agent Step 920_512]--------------------
Metrics filtered by: 'score|length|fps|ratio|train/loss/|train/rand/'
train/loss/con 0.02 / train/loss/dyn 3.09 / train/loss/image 2.25 / train/loss/policy -0.02 / train/loss/rep 3.09 / train/loss/repval 0.94 / train/loss/rew 0.63 / train/loss/value 0.9 / replay/replay_ratio 260 / fps/policy 12.78 / fps/train 3272.51

Writing metrics: logdir/dreamer/dmc_walker_walk_20251129_211920/metrics.jsonl
Writing metrics: logdir/dreamer/dmc_walker_walk_20251129_211920/scores.jsonl

--------------------[Agent Step 922_048]--------------------
Metrics filtered by: 'score|length|fps|ratio|train/loss/|train/rand/'
episode/score 966.71 / episode/length 1001 / train/loss/con 0.02 / train/loss/dyn 3.23 / train/loss/image 2.34 / train/loss/policy 0.01 / train/loss/rep 3.23 / train/loss/repval 0.92 / train/loss/rew 0.63 / train/loss/value 0.88 / replay/replay_ratio 260 / fps/policy 12.75 / fps/train 3264.86

Writing metrics: logdir/dreamer/dmc_walker_walk_20251129_211920/metrics.jsonl
Writing metrics: logdir/dreamer/dmc_walker_walk_20251129_211920/scores.jsonl
Saving checkpoint: logdir/dreamer/dmc_walker_walk_20251129_211920/ckpt/20251202T110216F878639
Saved checkpoint.

--------------------[Agent Step 923_360]--------------------
Metrics filtered by: 'score|length|fps|ratio|train/loss/|train/rand/'
train/loss/con 0.02 / train/loss/dyn 3.17 / train/loss/image 2.32 / train/loss/policy -7.9e-3 / train/loss/rep 3.17 / train/loss/repval 0.91 / train/loss/rew 0.63 / train/loss/value 0.87 / replay/replay_ratio 260 / fps/policy 10.84 / fps/train 2774.41

Writing metrics: logdir/dreamer/dmc_walker_walk_20251129_211920/metrics.jsonl
Writing metrics: logdir/dreamer/dmc_walker_walk_20251129_211920/scores.jsonl

--------------------[Agent Step 924_880]--------------------
Metrics filtered by: 'score|length|fps|ratio|train/loss/|train/rand/'
train/loss/con 0.02 / train/loss/dyn 3.04 / train/loss/image 2.23 / train/loss/policy -0.05 / train/loss/rep 3.04 / train/loss/repval 0.91 / train/loss/rew 0.63 / train/loss/value 0.87 / replay/replay_ratio 260 / fps/policy 12.62 / fps/train 3231.67

Writing metrics: logdir/dreamer/dmc_walker_walk_20251129_211920/metrics.jsonl
Writing metrics: logdir/dreamer/dmc_walker_walk_20251129_211920/scores.jsonl

--------------------[Agent Step 926_416]--------------------
Metrics filtered by: 'score|length|fps|ratio|train/loss/|train/rand/'
train/loss/con 0.02 / train/loss/dyn 3.08 / train/loss/image 2.25 / train/loss/policy -0.04 / train/loss/rep 3.08 / train/loss/repval 0.92 / train/loss/rew 0.63 / train/loss/value 0.88 / replay/replay_ratio 260 / fps/policy 12.75 / fps/train 3262.81

Writing metrics: logdir/dreamer/dmc_walker_walk_20251129_211920/metrics.jsonl
Writing metrics: logdir/dreamer/dmc_walker_walk_20251129_211920/scores.jsonl

--------------------[Agent Step 927_968]--------------------
Metrics filtered by: 'score|length|fps|ratio|train/loss/|train/rand/'
train/loss/con 0.02 / train/loss/dyn 3.07 / train/loss/image 2.24 / train/loss/policy -0.04 / train/loss/rep 3.07 / train/loss/repval 0.93 / train/loss/rew 0.63 / train/loss/value 0.89 / replay/replay_ratio 260 / fps/policy 12.82 / fps/train 3281.12

Writing metrics: logdir/dreamer/dmc_walker_walk_20251129_211920/metrics.jsonl
Writing metrics: logdir/dreamer/dmc_walker_walk_20251129_211920/scores.jsonl

--------------------[Agent Step 929_520]--------------------
Metrics filtered by: 'score|length|fps|ratio|train/loss/|train/rand/'
train/loss/con 0.02 / train/loss/dyn 3.12 / train/loss/image 2.22 / train/loss/policy -0.03 / train/loss/rep 3.12 / train/loss/repval 0.93 / train/loss/rew 0.63 / train/loss/value 0.89 / replay/replay_ratio 260 / fps/policy 12.81 / fps/train 3280.62

Writing metrics: logdir/dreamer/dmc_walker_walk_20251129_211920/metrics.jsonl
Writing metrics: logdir/dreamer/dmc_walker_walk_20251129_211920/scores.jsonl

--------------------[Agent Step 931_056]--------------------
Metrics filtered by: 'score|length|fps|ratio|train/loss/|train/rand/'
train/loss/con 0.02 / train/loss/dyn 3.11 / train/loss/image 2.26 / train/loss/policy -0.04 / train/loss/rep 3.11 / train/loss/repval 0.93 / train/loss/rew 0.63 / train/loss/value 0.9 / replay/replay_ratio 260 / fps/policy 12.79 / fps/train 3274.52

Writing metrics: logdir/dreamer/dmc_walker_walk_20251129_211920/metrics.jsonl
Writing metrics: logdir/dreamer/dmc_walker_walk_20251129_211920/scores.jsonl

--------------------[Agent Step 932_592]--------------------
Metrics filtered by: 'score|length|fps|ratio|train/loss/|train/rand/'
train/loss/con 0.02 / train/loss/dyn 3.13 / train/loss/image 2.28 / train/loss/policy -0.04 / train/loss/rep 3.13 / train/loss/repval 0.94 / train/loss/rew 0.63 / train/loss/value 0.9 / replay/replay_ratio 260 / fps/policy 12.79 / fps/train 3274.41

Writing metrics: logdir/dreamer/dmc_walker_walk_20251129_211920/metrics.jsonl
Writing metrics: logdir/dreamer/dmc_walker_walk_20251129_211920/scores.jsonl
Saving checkpoint: logdir/dreamer/dmc_walker_walk_20251129_211920/ckpt/20251202T111717F680522
Saved checkpoint.

--------------------[Agent Step 933_888]--------------------
Metrics filtered by: 'score|length|fps|ratio|train/loss/|train/rand/'
train/loss/con 0.02 / train/loss/dyn 3.17 / train/loss/image 2.24 / train/loss/policy -0.03 / train/loss/rep 3.17 / train/loss/repval 0.94 / train/loss/rew 0.63 / train/loss/value 0.9 / replay/replay_ratio 260 / fps/policy 10.8 / fps/train 2764.39

Writing metrics: logdir/dreamer/dmc_walker_walk_20251129_211920/metrics.jsonl
Writing metrics: logdir/dreamer/dmc_walker_walk_20251129_211920/scores.jsonl

--------------------[Agent Step 935_424]--------------------
Metrics filtered by: 'score|length|fps|ratio|train/loss/|train/rand/'
train/loss/con 0.02 / train/loss/dyn 3.08 / train/loss/image 2.21 / train/loss/policy -0.01 / train/loss/rep 3.08 / train/loss/repval 0.93 / train/loss/rew 0.63 / train/loss/value 0.9 / replay/replay_ratio 260 / fps/policy 12.69 / fps/train 3249.09

Writing metrics: logdir/dreamer/dmc_walker_walk_20251129_211920/metrics.jsonl
Writing metrics: logdir/dreamer/dmc_walker_walk_20251129_211920/scores.jsonl

--------------------[Agent Step 936_960]--------------------
Metrics filtered by: 'score|length|fps|ratio|train/loss/|train/rand/'
episode/score 970.55 / episode/length 1001 / train/loss/con 0.02 / train/loss/dyn 3.12 / train/loss/image 2.26 / train/loss/policy -0.03 / train/loss/rep 3.12 / train/loss/repval 0.94 / train/loss/rew 0.63 / train/loss/value 0.9 / replay/replay_ratio 260 / fps/policy 12.77 / fps/train 3267.96

Writing metrics: logdir/dreamer/dmc_walker_walk_20251129_211920/metrics.jsonl
Writing metrics: logdir/dreamer/dmc_walker_walk_20251129_211920/scores.jsonl

--------------------[Agent Step 938_496]--------------------
Metrics filtered by: 'score|length|fps|ratio|train/loss/|train/rand/'
train/loss/con 0.02 / train/loss/dyn 3.29 / train/loss/image 2.36 / train/loss/policy -0.05 / train/loss/rep 3.29 / train/loss/repval 0.95 / train/loss/rew 0.63 / train/loss/value 0.91 / replay/replay_ratio 260 / fps/policy 12.78 / fps/train 3271.19

Writing metrics: logdir/dreamer/dmc_walker_walk_20251129_211920/scores.jsonl
Writing metrics: logdir/dreamer/dmc_walker_walk_20251129_211920/metrics.jsonl

--------------------[Agent Step 940_032]--------------------
Metrics filtered by: 'score|length|fps|ratio|train/loss/|train/rand/'
train/loss/con 0.02 / train/loss/dyn 3.16 / train/loss/image 2.25 / train/loss/policy -0.01 / train/loss/rep 3.16 / train/loss/repval 0.94 / train/loss/rew 0.63 / train/loss/value 0.91 / replay/replay_ratio 260 / fps/policy 12.77 / fps/train 3270.36

Writing metrics: logdir/dreamer/dmc_walker_walk_20251129_211920/metrics.jsonl
Writing metrics: logdir/dreamer/dmc_walker_walk_20251129_211920/scores.jsonl

--------------------[Agent Step 941_568]--------------------
Metrics filtered by: 'score|length|fps|ratio|train/loss/|train/rand/'
train/loss/con 0.02 / train/loss/dyn 3.1 / train/loss/image 2.22 / train/loss/policy 8.7e-3 / train/loss/rep 3.1 / train/loss/repval 0.92 / train/loss/rew 0.63 / train/loss/value 0.88 / replay/replay_ratio 260 / fps/policy 12.77 / fps/train 3268.85

Writing metrics: logdir/dreamer/dmc_walker_walk_20251129_211920/metrics.jsonl
Writing metrics: logdir/dreamer/dmc_walker_walk_20251129_211920/scores.jsonl

--------------------[Agent Step 943_104]--------------------
Metrics filtered by: 'score|length|fps|ratio|train/loss/|train/rand/'
train/loss/con 0.02 / train/loss/dyn 3.16 / train/loss/image 2.24 / train/loss/policy -0.02 / train/loss/rep 3.16 / train/loss/repval 0.91 / train/loss/rew 0.63 / train/loss/value 0.88 / replay/replay_ratio 260 / fps/policy 12.78 / fps/train 3271.32

Writing metrics: logdir/dreamer/dmc_walker_walk_20251129_211920/metrics.jsonl
Writing metrics: logdir/dreamer/dmc_walker_walk_20251129_211920/scores.jsonl

--------------------[Agent Step 944_640]--------------------
Metrics filtered by: 'score|length|fps|ratio|train/loss/|train/rand/'
train/loss/con 0.02 / train/loss/dyn 3.13 / train/loss/image 2.21 / train/loss/policy -0.06 / train/loss/rep 3.13 / train/loss/repval 0.92 / train/loss/rew 0.63 / train/loss/value 0.88 / replay/replay_ratio 260 / fps/policy 12.78 / fps/train 3271.82

Writing metrics: logdir/dreamer/dmc_walker_walk_20251129_211920/metrics.jsonl
Writing metrics: logdir/dreamer/dmc_walker_walk_20251129_211920/scores.jsonl
Saving checkpoint: logdir/dreamer/dmc_walker_walk_20251129_211920/ckpt/20251202T113218F849577
Saved checkpoint.

--------------------[Agent Step 945_952]--------------------
Metrics filtered by: 'score|length|fps|ratio|train/loss/|train/rand/'
train/loss/con 0.02 / train/loss/dyn 3.19 / train/loss/image 2.23 / train/loss/policy -0.06 / train/loss/rep 3.19 / train/loss/repval 0.94 / train/loss/rew 0.63 / train/loss/value 0.9 / replay/replay_ratio 260 / fps/policy 10.84 / fps/train 2775.48

Writing metrics: logdir/dreamer/dmc_walker_walk_20251129_211920/metrics.jsonl
Writing metrics: logdir/dreamer/dmc_walker_walk_20251129_211920/scores.jsonl

--------------------[Agent Step 947_472]--------------------
Metrics filtered by: 'score|length|fps|ratio|train/loss/|train/rand/'
train/loss/con 0.02 / train/loss/dyn 3.15 / train/loss/image 2.21 / train/loss/policy -0.05 / train/loss/rep 3.15 / train/loss/repval 0.95 / train/loss/rew 0.63 / train/loss/value 0.91 / replay/replay_ratio 260 / fps/policy 12.55 / fps/train 3212.42

Writing metrics: logdir/dreamer/dmc_walker_walk_20251129_211920/metrics.jsonl
Writing metrics: logdir/dreamer/dmc_walker_walk_20251129_211920/scores.jsonl

--------------------[Agent Step 948_992]--------------------
Metrics filtered by: 'score|length|fps|ratio|train/loss/|train/rand/'
train/loss/con 0.02 / train/loss/dyn 3.25 / train/loss/image 2.23 / train/loss/policy -0.06 / train/loss/rep 3.25 / train/loss/repval 0.95 / train/loss/rew 0.63 / train/loss/value 0.92 / replay/replay_ratio 260 / fps/policy 12.62 / fps/train 3231.36

Writing metrics: logdir/dreamer/dmc_walker_walk_20251129_211920/metrics.jsonl
Writing metrics: logdir/dreamer/dmc_walker_walk_20251129_211920/scores.jsonl

--------------------[Agent Step 950_528]--------------------
Metrics filtered by: 'score|length|fps|ratio|train/loss/|train/rand/'
train/loss/con 0.02 / train/loss/dyn 3.13 / train/loss/image 2.23 / train/loss/policy -0.05 / train/loss/rep 3.13 / train/loss/repval 0.96 / train/loss/rew 0.63 / train/loss/value 0.93 / replay/replay_ratio 260 / fps/policy 12.79 / fps/train 3274.3

Writing metrics: logdir/dreamer/dmc_walker_walk_20251129_211920/metrics.jsonl
Writing metrics: logdir/dreamer/dmc_walker_walk_20251129_211920/scores.jsonl

--------------------[Agent Step 952_064]--------------------
Metrics filtered by: 'score|length|fps|ratio|train/loss/|train/rand/'
train/loss/con 0.02 / train/loss/dyn 3.15 / train/loss/image 2.2 / train/loss/policy -0.05 / train/loss/rep 3.15 / train/loss/repval 0.97 / train/loss/rew 0.63 / train/loss/value 0.93 / replay/replay_ratio 260 / fps/policy 12.78 / fps/train 3272.39

Writing metrics: logdir/dreamer/dmc_walker_walk_20251129_211920/metrics.jsonl
Writing metrics: logdir/dreamer/dmc_walker_walk_20251129_211920/scores.jsonl

--------------------[Agent Step 953_600]--------------------
Metrics filtered by: 'score|length|fps|ratio|train/loss/|train/rand/'
episode/score 936.38 / episode/length 1001 / train/loss/con 0.02 / train/loss/dyn 3.21 / train/loss/image 2.29 / train/loss/policy 4.3e-3 / train/loss/rep 3.21 / train/loss/repval 0.96 / train/loss/rew 0.63 / train/loss/value 0.92 / replay/replay_ratio 260 / fps/policy 12.73 / fps/train 3259.9

Writing metrics: logdir/dreamer/dmc_walker_walk_20251129_211920/metrics.jsonl
Writing metrics: logdir/dreamer/dmc_walker_walk_20251129_211920/scores.jsonl

--------------------[Agent Step 955_136]--------------------
Metrics filtered by: 'score|length|fps|ratio|train/loss/|train/rand/'
train/loss/con 0.02 / train/loss/dyn 3.21 / train/loss/image 2.26 / train/loss/policy -0.02 / train/loss/rep 3.21 / train/loss/repval 0.94 / train/loss/rew 0.63 / train/loss/value 0.91 / replay/replay_ratio 260 / fps/policy 12.79 / fps/train 3274.46

Writing metrics: logdir/dreamer/dmc_walker_walk_20251129_211920/metrics.jsonl
Writing metrics: logdir/dreamer/dmc_walker_walk_20251129_211920/scores.jsonl
Saving checkpoint: logdir/dreamer/dmc_walker_walk_20251129_211920/ckpt/20251202T114719F869991
Saved checkpoint.

--------------------[Agent Step 956_432]--------------------
Metrics filtered by: 'score|length|fps|ratio|train/loss/|train/rand/'
train/loss/con 0.02 / train/loss/dyn 3.16 / train/loss/image 2.22 / train/loss/policy -2.2e-3 / train/loss/rep 3.16 / train/loss/repval 0.93 / train/loss/rew 0.63 / train/loss/value 0.9 / replay/replay_ratio 260 / fps/policy 10.75 / fps/train 2752.56

Writing metrics: logdir/dreamer/dmc_walker_walk_20251129_211920/metrics.jsonl
Writing metrics: logdir/dreamer/dmc_walker_walk_20251129_211920/scores.jsonl

--------------------[Agent Step 957_920]--------------------
Metrics filtered by: 'score|length|fps|ratio|train/loss/|train/rand/'
train/loss/con 0.02 / train/loss/dyn 3.17 / train/loss/image 2.23 / train/loss/policy -0.03 / train/loss/rep 3.17 / train/loss/repval 0.93 / train/loss/rew 0.63 / train/loss/value 0.89 / replay/replay_ratio 260 / fps/policy 12.33 / fps/train 3155.3

Writing metrics: logdir/dreamer/dmc_walker_walk_20251129_211920/metrics.jsonl
Writing metrics: logdir/dreamer/dmc_walker_walk_20251129_211920/scores.jsonl

--------------------[Agent Step 959_456]--------------------
Metrics filtered by: 'score|length|fps|ratio|train/loss/|train/rand/'
train/loss/con 0.02 / train/loss/dyn 3.23 / train/loss/image 2.26 / train/loss/policy -0.04 / train/loss/rep 3.23 / train/loss/repval 0.93 / train/loss/rew 0.63 / train/loss/value 0.89 / replay/replay_ratio 260 / fps/policy 12.79 / fps/train 3273.14

Writing metrics: logdir/dreamer/dmc_walker_walk_20251129_211920/metrics.jsonl
Writing metrics: logdir/dreamer/dmc_walker_walk_20251129_211920/scores.jsonl

--------------------[Agent Step 960_992]--------------------
Metrics filtered by: 'score|length|fps|ratio|train/loss/|train/rand/'
train/loss/con 0.02 / train/loss/dyn 3.11 / train/loss/image 2.2 / train/loss/policy -0.04 / train/loss/rep 3.11 / train/loss/repval 0.93 / train/loss/rew 0.63 / train/loss/value 0.9 / replay/replay_ratio 260 / fps/policy 12.76 / fps/train 3266.51

Writing metrics: logdir/dreamer/dmc_walker_walk_20251129_211920/metrics.jsonl
Writing metrics: logdir/dreamer/dmc_walker_walk_20251129_211920/scores.jsonl

--------------------[Agent Step 962_528]--------------------
Metrics filtered by: 'score|length|fps|ratio|train/loss/|train/rand/'
train/loss/con 0.02 / train/loss/dyn 3.16 / train/loss/image 2.21 / train/loss/policy -0.04 / train/loss/rep 3.16 / train/loss/repval 0.93 / train/loss/rew 0.63 / train/loss/value 0.89 / replay/replay_ratio 260 / fps/policy 12.79 / fps/train 3274.03

Writing metrics: logdir/dreamer/dmc_walker_walk_20251129_211920/metrics.jsonl
Writing metrics: logdir/dreamer/dmc_walker_walk_20251129_211920/scores.jsonl

--------------------[Agent Step 964_064]--------------------
Metrics filtered by: 'score|length|fps|ratio|train/loss/|train/rand/'
train/loss/con 0.02 / train/loss/dyn 3.17 / train/loss/image 2.2 / train/loss/policy -0.04 / train/loss/rep 3.17 / train/loss/repval 0.94 / train/loss/rew 0.63 / train/loss/value 0.9 / replay/replay_ratio 260 / fps/policy 12.76 / fps/train 3267.21

Writing metrics: logdir/dreamer/dmc_walker_walk_20251129_211920/metrics.jsonl
Writing metrics: logdir/dreamer/dmc_walker_walk_20251129_211920/scores.jsonl

--------------------[Agent Step 965_600]--------------------
Metrics filtered by: 'score|length|fps|ratio|train/loss/|train/rand/'
train/loss/con 0.02 / train/loss/dyn 3.15 / train/loss/image 2.2 / train/loss/policy -0.03 / train/loss/rep 3.15 / train/loss/repval 0.94 / train/loss/rew 0.63 / train/loss/value 0.9 / replay/replay_ratio 260 / fps/policy 12.79 / fps/train 3273.21

Writing metrics: logdir/dreamer/dmc_walker_walk_20251129_211920/metrics.jsonl
Writing metrics: logdir/dreamer/dmc_walker_walk_20251129_211920/scores.jsonl

--------------------[Agent Step 967_136]--------------------
Metrics filtered by: 'score|length|fps|ratio|train/loss/|train/rand/'
train/loss/con 0.02 / train/loss/dyn 3.12 / train/loss/image 2.18 / train/loss/policy -0.04 / train/loss/rep 3.12 / train/loss/repval 0.94 / train/loss/rew 0.63 / train/loss/value 0.9 / replay/replay_ratio 260 / fps/policy 12.79 / fps/train 3273.96

Writing metrics: logdir/dreamer/dmc_walker_walk_20251129_211920/metrics.jsonl
Writing metrics: logdir/dreamer/dmc_walker_walk_20251129_211920/scores.jsonl
Saving checkpoint: logdir/dreamer/dmc_walker_walk_20251129_211920/ckpt/20251202T120221F042789
Saved checkpoint.

--------------------[Agent Step 968_432]--------------------
Metrics filtered by: 'score|length|fps|ratio|train/loss/|train/rand/'
train/loss/con 0.02 / train/loss/dyn 3.11 / train/loss/image 2.22 / train/loss/policy -6.6e-4 / train/loss/rep 3.11 / train/loss/repval 0.93 / train/loss/rew 0.63 / train/loss/value 0.9 / replay/replay_ratio 260 / fps/policy 10.74 / fps/train 2748.85

Writing metrics: logdir/dreamer/dmc_walker_walk_20251129_211920/metrics.jsonl
Writing metrics: logdir/dreamer/dmc_walker_walk_20251129_211920/scores.jsonl

--------------------[Agent Step 969_952]--------------------
Metrics filtered by: 'score|length|fps|ratio|train/loss/|train/rand/'
episode/score 993.9 / episode/length 1001 / train/loss/con 0.02 / train/loss/dyn 3.31 / train/loss/image 2.3 / train/loss/policy -0.01 / train/loss/rep 3.31 / train/loss/repval 0.92 / train/loss/rew 0.63 / train/loss/value 0.88 / replay/replay_ratio 260 / fps/policy 12.65 / fps/train 3238.4

Writing metrics: logdir/dreamer/dmc_walker_walk_20251129_211920/metrics.jsonl
Writing metrics: logdir/dreamer/dmc_walker_walk_20251129_211920/scores.jsonl

--------------------[Agent Step 971_472]--------------------
Metrics filtered by: 'score|length|fps|ratio|train/loss/|train/rand/'
train/loss/con 0.02 / train/loss/dyn 3.13 / train/loss/image 2.23 / train/loss/policy -0.05 / train/loss/rep 3.13 / train/loss/repval 0.92 / train/loss/rew 0.63 / train/loss/value 0.89 / replay/replay_ratio 260 / fps/policy 12.54 / fps/train 3211.01

Writing metrics: logdir/dreamer/dmc_walker_walk_20251129_211920/metrics.jsonl
Writing metrics: logdir/dreamer/dmc_walker_walk_20251129_211920/scores.jsonl

--------------------[Agent Step 973_008]--------------------
Metrics filtered by: 'score|length|fps|ratio|train/loss/|train/rand/'
train/loss/con 0.02 / train/loss/dyn 3.17 / train/loss/image 2.21 / train/loss/policy -0.04 / train/loss/rep 3.17 / train/loss/repval 0.93 / train/loss/rew 0.63 / train/loss/value 0.89 / replay/replay_ratio 260 / fps/policy 12.79 / fps/train 3274.18

Writing metrics: logdir/dreamer/dmc_walker_walk_20251129_211920/scores.jsonl
Writing metrics: logdir/dreamer/dmc_walker_walk_20251129_211920/metrics.jsonl

--------------------[Agent Step 974_544]--------------------
Metrics filtered by: 'score|length|fps|ratio|train/loss/|train/rand/'
train/loss/con 0.02 / train/loss/dyn 3.12 / train/loss/image 2.18 / train/loss/policy -0.04 / train/loss/rep 3.12 / train/loss/repval 0.93 / train/loss/rew 0.63 / train/loss/value 0.89 / replay/replay_ratio 260 / fps/policy 12.79 / fps/train 3273.45

Writing metrics: logdir/dreamer/dmc_walker_walk_20251129_211920/metrics.jsonl
Writing metrics: logdir/dreamer/dmc_walker_walk_20251129_211920/scores.jsonl

--------------------[Agent Step 976_080]--------------------
Metrics filtered by: 'score|length|fps|ratio|train/loss/|train/rand/'
train/loss/con 0.02 / train/loss/dyn 3.18 / train/loss/image 2.21 / train/loss/policy -0.05 / train/loss/rep 3.18 / train/loss/repval 0.94 / train/loss/rew 0.63 / train/loss/value 0.9 / replay/replay_ratio 260 / fps/policy 12.79 / fps/train 3273.25

Writing metrics: logdir/dreamer/dmc_walker_walk_20251129_211920/metrics.jsonl
Writing metrics: logdir/dreamer/dmc_walker_walk_20251129_211920/scores.jsonl

--------------------[Agent Step 977_616]--------------------
Metrics filtered by: 'score|length|fps|ratio|train/loss/|train/rand/'
train/loss/con 0.02 / train/loss/dyn 3.13 / train/loss/image 2.2 / train/loss/policy -0.05 / train/loss/rep 3.13 / train/loss/repval 0.95 / train/loss/rew 0.63 / train/loss/value 0.91 / replay/replay_ratio 260 / fps/policy 12.79 / fps/train 3275.02

Writing metrics: logdir/dreamer/dmc_walker_walk_20251129_211920/metrics.jsonl
Writing metrics: logdir/dreamer/dmc_walker_walk_20251129_211920/scores.jsonl
Saving checkpoint: logdir/dreamer/dmc_walker_walk_20251129_211920/ckpt/20251202T121722F222395
Saved checkpoint.

--------------------[Agent Step 978_928]--------------------
Metrics filtered by: 'score|length|fps|ratio|train/loss/|train/rand/'
train/loss/con 0.02 / train/loss/dyn 3.11 / train/loss/image 2.18 / train/loss/policy -0.02 / train/loss/rep 3.11 / train/loss/repval 0.94 / train/loss/rew 0.63 / train/loss/value 0.91 / replay/replay_ratio 260 / fps/policy 10.85 / fps/train 2777.88

Writing metrics: logdir/dreamer/dmc_walker_walk_20251129_211920/metrics.jsonl
Writing metrics: logdir/dreamer/dmc_walker_walk_20251129_211920/scores.jsonl

--------------------[Agent Step 980_384]--------------------
Metrics filtered by: 'score|length|fps|ratio|train/loss/|train/rand/'
train/loss/con 0.02 / train/loss/dyn 3.18 / train/loss/image 2.21 / train/loss/policy -0.02 / train/loss/rep 3.18 / train/loss/repval 0.94 / train/loss/rew 0.63 / train/loss/value 0.9 / replay/replay_ratio 260 / fps/policy 11.7 / fps/train 2994.98

Writing metrics: logdir/dreamer/dmc_walker_walk_20251129_211920/metrics.jsonl
Writing metrics: logdir/dreamer/dmc_walker_walk_20251129_211920/scores.jsonl

--------------------[Agent Step 981_856]--------------------
Metrics filtered by: 'score|length|fps|ratio|train/loss/|train/rand/'
train/loss/con 0.02 / train/loss/dyn 3.21 / train/loss/image 2.2 / train/loss/policy -8.2e-3 / train/loss/rep 3.21 / train/loss/repval 0.93 / train/loss/rew 0.63 / train/loss/value 0.89 / replay/replay_ratio 260 / fps/policy 12.26 / fps/train 3138.11

Writing metrics: logdir/dreamer/dmc_walker_walk_20251129_211920/metrics.jsonl
Writing metrics: logdir/dreamer/dmc_walker_walk_20251129_211920/scores.jsonl

--------------------[Agent Step 983_376]--------------------
Metrics filtered by: 'score|length|fps|ratio|train/loss/|train/rand/'
train/loss/con 0.02 / train/loss/dyn 3.13 / train/loss/image 2.2 / train/loss/policy -0.04 / train/loss/rep 3.13 / train/loss/repval 0.93 / train/loss/rew 0.63 / train/loss/value 0.89 / replay/replay_ratio 260 / fps/policy 12.65 / fps/train 3238.58

Writing metrics: logdir/dreamer/dmc_walker_walk_20251129_211920/metrics.jsonl
Writing metrics: logdir/dreamer/dmc_walker_walk_20251129_211920/scores.jsonl

--------------------[Agent Step 984_912]--------------------
Metrics filtered by: 'score|length|fps|ratio|train/loss/|train/rand/'
episode/score 963.54 / episode/length 1001 / train/loss/con 0.02 / train/loss/dyn 3.15 / train/loss/image 2.18 / train/loss/policy -0.04 / train/loss/rep 3.15 / train/loss/repval 0.93 / train/loss/rew 0.63 / train/loss/value 0.89 / replay/replay_ratio 260 / fps/policy 12.76 / fps/train 3267.11

Writing metrics: logdir/dreamer/dmc_walker_walk_20251129_211920/metrics.jsonl
Writing metrics: logdir/dreamer/dmc_walker_walk_20251129_211920/scores.jsonl

--------------------[Agent Step 986_448]--------------------
Metrics filtered by: 'score|length|fps|ratio|train/loss/|train/rand/'
train/loss/con 0.02 / train/loss/dyn 3.35 / train/loss/image 2.3 / train/loss/policy -0.02 / train/loss/rep 3.35 / train/loss/repval 0.93 / train/loss/rew 0.63 / train/loss/value 0.9 / replay/replay_ratio 260 / fps/policy 12.76 / fps/train 3266.78

Writing metrics: logdir/dreamer/dmc_walker_walk_20251129_211920/metrics.jsonl
Writing metrics: logdir/dreamer/dmc_walker_walk_20251129_211920/scores.jsonl

--------------------[Agent Step 987_984]--------------------
Metrics filtered by: 'score|length|fps|ratio|train/loss/|train/rand/'
train/loss/con 0.02 / train/loss/dyn 3.16 / train/loss/image 2.22 / train/loss/policy -0.03 / train/loss/rep 3.16 / train/loss/repval 0.92 / train/loss/rew 0.63 / train/loss/value 0.89 / replay/replay_ratio 260 / fps/policy 12.78 / fps/train 3271.63

Writing metrics: logdir/dreamer/dmc_walker_walk_20251129_211920/metrics.jsonl
Writing metrics: logdir/dreamer/dmc_walker_walk_20251129_211920/scores.jsonl

--------------------[Agent Step 989_520]--------------------
Metrics filtered by: 'score|length|fps|ratio|train/loss/|train/rand/'
train/loss/con 0.02 / train/loss/dyn 3.15 / train/loss/image 2.2 / train/loss/policy -0.02 / train/loss/rep 3.15 / train/loss/repval 0.92 / train/loss/rew 0.63 / train/loss/value 0.88 / replay/replay_ratio 260 / fps/policy 12.78 / fps/train 3271.38

Writing metrics: logdir/dreamer/dmc_walker_walk_20251129_211920/metrics.jsonl
Writing metrics: logdir/dreamer/dmc_walker_walk_20251129_211920/scores.jsonl
Saving checkpoint: logdir/dreamer/dmc_walker_walk_20251129_211920/ckpt/20251202T123222F662635
Saved checkpoint.

--------------------[Agent Step 990_816]--------------------
Metrics filtered by: 'score|length|fps|ratio|train/loss/|train/rand/'
train/loss/con 0.02 / train/loss/dyn 3.19 / train/loss/image 2.18 / train/loss/policy -2.6e-3 / train/loss/rep 3.19 / train/loss/repval 0.91 / train/loss/rew 0.63 / train/loss/value 0.87 / replay/replay_ratio 260 / fps/policy 10.72 / fps/train 2743.56

Writing metrics: logdir/dreamer/dmc_walker_walk_20251129_211920/metrics.jsonl
Writing metrics: logdir/dreamer/dmc_walker_walk_20251129_211920/scores.jsonl

--------------------[Agent Step 992_336]--------------------
Metrics filtered by: 'score|length|fps|ratio|train/loss/|train/rand/'
train/loss/con 0.02 / train/loss/dyn 3.2 / train/loss/image 2.19 / train/loss/policy -0.01 / train/loss/rep 3.2 / train/loss/repval 0.9 / train/loss/rew 0.63 / train/loss/value 0.86 / replay/replay_ratio 260 / fps/policy 12.6 / fps/train 3224.9

Writing metrics: logdir/dreamer/dmc_walker_walk_20251129_211920/metrics.jsonl
Writing metrics: logdir/dreamer/dmc_walker_walk_20251129_211920/scores.jsonl

--------------------[Agent Step 993_840]--------------------
Metrics filtered by: 'score|length|fps|ratio|train/loss/|train/rand/'
train/loss/con 0.02 / train/loss/dyn 3.3 / train/loss/image 2.22 / train/loss/policy -0.05 / train/loss/rep 3.3 / train/loss/repval 0.9 / train/loss/rew 0.63 / train/loss/value 0.87 / replay/replay_ratio 260 / fps/policy 12.45 / fps/train 3186.62

Writing metrics: logdir/dreamer/dmc_walker_walk_20251129_211920/metrics.jsonl
Writing metrics: logdir/dreamer/dmc_walker_walk_20251129_211920/scores.jsonl

--------------------[Agent Step 995_376]--------------------
Metrics filtered by: 'score|length|fps|ratio|train/loss/|train/rand/'
train/loss/con 0.02 / train/loss/dyn 3.21 / train/loss/image 2.19 / train/loss/policy -0.05 / train/loss/rep 3.21 / train/loss/repval 0.91 / train/loss/rew 0.63 / train/loss/value 0.88 / replay/replay_ratio 260 / fps/policy 12.78 / fps/train 3271.35

Writing metrics: logdir/dreamer/dmc_walker_walk_20251129_211920/metrics.jsonl
Writing metrics: logdir/dreamer/dmc_walker_walk_20251129_211920/scores.jsonl

--------------------[Agent Step 996_912]--------------------
Metrics filtered by: 'score|length|fps|ratio|train/loss/|train/rand/'
train/loss/con 0.02 / train/loss/dyn 3.2 / train/loss/image 2.19 / train/loss/policy -0.06 / train/loss/rep 3.2 / train/loss/repval 0.93 / train/loss/rew 0.63 / train/loss/value 0.89 / replay/replay_ratio 260 / fps/policy 12.79 / fps/train 3273.77

Writing metrics: logdir/dreamer/dmc_walker_walk_20251129_211920/metrics.jsonl
Writing metrics: logdir/dreamer/dmc_walker_walk_20251129_211920/scores.jsonl

--------------------[Agent Step 998_448]--------------------
Metrics filtered by: 'score|length|fps|ratio|train/loss/|train/rand/'
train/loss/con 0.02 / train/loss/dyn 3.19 / train/loss/image 2.19 / train/loss/policy -0.03 / train/loss/rep 3.19 / train/loss/repval 0.94 / train/loss/rew 0.63 / train/loss/value 0.9 / replay/replay_ratio 260 / fps/policy 12.76 / fps/train 3265.61

Writing metrics: logdir/dreamer/dmc_walker_walk_20251129_211920/metrics.jsonl
Writing metrics: logdir/dreamer/dmc_walker_walk_20251129_211920/scores.jsonl

--------------------[Agent Step 999_984]--------------------
Metrics filtered by: 'score|length|fps|ratio|train/loss/|train/rand/'
train/loss/con 0.02 / train/loss/dyn 3.25 / train/loss/image 2.18 / train/loss/policy -0.04 / train/loss/rep 3.25 / train/loss/repval 0.94 / train/loss/rew 0.63 / train/loss/value 0.9 / replay/replay_ratio 260 / fps/policy 12.79 / fps/train 3274.18

/var/spool/slurmd/job6827741/slurm_script: line 28: 3841367 Killed                  python3 dreamerv3/main.py --logdir $LOGDIR --configs dmc_vision --task dmc_walker_walk

=== Training Complete ===
End time: Tue Dec  2 12:47:43 EST 2025
[2025-12-02T12:47:43.374] error: Detected 1 oom_kill event in StepId=6827741.batch. Some of the step tasks have been OOM Killed.
