=== Resuming DMC Cheetah Run Training ===
Job ID: 6834503
Logdir: ./logdir/dreamer/dmc_cheetah_run_20251129_211920
Start time: Tue Dec  2 14:37:47 EST 2025

=== Verifying GPU ===
Devices: [CudaDevice(id=0)]

---  ___                           __   ______ ---
--- |   \ _ _ ___ __ _ _ __  ___ _ \ \ / /__ / ---
--- | |) | '_/ -_) _` | '  \/ -_) '/\ V / |_ \ ---
--- |___/|_| \___\__,_|_|_|_\___|_|  \_/ |___/ ---
Replica: 0 / 1
Logdir: logdir/dreamer/dmc_cheetah_run_20251129_211920
Run script: train
Observations
  is_first         Space(bool, shape=(), low=False, high=True)
  is_last          Space(bool, shape=(), low=False, high=True)
  is_terminal      Space(bool, shape=(), low=False, high=True)
  reward           Space(float32, shape=(), low=-inf, high=inf)
  image            Space(uint8, shape=(64, 64, 3), low=0, high=255)
Actions
  action           Space(float32, shape=(6,), low=-1.0, high=1.0)
Extras
  consec           Space(int32, shape=(), low=-2147483648, high=2147483647)
  stepid           Space(uint8, shape=(20,), low=0, high=255)
  dyn/deter        Space(float32, shape=(8192,), low=-inf, high=inf)
  dyn/stoch        Space(float32, shape=(32, 64), low=-inf, high=inf)
JAX devices (1): [cuda:0]
Policy devices: cuda:0
Train devices:  cuda:0
Initializing parameters...
Optimizer opt has 165,948,686 params:
    95,483,904 dyn
    20,282,115 dec
    12,850,431 val
    12,601,356 pol
    10,749,183 rew
    10,488,833 con
     3,492,864 enc
[1]
[0]
[1]
[1]
con/head/logit/bias
[1]
[1]
con/head/logit/kernel
[1]
[1]
con/mlp/linear0/bias
[1]
[1]
con/mlp/linear0/kernel
[1]
[1]
con/mlp/norm0/scale
[1]
[1]
dec/conv0/bias
[1]
[1]
dec/conv0/kernel
[1]
[1]
dec/conv0norm/scale
[1]
[1]
dec/conv1/bias
[1]
[1]
dec/conv1/kernel
[1]
[1]
dec/conv1norm/scale
[1]
[1]
dec/conv2/bias
[1]
[1]
dec/conv2/kernel
[1]
[1]
dec/conv2norm/scale
[1]
[1]
dec/imgout/bias
[1]
[1]
dec/imgout/kernel
[1]
[1]
dec/sp0/bias
[1]
[1]
dec/sp0/kernel
[1]
[1]
dec/sp1/bias
[1]
[1]
dec/sp1/kernel
[1]
[1]
dec/sp1norm/scale
[1]
[1]
dec/sp2/bias
[1]
[1]
dec/sp2/kernel
[1]
[1]
dec/spnorm/scale
[1]
[1]
dyn/dyngru/bias
[1]
[1]
dyn/dyngru/kernel
[1]
[1]
dyn/dynhid0/bias
[1]
[1]
dyn/dynhid0/kernel
[1]
[1]
dyn/dynhid0norm/scale
[1]
[1]
dyn/dynin0/bias
[1]
[1]
dyn/dynin0/kernel
[1]
[1]
dyn/dynin0norm/scale
[1]
[1]
dyn/dynin1/bias
[1]
[1]
dyn/dynin1/kernel
[1]
[1]
dyn/dynin1norm/scale
[1]
[1]
dyn/dynin2/bias
[1]
[1]
dyn/dynin2/kernel
[1]
[1]
dyn/dynin2norm/scale
[1]
[1]
dyn/obs0/bias
[1]
[1]
dyn/obs0/kernel
[1]
[1]
dyn/obs0norm/scale
[1]
[1]
dyn/obslogit/bias
[1]
[1]
dyn/obslogit/kernel
[1]
[1]
dyn/prior0/bias
[1]
[1]
dyn/prior0/kernel
[1]
[1]
dyn/prior0norm/scale
[1]
[1]
dyn/prior1/bias
[1]
[1]
dyn/prior1/kernel
[1]
[1]
dyn/prior1norm/scale
[1]
[1]
dyn/priorlogit/bias
[1]
[1]
dyn/priorlogit/kernel
[1]
[1]
enc/cnn0/bias
[1]
[1]
enc/cnn0/kernel
[1]
[1]
enc/cnn0norm/scale
[1]
[1]
enc/cnn1/bias
[1]
[1]
enc/cnn1/kernel
[1]
[1]
enc/cnn1norm/scale
[1]
[1]
enc/cnn2/bias
[1]
[1]
enc/cnn2/kernel
[1]
[1]
enc/cnn2norm/scale
[1]
[1]
enc/cnn3/bias
[1]
[1]
enc/cnn3/kernel
[1]
[1]
enc/cnn3norm/scale
[1]
[1]
pol/head/action/mean/bias
[1]
[1]
pol/head/action/mean/kernel
[1]
[1]
pol/head/action/stddev/bias
[1]
[1]
pol/head/action/stddev/kernel
[1]
[1]
pol/mlp/linear0/bias
[1]
[1]
pol/mlp/linear0/kernel
[1]
[1]
pol/mlp/linear1/bias
[1]
[1]
pol/mlp/linear1/kernel
[1]
[1]
pol/mlp/linear2/bias
[1]
[1]
pol/mlp/linear2/kernel
[1]
[1]
pol/mlp/norm0/scale
[1]
[1]
pol/mlp/norm1/scale
[1]
[1]
pol/mlp/norm2/scale
[1]
[1]
rew/head/logits/bias
[1]
[1]
rew/head/logits/kernel
[1]
[1]
rew/mlp/linear0/bias
[1]
[1]
rew/mlp/linear0/kernel
[1]
[1]
rew/mlp/norm0/scale
[1]
[1]
val/head/logits/bias
[1]
[1]
val/head/logits/kernel
[1]
[1]
val/mlp/linear0/bias
[1]
[1]
val/mlp/linear0/kernel
[1]
[1]
val/mlp/linear1/bias
[1]
[1]
val/mlp/linear1/kernel
[1]
[1]
val/mlp/linear2/bias
[1]
[1]
val/mlp/linear2/kernel
[1]
[1]
val/mlp/norm0/scale
[1]
[1]
val/mlp/norm1/scale
[1]
[1]
val/mlp/norm2/scale
[2]
[0]
[2]
[1]
con/head/logit/bias
[2]
[1]
con/head/logit/kernel
[2]
[1]
con/mlp/linear0/bias
[2]
[1]
con/mlp/linear0/kernel
[2]
[1]
con/mlp/norm0/scale
[2]
[1]
dec/conv0/bias
[2]
[1]
dec/conv0/kernel
[2]
[1]
dec/conv0norm/scale
[2]
[1]
dec/conv1/bias
[2]
[1]
dec/conv1/kernel
[2]
[1]
dec/conv1norm/scale
[2]
[1]
dec/conv2/bias
[2]
[1]
dec/conv2/kernel
[2]
[1]
dec/conv2norm/scale
[2]
[1]
dec/imgout/bias
[2]
[1]
dec/imgout/kernel
[2]
[1]
dec/sp0/bias
[2]
[1]
dec/sp0/kernel
[2]
[1]
dec/sp1/bias
[2]
[1]
dec/sp1/kernel
[2]
[1]
dec/sp1norm/scale
[2]
[1]
dec/sp2/bias
[2]
[1]
dec/sp2/kernel
[2]
[1]
dec/spnorm/scale
[2]
[1]
dyn/dyngru/bias
[2]
[1]
dyn/dyngru/kernel
[2]
[1]
dyn/dynhid0/bias
[2]
[1]
dyn/dynhid0/kernel
[2]
[1]
dyn/dynhid0norm/scale
[2]
[1]
dyn/dynin0/bias
[2]
[1]
dyn/dynin0/kernel
[2]
[1]
dyn/dynin0norm/scale
[2]
[1]
dyn/dynin1/bias
[2]
[1]
dyn/dynin1/kernel
[2]
[1]
dyn/dynin1norm/scale
[2]
[1]
dyn/dynin2/bias
[2]
[1]
dyn/dynin2/kernel
[2]
[1]
dyn/dynin2norm/scale
[2]
[1]
dyn/obs0/bias
[2]
[1]
dyn/obs0/kernel
[2]
[1]
dyn/obs0norm/scale
[2]
[1]
dyn/obslogit/bias
[2]
[1]
dyn/obslogit/kernel
[2]
[1]
dyn/prior0/bias
[2]
[1]
dyn/prior0/kernel
[2]
[1]
dyn/prior0norm/scale
[2]
[1]
dyn/prior1/bias
[2]
[1]
dyn/prior1/kernel
[2]
[1]
dyn/prior1norm/scale
[2]
[1]
dyn/priorlogit/bias
[2]
[1]
dyn/priorlogit/kernel
[2]
[1]
enc/cnn0/bias
[2]
[1]
enc/cnn0/kernel
[2]
[1]
enc/cnn0norm/scale
[2]
[1]
enc/cnn1/bias
[2]
[1]
enc/cnn1/kernel
[2]
[1]
enc/cnn1norm/scale
[2]
[1]
enc/cnn2/bias
[2]
[1]
enc/cnn2/kernel
[2]
[1]
enc/cnn2norm/scale
[2]
[1]
enc/cnn3/bias
[2]
[1]
enc/cnn3/kernel
[2]
[1]
enc/cnn3norm/scale
[2]
[1]
pol/head/action/mean/bias
[2]
[1]
pol/head/action/mean/kernel
[2]
[1]
pol/head/action/stddev/bias
[2]
[1]
pol/head/action/stddev/kernel
[2]
[1]
pol/mlp/linear0/bias
[2]
[1]
pol/mlp/linear0/kernel
[2]
[1]
pol/mlp/linear1/bias
[2]
[1]
pol/mlp/linear1/kernel
[2]
[1]
pol/mlp/linear2/bias
[2]
[1]
pol/mlp/linear2/kernel
[2]
[1]
pol/mlp/norm0/scale
[2]
[1]
pol/mlp/norm1/scale
[2]
[1]
pol/mlp/norm2/scale
[2]
[1]
rew/head/logits/bias
[2]
[1]
rew/head/logits/kernel
[2]
[1]
rew/mlp/linear0/bias
[2]
[1]
rew/mlp/linear0/kernel
[2]
[1]
rew/mlp/norm0/scale
[2]
[1]
val/head/logits/bias
[2]
[1]
val/head/logits/kernel
[2]
[1]
val/mlp/linear0/bias
[2]
[1]
val/mlp/linear0/kernel
[2]
[1]
val/mlp/linear1/bias
[2]
[1]
val/mlp/linear1/kernel
[2]
[1]
val/mlp/linear2/bias
[2]
[1]
val/mlp/linear2/kernel
[2]
[1]
val/mlp/norm0/scale
[2]
[1]
val/mlp/norm1/scale
[2]
[1]
val/mlp/norm2/scale
[3]
.count
[1]
[0]
[1]
[1]
con/head/logit/bias
[1]
[1]
con/head/logit/kernel
[1]
[1]
con/mlp/linear0/bias
[1]
[1]
con/mlp/linear0/kernel
[1]
[1]
con/mlp/norm0/scale
[1]
[1]
dec/conv0/bias
[1]
[1]
dec/conv0/kernel
[1]
[1]
dec/conv0norm/scale
[1]
[1]
dec/conv1/bias
[1]
[1]
dec/conv1/kernel
[1]
[1]
dec/conv1norm/scale
[1]
[1]
dec/conv2/bias
[1]
[1]
dec/conv2/kernel
[1]
[1]
dec/conv2norm/scale
[1]
[1]
dec/imgout/bias
[1]
[1]
dec/imgout/kernel
[1]
[1]
dec/sp0/bias
[1]
[1]
dec/sp0/kernel
[1]
[1]
dec/sp1/bias
[1]
[1]
dec/sp1/kernel
[1]
[1]
dec/sp1norm/scale
[1]
[1]
dec/sp2/bias
[1]
[1]
dec/sp2/kernel
[1]
[1]
dec/spnorm/scale
[1]
[1]
dyn/dyngru/bias
[1]
[1]
dyn/dyngru/kernel
[1]
[1]
dyn/dynhid0/bias
[1]
[1]
dyn/dynhid0/kernel
[1]
[1]
dyn/dynhid0norm/scale
[1]
[1]
dyn/dynin0/bias
[1]
[1]
dyn/dynin0/kernel
[1]
[1]
dyn/dynin0norm/scale
[1]
[1]
dyn/dynin1/bias
[1]
[1]
dyn/dynin1/kernel
[1]
[1]
dyn/dynin1norm/scale
[1]
[1]
dyn/dynin2/bias
[1]
[1]
dyn/dynin2/kernel
[1]
[1]
dyn/dynin2norm/scale
[1]
[1]
dyn/obs0/bias
[1]
[1]
dyn/obs0/kernel
[1]
[1]
dyn/obs0norm/scale
[1]
[1]
dyn/obslogit/bias
[1]
[1]
dyn/obslogit/kernel
[1]
[1]
dyn/prior0/bias
[1]
[1]
dyn/prior0/kernel
[1]
[1]
dyn/prior0norm/scale
[1]
[1]
dyn/prior1/bias
[1]
[1]
dyn/prior1/kernel
[1]
[1]
dyn/prior1norm/scale
[1]
[1]
dyn/priorlogit/bias
[1]
[1]
dyn/priorlogit/kernel
[1]
[1]
enc/cnn0/bias
[1]
[1]
enc/cnn0/kernel
[1]
[1]
enc/cnn0norm/scale
[1]
[1]
enc/cnn1/bias
[1]
[1]
enc/cnn1/kernel
[1]
[1]
enc/cnn1norm/scale
[1]
[1]
enc/cnn2/bias
[1]
[1]
enc/cnn2/kernel
[1]
[1]
enc/cnn2norm/scale
[1]
[1]
enc/cnn3/bias
[1]
[1]
enc/cnn3/kernel
[1]
[1]
enc/cnn3norm/scale
[1]
[1]
pol/head/action/mean/bias
[1]
[1]
pol/head/action/mean/kernel
[1]
[1]
pol/head/action/stddev/bias
[1]
[1]
pol/head/action/stddev/kernel
[1]
[1]
pol/mlp/linear0/bias
[1]
[1]
pol/mlp/linear0/kernel
[1]
[1]
pol/mlp/linear1/bias
[1]
[1]
pol/mlp/linear1/kernel
[1]
[1]
pol/mlp/linear2/bias
[1]
[1]
pol/mlp/linear2/kernel
[1]
[1]
pol/mlp/norm0/scale
[1]
[1]
pol/mlp/norm1/scale
[1]
[1]
pol/mlp/norm2/scale
[1]
[1]
rew/head/logits/bias
[1]
[1]
rew/head/logits/kernel
[1]
[1]
rew/mlp/linear0/bias
[1]
[1]
rew/mlp/linear0/kernel
[1]
[1]
rew/mlp/norm0/scale
[1]
[1]
val/head/logits/bias
[1]
[1]
val/head/logits/kernel
[1]
[1]
val/mlp/linear0/bias
[1]
[1]
val/mlp/linear0/kernel
[1]
[1]
val/mlp/linear1/bias
[1]
[1]
val/mlp/linear1/kernel
[1]
[1]
val/mlp/linear2/bias
[1]
[1]
val/mlp/linear2/kernel
[1]
[1]
val/mlp/norm0/scale
[1]
[1]
val/mlp/norm1/scale
[1]
[1]
val/mlp/norm2/scale
[2]
[0]
[2]
[1]
con/head/logit/bias
[2]
[1]
con/head/logit/kernel
[2]
[1]
con/mlp/linear0/bias
[2]
[1]
con/mlp/linear0/kernel
[2]
[1]
con/mlp/norm0/scale
[2]
[1]
dec/conv0/bias
[2]
[1]
dec/conv0/kernel
[2]
[1]
dec/conv0norm/scale
[2]
[1]
dec/conv1/bias
[2]
[1]
dec/conv1/kernel
[2]
[1]
dec/conv1norm/scale
[2]
[1]
dec/conv2/bias
[2]
[1]
dec/conv2/kernel
[2]
[1]
dec/conv2norm/scale
[2]
[1]
dec/imgout/bias
[2]
[1]
dec/imgout/kernel
[2]
[1]
dec/sp0/bias
[2]
[1]
dec/sp0/kernel
[2]
[1]
dec/sp1/bias
[2]
[1]
dec/sp1/kernel
[2]
[1]
dec/sp1norm/scale
[2]
[1]
dec/sp2/bias
[2]
[1]
dec/sp2/kernel
[2]
[1]
dec/spnorm/scale
[2]
[1]
dyn/dyngru/bias
[2]
[1]
dyn/dyngru/kernel
[2]
[1]
dyn/dynhid0/bias
[2]
[1]
dyn/dynhid0/kernel
[2]
[1]
dyn/dynhid0norm/scale
[2]
[1]
dyn/dynin0/bias
[2]
[1]
dyn/dynin0/kernel
[2]
[1]
dyn/dynin0norm/scale
[2]
[1]
dyn/dynin1/bias
[2]
[1]
dyn/dynin1/kernel
[2]
[1]
dyn/dynin1norm/scale
[2]
[1]
dyn/dynin2/bias
[2]
[1]
dyn/dynin2/kernel
[2]
[1]
dyn/dynin2norm/scale
[2]
[1]
dyn/obs0/bias
[2]
[1]
dyn/obs0/kernel
[2]
[1]
dyn/obs0norm/scale
[2]
[1]
dyn/obslogit/bias
[2]
[1]
dyn/obslogit/kernel
[2]
[1]
dyn/prior0/bias
[2]
[1]
dyn/prior0/kernel
[2]
[1]
dyn/prior0norm/scale
[2]
[1]
dyn/prior1/bias
[2]
[1]
dyn/prior1/kernel
[2]
[1]
dyn/prior1norm/scale
[2]
[1]
dyn/priorlogit/bias
[2]
[1]
dyn/priorlogit/kernel
[2]
[1]
enc/cnn0/bias
[2]
[1]
enc/cnn0/kernel
[2]
[1]
enc/cnn0norm/scale
[2]
[1]
enc/cnn1/bias
[2]
[1]
enc/cnn1/kernel
[2]
[1]
enc/cnn1norm/scale
[2]
[1]
enc/cnn2/bias
[2]
[1]
enc/cnn2/kernel
[2]
[1]
enc/cnn2norm/scale
[2]
[1]
enc/cnn3/bias
[2]
[1]
enc/cnn3/kernel
[2]
[1]
enc/cnn3norm/scale
[2]
[1]
pol/head/action/mean/bias
[2]
[1]
pol/head/action/mean/kernel
[2]
[1]
pol/head/action/stddev/bias
[2]
[1]
pol/head/action/stddev/kernel
[2]
[1]
pol/mlp/linear0/bias
[2]
[1]
pol/mlp/linear0/kernel
[2]
[1]
pol/mlp/linear1/bias
[2]
[1]
pol/mlp/linear1/kernel
[2]
[1]
pol/mlp/linear2/bias
[2]
[1]
pol/mlp/linear2/kernel
[2]
[1]
pol/mlp/norm0/scale
[2]
[1]
pol/mlp/norm1/scale
[2]
[1]
pol/mlp/norm2/scale
[2]
[1]
rew/head/logits/bias
[2]
[1]
rew/head/logits/kernel
[2]
[1]
rew/mlp/linear0/bias
[2]
[1]
rew/mlp/linear0/kernel
[2]
[1]
rew/mlp/norm0/scale
[2]
[1]
val/head/logits/bias
[2]
[1]
val/head/logits/kernel
[2]
[1]
val/mlp/linear0/bias
[2]
[1]
val/mlp/linear0/kernel
[2]
[1]
val/mlp/linear1/bias
[2]
[1]
val/mlp/linear1/kernel
[2]
[1]
val/mlp/linear2/bias
[2]
[1]
val/mlp/linear2/kernel
[2]
[1]
val/mlp/norm0/scale
[2]
[1]
val/mlp/norm1/scale
[2]
[1]
val/mlp/norm2/scale
[3]
.count
Done initializing!
Compiling 1 checkpoint groups...
Largest checkpoint group: 2 GB
Compiling train and report...
[1]
[0]
[1]
[1]
con/head/logit/bias
[1]
[1]
con/head/logit/kernel
[1]
[1]
con/mlp/linear0/bias
[1]
[1]
con/mlp/linear0/kernel
[1]
[1]
con/mlp/norm0/scale
[1]
[1]
dec/conv0/bias
[1]
[1]
dec/conv0/kernel
[1]
[1]
dec/conv0norm/scale
[1]
[1]
dec/conv1/bias
[1]
[1]
dec/conv1/kernel
[1]
[1]
dec/conv1norm/scale
[1]
[1]
dec/conv2/bias
[1]
[1]
dec/conv2/kernel
[1]
[1]
dec/conv2norm/scale
[1]
[1]
dec/imgout/bias
[1]
[1]
dec/imgout/kernel
[1]
[1]
dec/sp0/bias
[1]
[1]
dec/sp0/kernel
[1]
[1]
dec/sp1/bias
[1]
[1]
dec/sp1/kernel
[1]
[1]
dec/sp1norm/scale
[1]
[1]
dec/sp2/bias
[1]
[1]
dec/sp2/kernel
[1]
[1]
dec/spnorm/scale
[1]
[1]
dyn/dyngru/bias
[1]
[1]
dyn/dyngru/kernel
[1]
[1]
dyn/dynhid0/bias
[1]
[1]
dyn/dynhid0/kernel
[1]
[1]
dyn/dynhid0norm/scale
[1]
[1]
dyn/dynin0/bias
[1]
[1]
dyn/dynin0/kernel
[1]
[1]
dyn/dynin0norm/scale
[1]
[1]
dyn/dynin1/bias
[1]
[1]
dyn/dynin1/kernel
[1]
[1]
dyn/dynin1norm/scale
[1]
[1]
dyn/dynin2/bias
[1]
[1]
dyn/dynin2/kernel
[1]
[1]
dyn/dynin2norm/scale
[1]
[1]
dyn/obs0/bias
[1]
[1]
dyn/obs0/kernel
[1]
[1]
dyn/obs0norm/scale
[1]
[1]
dyn/obslogit/bias
[1]
[1]
dyn/obslogit/kernel
[1]
[1]
dyn/prior0/bias
[1]
[1]
dyn/prior0/kernel
[1]
[1]
dyn/prior0norm/scale
[1]
[1]
dyn/prior1/bias
[1]
[1]
dyn/prior1/kernel
[1]
[1]
dyn/prior1norm/scale
[1]
[1]
dyn/priorlogit/bias
[1]
[1]
dyn/priorlogit/kernel
[1]
[1]
enc/cnn0/bias
[1]
[1]
enc/cnn0/kernel
[1]
[1]
enc/cnn0norm/scale
[1]
[1]
enc/cnn1/bias
[1]
[1]
enc/cnn1/kernel
[1]
[1]
enc/cnn1norm/scale
[1]
[1]
enc/cnn2/bias
[1]
[1]
enc/cnn2/kernel
[1]
[1]
enc/cnn2norm/scale
[1]
[1]
enc/cnn3/bias
[1]
[1]
enc/cnn3/kernel
[1]
[1]
enc/cnn3norm/scale
[1]
[1]
pol/head/action/mean/bias
[1]
[1]
pol/head/action/mean/kernel
[1]
[1]
pol/head/action/stddev/bias
[1]
[1]
pol/head/action/stddev/kernel
[1]
[1]
pol/mlp/linear0/bias
[1]
[1]
pol/mlp/linear0/kernel
[1]
[1]
pol/mlp/linear1/bias
[1]
[1]
pol/mlp/linear1/kernel
[1]
[1]
pol/mlp/linear2/bias
[1]
[1]
pol/mlp/linear2/kernel
[1]
[1]
pol/mlp/norm0/scale
[1]
[1]
pol/mlp/norm1/scale
[1]
[1]
pol/mlp/norm2/scale
[1]
[1]
rew/head/logits/bias
[1]
[1]
rew/head/logits/kernel
[1]
[1]
rew/mlp/linear0/bias
[1]
[1]
rew/mlp/linear0/kernel
[1]
[1]
rew/mlp/norm0/scale
[1]
[1]
val/head/logits/bias
[1]
[1]
val/head/logits/kernel
[1]
[1]
val/mlp/linear0/bias
[1]
[1]
val/mlp/linear0/kernel
[1]
[1]
val/mlp/linear1/bias
[1]
[1]
val/mlp/linear1/kernel
[1]
[1]
val/mlp/linear2/bias
[1]
[1]
val/mlp/linear2/kernel
[1]
[1]
val/mlp/norm0/scale
[1]
[1]
val/mlp/norm1/scale
[1]
[1]
val/mlp/norm2/scale
[2]
[0]
[2]
[1]
con/head/logit/bias
[2]
[1]
con/head/logit/kernel
[2]
[1]
con/mlp/linear0/bias
[2]
[1]
con/mlp/linear0/kernel
[2]
[1]
con/mlp/norm0/scale
[2]
[1]
dec/conv0/bias
[2]
[1]
dec/conv0/kernel
[2]
[1]
dec/conv0norm/scale
[2]
[1]
dec/conv1/bias
[2]
[1]
dec/conv1/kernel
[2]
[1]
dec/conv1norm/scale
[2]
[1]
dec/conv2/bias
[2]
[1]
dec/conv2/kernel
[2]
[1]
dec/conv2norm/scale
[2]
[1]
dec/imgout/bias
[2]
[1]
dec/imgout/kernel
[2]
[1]
dec/sp0/bias
[2]
[1]
dec/sp0/kernel
[2]
[1]
dec/sp1/bias
[2]
[1]
dec/sp1/kernel
[2]
[1]
dec/sp1norm/scale
[2]
[1]
dec/sp2/bias
[2]
[1]
dec/sp2/kernel
[2]
[1]
dec/spnorm/scale
[2]
[1]
dyn/dyngru/bias
[2]
[1]
dyn/dyngru/kernel
[2]
[1]
dyn/dynhid0/bias
[2]
[1]
dyn/dynhid0/kernel
[2]
[1]
dyn/dynhid0norm/scale
[2]
[1]
dyn/dynin0/bias
[2]
[1]
dyn/dynin0/kernel
[2]
[1]
dyn/dynin0norm/scale
[2]
[1]
dyn/dynin1/bias
[2]
[1]
dyn/dynin1/kernel
[2]
[1]
dyn/dynin1norm/scale
[2]
[1]
dyn/dynin2/bias
[2]
[1]
dyn/dynin2/kernel
[2]
[1]
dyn/dynin2norm/scale
[2]
[1]
dyn/obs0/bias
[2]
[1]
dyn/obs0/kernel
[2]
[1]
dyn/obs0norm/scale
[2]
[1]
dyn/obslogit/bias
[2]
[1]
dyn/obslogit/kernel
[2]
[1]
dyn/prior0/bias
[2]
[1]
dyn/prior0/kernel
[2]
[1]
dyn/prior0norm/scale
[2]
[1]
dyn/prior1/bias
[2]
[1]
dyn/prior1/kernel
[2]
[1]
dyn/prior1norm/scale
[2]
[1]
dyn/priorlogit/bias
[2]
[1]
dyn/priorlogit/kernel
[2]
[1]
enc/cnn0/bias
[2]
[1]
enc/cnn0/kernel
[2]
[1]
enc/cnn0norm/scale
[2]
[1]
enc/cnn1/bias
[2]
[1]
enc/cnn1/kernel
[2]
[1]
enc/cnn1norm/scale
[2]
[1]
enc/cnn2/bias
[2]
[1]
enc/cnn2/kernel
[2]
[1]
enc/cnn2norm/scale
[2]
[1]
enc/cnn3/bias
[2]
[1]
enc/cnn3/kernel
[2]
[1]
enc/cnn3norm/scale
[2]
[1]
pol/head/action/mean/bias
[2]
[1]
pol/head/action/mean/kernel
[2]
[1]
pol/head/action/stddev/bias
[2]
[1]
pol/head/action/stddev/kernel
[2]
[1]
pol/mlp/linear0/bias
[2]
[1]
pol/mlp/linear0/kernel
[2]
[1]
pol/mlp/linear1/bias
[2]
[1]
pol/mlp/linear1/kernel
[2]
[1]
pol/mlp/linear2/bias
[2]
[1]
pol/mlp/linear2/kernel
[2]
[1]
pol/mlp/norm0/scale
[2]
[1]
pol/mlp/norm1/scale
[2]
[1]
pol/mlp/norm2/scale
[2]
[1]
rew/head/logits/bias
[2]
[1]
rew/head/logits/kernel
[2]
[1]
rew/mlp/linear0/bias
[2]
[1]
rew/mlp/linear0/kernel
[2]
[1]
rew/mlp/norm0/scale
[2]
[1]
val/head/logits/bias
[2]
[1]
val/head/logits/kernel
[2]
[1]
val/mlp/linear0/bias
[2]
[1]
val/mlp/linear0/kernel
[2]
[1]
val/mlp/linear1/bias
[2]
[1]
val/mlp/linear1/kernel
[2]
[1]
val/mlp/linear2/bias
[2]
[1]
val/mlp/linear2/kernel
[2]
[1]
val/mlp/norm0/scale
[2]
[1]
val/mlp/norm1/scale
[2]
[1]
val/mlp/norm2/scale
[3]
.count
Train cost analysis:
No available
Report cost analysis:
No available
Done compiling!
Found existing checkpoint.
Loading checkpoint: logdir/dreamer/dmc_cheetah_run_20251129_211920/ckpt/20251202T104735F550261
Loaded checkpoint.
Start training loop

--------------------[Agent Step 1_015_376]--------------------
Metrics filtered by: 'score|length|fps|ratio|train/loss/|train/rand/'
train/loss/con 0.02 / train/loss/dyn 1.53 / train/loss/image 0.53 / train/loss/policy 6.7e-3 / train/loss/rep 1.53 / train/loss/repval 1.07 / train/loss/rew 0.5 / train/loss/value 1.02 / replay/replay_ratio 836.03 / fps/policy 7.8 / fps/train 1996.81

Writing metrics: logdir/dreamer/dmc_cheetah_run_20251129_211920/metrics.jsonl
Writing metrics: logdir/dreamer/dmc_cheetah_run_20251129_211920/scores.jsonl

--------------------[Agent Step 1_016_912]--------------------
Metrics filtered by: 'score|length|fps|ratio|train/loss/|train/rand/'
train/loss/con 0.02 / train/loss/dyn 1.37 / train/loss/image 0.49 / train/loss/policy 5.9e-3 / train/loss/rep 1.37 / train/loss/repval 1.07 / train/loss/rew 0.49 / train/loss/value 1.02 / replay/replay_ratio 260 / fps/policy 12.79 / fps/train 3274.25

Writing metrics: logdir/dreamer/dmc_cheetah_run_20251129_211920/metrics.jsonl
Writing metrics: logdir/dreamer/dmc_cheetah_run_20251129_211920/scores.jsonl

--------------------[Agent Step 1_018_448]--------------------
Metrics filtered by: 'score|length|fps|ratio|train/loss/|train/rand/'
train/loss/con 0.02 / train/loss/dyn 1.35 / train/loss/image 0.48 / train/loss/policy 5.2e-3 / train/loss/rep 1.35 / train/loss/repval 1.07 / train/loss/rew 0.5 / train/loss/value 1.02 / replay/replay_ratio 260 / fps/policy 12.77 / fps/train 3269.13

Writing metrics: logdir/dreamer/dmc_cheetah_run_20251129_211920/metrics.jsonl
Writing metrics: logdir/dreamer/dmc_cheetah_run_20251129_211920/scores.jsonl

--------------------[Agent Step 1_019_984]--------------------
Metrics filtered by: 'score|length|fps|ratio|train/loss/|train/rand/'
train/loss/con 0.02 / train/loss/dyn 1.36 / train/loss/image 0.48 / train/loss/policy 5.6e-3 / train/loss/rep 1.36 / train/loss/repval 1.08 / train/loss/rew 0.49 / train/loss/value 1.03 / replay/replay_ratio 260 / fps/policy 12.78 / fps/train 3272.33

Writing metrics: logdir/dreamer/dmc_cheetah_run_20251129_211920/metrics.jsonl
Writing metrics: logdir/dreamer/dmc_cheetah_run_20251129_211920/scores.jsonl

--------------------[Agent Step 1_021_520]--------------------
Metrics filtered by: 'score|length|fps|ratio|train/loss/|train/rand/'
train/loss/con 0.02 / train/loss/dyn 1.29 / train/loss/image 0.47 / train/loss/policy 5.6e-3 / train/loss/rep 1.29 / train/loss/repval 1.08 / train/loss/rew 0.49 / train/loss/value 1.03 / replay/replay_ratio 260 / fps/policy 12.75 / fps/train 3263

Writing metrics: logdir/dreamer/dmc_cheetah_run_20251129_211920/metrics.jsonl
Writing metrics: logdir/dreamer/dmc_cheetah_run_20251129_211920/scores.jsonl

--------------------[Agent Step 1_023_072]--------------------
Metrics filtered by: 'score|length|fps|ratio|train/loss/|train/rand/'
train/loss/con 0.02 / train/loss/dyn 1.3 / train/loss/image 0.47 / train/loss/policy 5.1e-3 / train/loss/rep 1.3 / train/loss/repval 1.08 / train/loss/rew 0.49 / train/loss/value 1.03 / replay/replay_ratio 260 / fps/policy 12.81 / fps/train 3280.47

Writing metrics: logdir/dreamer/dmc_cheetah_run_20251129_211920/metrics.jsonl
Writing metrics: logdir/dreamer/dmc_cheetah_run_20251129_211920/scores.jsonl

--------------------[Agent Step 1_024_608]--------------------
Metrics filtered by: 'score|length|fps|ratio|train/loss/|train/rand/'
train/loss/con 0.02 / train/loss/dyn 1.28 / train/loss/image 0.46 / train/loss/policy 7e-3 / train/loss/rep 1.28 / train/loss/repval 1.07 / train/loss/rew 0.49 / train/loss/value 1.02 / replay/replay_ratio 260 / fps/policy 12.79 / fps/train 3273.05

Writing metrics: logdir/dreamer/dmc_cheetah_run_20251129_211920/metrics.jsonl
Writing metrics: logdir/dreamer/dmc_cheetah_run_20251129_211920/scores.jsonl
Saving checkpoint: logdir/dreamer/dmc_cheetah_run_20251129_211920/ckpt/20251202T145500F446094
Saved checkpoint.

--------------------[Agent Step 1_026_016]--------------------
Metrics filtered by: 'score|length|fps|ratio|train/loss/|train/rand/'
train/loss/con 0.02 / train/loss/dyn 1.26 / train/loss/image 0.46 / train/loss/policy 6.7e-3 / train/loss/rep 1.26 / train/loss/repval 1.07 / train/loss/rew 0.49 / train/loss/value 1.03 / replay/replay_ratio 260 / fps/policy 11.66 / fps/train 2985.23

Writing metrics: logdir/dreamer/dmc_cheetah_run_20251129_211920/metrics.jsonl
Writing metrics: logdir/dreamer/dmc_cheetah_run_20251129_211920/scores.jsonl

--------------------[Agent Step 1_027_536]--------------------
Metrics filtered by: 'score|length|fps|ratio|train/loss/|train/rand/'
train/loss/con 0.02 / train/loss/dyn 1.32 / train/loss/image 0.47 / train/loss/policy 8.4e-3 / train/loss/rep 1.32 / train/loss/repval 1.07 / train/loss/rew 0.5 / train/loss/value 1.03 / replay/replay_ratio 260 / fps/policy 12.57 / fps/train 3218.88

Writing metrics: logdir/dreamer/dmc_cheetah_run_20251129_211920/metrics.jsonl
Writing metrics: logdir/dreamer/dmc_cheetah_run_20251129_211920/scores.jsonl

--------------------[Agent Step 1_029_072]--------------------
Metrics filtered by: 'score|length|fps|ratio|train/loss/|train/rand/'
train/loss/con 0.02 / train/loss/dyn 1.25 / train/loss/image 0.46 / train/loss/policy 7.3e-3 / train/loss/rep 1.25 / train/loss/repval 1.07 / train/loss/rew 0.5 / train/loss/value 1.02 / replay/replay_ratio 260 / fps/policy 12.79 / fps/train 3273.94

Writing metrics: logdir/dreamer/dmc_cheetah_run_20251129_211920/metrics.jsonl
Writing metrics: logdir/dreamer/dmc_cheetah_run_20251129_211920/scores.jsonl

--------------------[Agent Step 1_030_608]--------------------
Metrics filtered by: 'score|length|fps|ratio|train/loss/|train/rand/'
episode/score 890.25 / episode/length 1001 / train/loss/con 0.02 / train/loss/dyn 1.25 / train/loss/image 0.46 / train/loss/policy 8.9e-3 / train/loss/rep 1.25 / train/loss/repval 1.08 / train/loss/rew 0.5 / train/loss/value 1.02 / replay/replay_ratio 260 / fps/policy 12.77 / fps/train 3269.2

Writing metrics: logdir/dreamer/dmc_cheetah_run_20251129_211920/metrics.jsonl
Writing metrics: logdir/dreamer/dmc_cheetah_run_20251129_211920/scores.jsonl

--------------------[Agent Step 1_032_144]--------------------
Metrics filtered by: 'score|length|fps|ratio|train/loss/|train/rand/'
train/loss/con 0.02 / train/loss/dyn 1.24 / train/loss/image 0.46 / train/loss/policy 6.4e-3 / train/loss/rep 1.24 / train/loss/repval 1.06 / train/loss/rew 0.5 / train/loss/value 1.01 / replay/replay_ratio 260 / fps/policy 12.78 / fps/train 3271.73

Writing metrics: logdir/dreamer/dmc_cheetah_run_20251129_211920/metrics.jsonl
Writing metrics: logdir/dreamer/dmc_cheetah_run_20251129_211920/scores.jsonl

--------------------[Agent Step 1_033_680]--------------------
Metrics filtered by: 'score|length|fps|ratio|train/loss/|train/rand/'
train/loss/con 0.02 / train/loss/dyn 1.28 / train/loss/image 0.47 / train/loss/policy 7.9e-3 / train/loss/rep 1.28 / train/loss/repval 1.05 / train/loss/rew 0.49 / train/loss/value 1 / replay/replay_ratio 260 / fps/policy 12.79 / fps/train 3273.52

Writing metrics: logdir/dreamer/dmc_cheetah_run_20251129_211920/metrics.jsonl
Writing metrics: logdir/dreamer/dmc_cheetah_run_20251129_211920/scores.jsonl

--------------------[Agent Step 1_035_216]--------------------
Metrics filtered by: 'score|length|fps|ratio|train/loss/|train/rand/'
train/loss/con 0.02 / train/loss/dyn 1.26 / train/loss/image 0.47 / train/loss/policy 7.4e-3 / train/loss/rep 1.26 / train/loss/repval 1.04 / train/loss/rew 0.49 / train/loss/value 0.99 / replay/replay_ratio 260 / fps/policy 12.79 / fps/train 3274.05

Writing metrics: logdir/dreamer/dmc_cheetah_run_20251129_211920/metrics.jsonl
Writing metrics: logdir/dreamer/dmc_cheetah_run_20251129_211920/scores.jsonl
Saving checkpoint: logdir/dreamer/dmc_cheetah_run_20251129_211920/ckpt/20251202T151000F529637
Saved checkpoint.

--------------------[Agent Step 1_036_704]--------------------
Metrics filtered by: 'score|length|fps|ratio|train/loss/|train/rand/'
train/loss/con 0.02 / train/loss/dyn 1.27 / train/loss/image 0.47 / train/loss/policy 6.2e-3 / train/loss/rep 1.27 / train/loss/repval 1.05 / train/loss/rew 0.49 / train/loss/value 0.99 / replay/replay_ratio 260 / fps/policy 11.11 / fps/train 2844.02

Writing metrics: logdir/dreamer/dmc_cheetah_run_20251129_211920/metrics.jsonl
Writing metrics: logdir/dreamer/dmc_cheetah_run_20251129_211920/scores.jsonl

--------------------[Agent Step 1_038_256]--------------------
Metrics filtered by: 'score|length|fps|ratio|train/loss/|train/rand/'
train/loss/con 0.02 / train/loss/dyn 1.27 / train/loss/image 0.46 / train/loss/policy 4.5e-3 / train/loss/rep 1.27 / train/loss/repval 1.05 / train/loss/rew 0.5 / train/loss/value 1 / replay/replay_ratio 260 / fps/policy 12.82 / fps/train 3281.37

Writing metrics: logdir/dreamer/dmc_cheetah_run_20251129_211920/metrics.jsonl
Writing metrics: logdir/dreamer/dmc_cheetah_run_20251129_211920/scores.jsonl

--------------------[Agent Step 1_039_792]--------------------
Metrics filtered by: 'score|length|fps|ratio|train/loss/|train/rand/'
train/loss/con 0.02 / train/loss/dyn 1.24 / train/loss/image 0.46 / train/loss/policy 5.5e-3 / train/loss/rep 1.24 / train/loss/repval 1.07 / train/loss/rew 0.5 / train/loss/value 1.01 / replay/replay_ratio 260 / fps/policy 12.78 / fps/train 3272.37

Writing metrics: logdir/dreamer/dmc_cheetah_run_20251129_211920/metrics.jsonl
Writing metrics: logdir/dreamer/dmc_cheetah_run_20251129_211920/scores.jsonl

--------------------[Agent Step 1_041_328]--------------------
Metrics filtered by: 'score|length|fps|ratio|train/loss/|train/rand/'
train/loss/con 0.02 / train/loss/dyn 1.26 / train/loss/image 0.46 / train/loss/policy 5.9e-3 / train/loss/rep 1.26 / train/loss/repval 1.06 / train/loss/rew 0.5 / train/loss/value 1.01 / replay/replay_ratio 260 / fps/policy 12.78 / fps/train 3270.48

Writing metrics: logdir/dreamer/dmc_cheetah_run_20251129_211920/metrics.jsonl
Writing metrics: logdir/dreamer/dmc_cheetah_run_20251129_211920/scores.jsonl

--------------------[Agent Step 1_042_864]--------------------
Metrics filtered by: 'score|length|fps|ratio|train/loss/|train/rand/'
train/loss/con 0.02 / train/loss/dyn 1.25 / train/loss/image 0.46 / train/loss/policy 5.7e-3 / train/loss/rep 1.25 / train/loss/repval 1.07 / train/loss/rew 0.49 / train/loss/value 1.01 / replay/replay_ratio 260 / fps/policy 12.78 / fps/train 3272.77

Writing metrics: logdir/dreamer/dmc_cheetah_run_20251129_211920/metrics.jsonl
Writing metrics: logdir/dreamer/dmc_cheetah_run_20251129_211920/scores.jsonl

--------------------[Agent Step 1_044_400]--------------------
Metrics filtered by: 'score|length|fps|ratio|train/loss/|train/rand/'
train/loss/con 0.02 / train/loss/dyn 1.25 / train/loss/image 0.46 / train/loss/policy 7.2e-3 / train/loss/rep 1.25 / train/loss/repval 1.06 / train/loss/rew 0.49 / train/loss/value 1 / replay/replay_ratio 260 / fps/policy 12.77 / fps/train 3269.78

Writing metrics: logdir/dreamer/dmc_cheetah_run_20251129_211920/metrics.jsonl
Writing metrics: logdir/dreamer/dmc_cheetah_run_20251129_211920/scores.jsonl

--------------------[Agent Step 1_045_936]--------------------
Metrics filtered by: 'score|length|fps|ratio|train/loss/|train/rand/'
episode/score 871.45 / episode/length 1001 / train/loss/con 0.02 / train/loss/dyn 1.27 / train/loss/image 0.46 / train/loss/policy 9.2e-3 / train/loss/rep 1.27 / train/loss/repval 1.05 / train/loss/rew 0.5 / train/loss/value 0.99 / replay/replay_ratio 260 / fps/policy 12.79 / fps/train 3274.7

Writing metrics: logdir/dreamer/dmc_cheetah_run_20251129_211920/metrics.jsonl
Writing metrics: logdir/dreamer/dmc_cheetah_run_20251129_211920/scores.jsonl

--------------------[Agent Step 1_047_472]--------------------
Metrics filtered by: 'score|length|fps|ratio|train/loss/|train/rand/'
train/loss/con 0.02 / train/loss/dyn 1.29 / train/loss/image 0.47 / train/loss/policy 6.4e-3 / train/loss/rep 1.29 / train/loss/repval 1.05 / train/loss/rew 0.5 / train/loss/value 0.99 / replay/replay_ratio 260 / fps/policy 12.79 / fps/train 3275.45

Writing metrics: logdir/dreamer/dmc_cheetah_run_20251129_211920/metrics.jsonl
Writing metrics: logdir/dreamer/dmc_cheetah_run_20251129_211920/scores.jsonl
Saving checkpoint: logdir/dreamer/dmc_cheetah_run_20251129_211920/ckpt/20251202T152501F334291
Saved checkpoint.

--------------------[Agent Step 1_048_800]--------------------
Metrics filtered by: 'score|length|fps|ratio|train/loss/|train/rand/'
train/loss/con 0.02 / train/loss/dyn 1.35 / train/loss/image 0.46 / train/loss/policy 7e-3 / train/loss/rep 1.35 / train/loss/repval 1.06 / train/loss/rew 0.5 / train/loss/value 1.01 / replay/replay_ratio 260 / fps/policy 11.01 / fps/train 2817.87

Writing metrics: logdir/dreamer/dmc_cheetah_run_20251129_211920/metrics.jsonl
Writing metrics: logdir/dreamer/dmc_cheetah_run_20251129_211920/scores.jsonl

--------------------[Agent Step 1_050_336]--------------------
Metrics filtered by: 'score|length|fps|ratio|train/loss/|train/rand/'
train/loss/con 0.02 / train/loss/dyn 1.22 / train/loss/image 0.46 / train/loss/policy 7.1e-3 / train/loss/rep 1.22 / train/loss/repval 1.05 / train/loss/rew 0.5 / train/loss/value 1 / replay/replay_ratio 260 / fps/policy 12.79 / fps/train 3275.17

Writing metrics: logdir/dreamer/dmc_cheetah_run_20251129_211920/metrics.jsonl
Writing metrics: logdir/dreamer/dmc_cheetah_run_20251129_211920/scores.jsonl

--------------------[Agent Step 1_051_872]--------------------
Metrics filtered by: 'score|length|fps|ratio|train/loss/|train/rand/'
train/loss/con 0.02 / train/loss/dyn 1.22 / train/loss/image 0.46 / train/loss/policy 6.9e-3 / train/loss/rep 1.22 / train/loss/repval 1.06 / train/loss/rew 0.49 / train/loss/value 1.01 / replay/replay_ratio 260 / fps/policy 12.78 / fps/train 3272.81

Writing metrics: logdir/dreamer/dmc_cheetah_run_20251129_211920/metrics.jsonl
Writing metrics: logdir/dreamer/dmc_cheetah_run_20251129_211920/scores.jsonl

--------------------[Agent Step 1_053_408]--------------------
Metrics filtered by: 'score|length|fps|ratio|train/loss/|train/rand/'
train/loss/con 0.02 / train/loss/dyn 1.24 / train/loss/image 0.47 / train/loss/policy 7.4e-3 / train/loss/rep 1.24 / train/loss/repval 1.06 / train/loss/rew 0.49 / train/loss/value 1.01 / replay/replay_ratio 260 / fps/policy 12.8 / fps/train 3276.07

Writing metrics: logdir/dreamer/dmc_cheetah_run_20251129_211920/metrics.jsonl
Writing metrics: logdir/dreamer/dmc_cheetah_run_20251129_211920/scores.jsonl

--------------------[Agent Step 1_054_960]--------------------
Metrics filtered by: 'score|length|fps|ratio|train/loss/|train/rand/'
train/loss/con 0.02 / train/loss/dyn 1.23 / train/loss/image 0.47 / train/loss/policy 8.6e-3 / train/loss/rep 1.23 / train/loss/repval 1.05 / train/loss/rew 0.5 / train/loss/value 1.01 / replay/replay_ratio 260 / fps/policy 12.8 / fps/train 3276.75

Writing metrics: logdir/dreamer/dmc_cheetah_run_20251129_211920/metrics.jsonl
Writing metrics: logdir/dreamer/dmc_cheetah_run_20251129_211920/scores.jsonl

--------------------[Agent Step 1_056_496]--------------------
Metrics filtered by: 'score|length|fps|ratio|train/loss/|train/rand/'
train/loss/con 0.02 / train/loss/dyn 1.24 / train/loss/image 0.46 / train/loss/policy 7.7e-3 / train/loss/rep 1.24 / train/loss/repval 1.04 / train/loss/rew 0.49 / train/loss/value 0.99 / replay/replay_ratio 260 / fps/policy 12.78 / fps/train 3271.22

Writing metrics: logdir/dreamer/dmc_cheetah_run_20251129_211920/metrics.jsonl
Writing metrics: logdir/dreamer/dmc_cheetah_run_20251129_211920/scores.jsonl

--------------------[Agent Step 1_058_032]--------------------
Metrics filtered by: 'score|length|fps|ratio|train/loss/|train/rand/'
train/loss/con 0.02 / train/loss/dyn 1.25 / train/loss/image 0.46 / train/loss/policy 7.4e-3 / train/loss/rep 1.25 / train/loss/repval 1.04 / train/loss/rew 0.5 / train/loss/value 0.99 / replay/replay_ratio 260 / fps/policy 12.78 / fps/train 3271.06

Writing metrics: logdir/dreamer/dmc_cheetah_run_20251129_211920/metrics.jsonl
Writing metrics: logdir/dreamer/dmc_cheetah_run_20251129_211920/scores.jsonl
Saving checkpoint: logdir/dreamer/dmc_cheetah_run_20251129_211920/ckpt/20251202T154001F541478
Saved checkpoint.

--------------------[Agent Step 1_059_360]--------------------
Metrics filtered by: 'score|length|fps|ratio|train/loss/|train/rand/'
train/loss/con 0.02 / train/loss/dyn 1.24 / train/loss/image 0.45 / train/loss/policy 6.9e-3 / train/loss/rep 1.24 / train/loss/repval 1.04 / train/loss/rew 0.5 / train/loss/value 0.99 / replay/replay_ratio 260 / fps/policy 11.04 / fps/train 2825.02

Writing metrics: logdir/dreamer/dmc_cheetah_run_20251129_211920/metrics.jsonl
Writing metrics: logdir/dreamer/dmc_cheetah_run_20251129_211920/scores.jsonl

--------------------[Agent Step 1_060_896]--------------------
Metrics filtered by: 'score|length|fps|ratio|train/loss/|train/rand/'
train/loss/con 0.02 / train/loss/dyn 1.24 / train/loss/image 0.46 / train/loss/policy 5.6e-3 / train/loss/rep 1.24 / train/loss/repval 1.05 / train/loss/rew 0.49 / train/loss/value 1 / replay/replay_ratio 260 / fps/policy 12.8 / fps/train 3276.65

Writing metrics: logdir/dreamer/dmc_cheetah_run_20251129_211920/metrics.jsonl
Writing metrics: logdir/dreamer/dmc_cheetah_run_20251129_211920/scores.jsonl

--------------------[Agent Step 1_062_432]--------------------
Metrics filtered by: 'score|length|fps|ratio|train/loss/|train/rand/'
episode/score 896.36 / episode/length 1001 / train/loss/con 0.02 / train/loss/dyn 1.24 / train/loss/image 0.46 / train/loss/policy 7.1e-3 / train/loss/rep 1.24 / train/loss/repval 1.06 / train/loss/rew 0.5 / train/loss/value 1.01 / replay/replay_ratio 260 / fps/policy 12.78 / fps/train 3272.34

Writing metrics: logdir/dreamer/dmc_cheetah_run_20251129_211920/metrics.jsonl
Writing metrics: logdir/dreamer/dmc_cheetah_run_20251129_211920/scores.jsonl

--------------------[Agent Step 1_063_968]--------------------
Metrics filtered by: 'score|length|fps|ratio|train/loss/|train/rand/'
train/loss/con 0.02 / train/loss/dyn 1.25 / train/loss/image 0.46 / train/loss/policy 7.1e-3 / train/loss/rep 1.25 / train/loss/repval 1.05 / train/loss/rew 0.5 / train/loss/value 1 / replay/replay_ratio 260 / fps/policy 12.78 / fps/train 3271.36

Writing metrics: logdir/dreamer/dmc_cheetah_run_20251129_211920/metrics.jsonl
Writing metrics: logdir/dreamer/dmc_cheetah_run_20251129_211920/scores.jsonl

--------------------[Agent Step 1_065_504]--------------------
Metrics filtered by: 'score|length|fps|ratio|train/loss/|train/rand/'
train/loss/con 0.02 / train/loss/dyn 1.25 / train/loss/image 0.47 / train/loss/policy 7.9e-3 / train/loss/rep 1.25 / train/loss/repval 1.06 / train/loss/rew 0.5 / train/loss/value 1.02 / replay/replay_ratio 260 / fps/policy 12.78 / fps/train 3272.42

Writing metrics: logdir/dreamer/dmc_cheetah_run_20251129_211920/metrics.jsonl
Writing metrics: logdir/dreamer/dmc_cheetah_run_20251129_211920/scores.jsonl

--------------------[Agent Step 1_067_040]--------------------
Metrics filtered by: 'score|length|fps|ratio|train/loss/|train/rand/'
train/loss/con 0.02 / train/loss/dyn 1.24 / train/loss/image 0.45 / train/loss/policy 8.1e-3 / train/loss/rep 1.24 / train/loss/repval 1.06 / train/loss/rew 0.5 / train/loss/value 1.01 / replay/replay_ratio 260 / fps/policy 12.77 / fps/train 3268.29

Writing metrics: logdir/dreamer/dmc_cheetah_run_20251129_211920/metrics.jsonl
Writing metrics: logdir/dreamer/dmc_cheetah_run_20251129_211920/scores.jsonl

--------------------[Agent Step 1_068_576]--------------------
Metrics filtered by: 'score|length|fps|ratio|train/loss/|train/rand/'
train/loss/con 0.02 / train/loss/dyn 1.27 / train/loss/image 0.47 / train/loss/policy 6.7e-3 / train/loss/rep 1.27 / train/loss/repval 1.06 / train/loss/rew 0.49 / train/loss/value 1.01 / replay/replay_ratio 260 / fps/policy 12.78 / fps/train 3272.22

Writing metrics: logdir/dreamer/dmc_cheetah_run_20251129_211920/metrics.jsonl
Writing metrics: logdir/dreamer/dmc_cheetah_run_20251129_211920/scores.jsonl

--------------------[Agent Step 1_070_112]--------------------
Metrics filtered by: 'score|length|fps|ratio|train/loss/|train/rand/'
train/loss/con 0.02 / train/loss/dyn 1.23 / train/loss/image 0.45 / train/loss/policy 7.7e-3 / train/loss/rep 1.23 / train/loss/repval 1.05 / train/loss/rew 0.5 / train/loss/value 1 / replay/replay_ratio 260 / fps/policy 12.79 / fps/train 3272.96

Writing metrics: logdir/dreamer/dmc_cheetah_run_20251129_211920/metrics.jsonl
Writing metrics: logdir/dreamer/dmc_cheetah_run_20251129_211920/scores.jsonl
Saving checkpoint: logdir/dreamer/dmc_cheetah_run_20251129_211920/ckpt/20251202T155501F653845
Saved checkpoint.

--------------------[Agent Step 1_071_424]--------------------
Metrics filtered by: 'score|length|fps|ratio|train/loss/|train/rand/'
train/loss/con 0.02 / train/loss/dyn 1.26 / train/loss/image 0.45 / train/loss/policy 7.7e-3 / train/loss/rep 1.26 / train/loss/repval 1.04 / train/loss/rew 0.5 / train/loss/value 0.99 / replay/replay_ratio 260 / fps/policy 10.92 / fps/train 2794.61

Writing metrics: logdir/dreamer/dmc_cheetah_run_20251129_211920/metrics.jsonl
Writing metrics: logdir/dreamer/dmc_cheetah_run_20251129_211920/scores.jsonl

--------------------[Agent Step 1_072_960]--------------------
Metrics filtered by: 'score|length|fps|ratio|train/loss/|train/rand/'
train/loss/con 0.02 / train/loss/dyn 1.25 / train/loss/image 0.46 / train/loss/policy 6.3e-3 / train/loss/rep 1.25 / train/loss/repval 1.04 / train/loss/rew 0.5 / train/loss/value 1 / replay/replay_ratio 260 / fps/policy 12.79 / fps/train 3274.91

Writing metrics: logdir/dreamer/dmc_cheetah_run_20251129_211920/metrics.jsonl
Writing metrics: logdir/dreamer/dmc_cheetah_run_20251129_211920/scores.jsonl

--------------------[Agent Step 1_074_496]--------------------
Metrics filtered by: 'score|length|fps|ratio|train/loss/|train/rand/'
train/loss/con 0.02 / train/loss/dyn 1.25 / train/loss/image 0.46 / train/loss/policy 5.8e-3 / train/loss/rep 1.25 / train/loss/repval 1.06 / train/loss/rew 0.5 / train/loss/value 1.01 / replay/replay_ratio 260 / fps/policy 12.78 / fps/train 3271.87

Writing metrics: logdir/dreamer/dmc_cheetah_run_20251129_211920/metrics.jsonl
Writing metrics: logdir/dreamer/dmc_cheetah_run_20251129_211920/scores.jsonl

--------------------[Agent Step 1_076_032]--------------------
Metrics filtered by: 'score|length|fps|ratio|train/loss/|train/rand/'
train/loss/con 0.02 / train/loss/dyn 1.23 / train/loss/image 0.45 / train/loss/policy 8.2e-3 / train/loss/rep 1.23 / train/loss/repval 1.05 / train/loss/rew 0.49 / train/loss/value 1 / replay/replay_ratio 260 / fps/policy 12.78 / fps/train 3271.96

Writing metrics: logdir/dreamer/dmc_cheetah_run_20251129_211920/metrics.jsonl
Writing metrics: logdir/dreamer/dmc_cheetah_run_20251129_211920/scores.jsonl

--------------------[Agent Step 1_077_568]--------------------
Metrics filtered by: 'score|length|fps|ratio|train/loss/|train/rand/'
train/loss/con 0.02 / train/loss/dyn 1.22 / train/loss/image 0.45 / train/loss/policy 6e-3 / train/loss/rep 1.22 / train/loss/repval 1.04 / train/loss/rew 0.5 / train/loss/value 1 / replay/replay_ratio 260 / fps/policy 12.79 / fps/train 3273.32

Writing metrics: logdir/dreamer/dmc_cheetah_run_20251129_211920/metrics.jsonl
Writing metrics: logdir/dreamer/dmc_cheetah_run_20251129_211920/scores.jsonl

--------------------[Agent Step 1_079_104]--------------------
Metrics filtered by: 'score|length|fps|ratio|train/loss/|train/rand/'
episode/score 895.38 / episode/length 1001 / train/loss/con 0.02 / train/loss/dyn 1.27 / train/loss/image 0.46 / train/loss/policy 5.7e-3 / train/loss/rep 1.27 / train/loss/repval 1.05 / train/loss/rew 0.5 / train/loss/value 1.01 / replay/replay_ratio 260 / fps/policy 12.78 / fps/train 3271.65

Writing metrics: logdir/dreamer/dmc_cheetah_run_20251129_211920/metrics.jsonl
Writing metrics: logdir/dreamer/dmc_cheetah_run_20251129_211920/scores.jsonl

--------------------[Agent Step 1_080_640]--------------------
Metrics filtered by: 'score|length|fps|ratio|train/loss/|train/rand/'
train/loss/con 0.02 / train/loss/dyn 1.28 / train/loss/image 0.46 / train/loss/policy 6.8e-3 / train/loss/rep 1.28 / train/loss/repval 1.06 / train/loss/rew 0.5 / train/loss/value 1.01 / replay/replay_ratio 260 / fps/policy 12.79 / fps/train 3274.13

Writing metrics: logdir/dreamer/dmc_cheetah_run_20251129_211920/metrics.jsonl
Writing metrics: logdir/dreamer/dmc_cheetah_run_20251129_211920/scores.jsonl
Saving checkpoint: logdir/dreamer/dmc_cheetah_run_20251129_211920/ckpt/20251202T161002F644915
Saved checkpoint.

--------------------[Agent Step 1_081_952]--------------------
Metrics filtered by: 'score|length|fps|ratio|train/loss/|train/rand/'
train/loss/con 0.02 / train/loss/dyn 1.23 / train/loss/image 0.45 / train/loss/policy 6.5e-3 / train/loss/rep 1.23 / train/loss/repval 1.06 / train/loss/rew 0.5 / train/loss/value 1.01 / replay/replay_ratio 260 / fps/policy 10.84 / fps/train 2773.83

Writing metrics: logdir/dreamer/dmc_cheetah_run_20251129_211920/metrics.jsonl
Writing metrics: logdir/dreamer/dmc_cheetah_run_20251129_211920/scores.jsonl

--------------------[Agent Step 1_083_504]--------------------
Metrics filtered by: 'score|length|fps|ratio|train/loss/|train/rand/'
train/loss/con 0.02 / train/loss/dyn 1.22 / train/loss/image 0.45 / train/loss/policy 5.2e-3 / train/loss/rep 1.22 / train/loss/repval 1.06 / train/loss/rew 0.5 / train/loss/value 1.01 / replay/replay_ratio 260 / fps/policy 12.81 / fps/train 3279.17

Writing metrics: logdir/dreamer/dmc_cheetah_run_20251129_211920/metrics.jsonl
Writing metrics: logdir/dreamer/dmc_cheetah_run_20251129_211920/scores.jsonl

--------------------[Agent Step 1_085_040]--------------------
Metrics filtered by: 'score|length|fps|ratio|train/loss/|train/rand/'
train/loss/con 0.02 / train/loss/dyn 1.24 / train/loss/image 0.45 / train/loss/policy 7.8e-3 / train/loss/rep 1.24 / train/loss/repval 1.06 / train/loss/rew 0.5 / train/loss/value 1.01 / replay/replay_ratio 260 / fps/policy 12.79 / fps/train 3274.95

Writing metrics: logdir/dreamer/dmc_cheetah_run_20251129_211920/metrics.jsonl
Writing metrics: logdir/dreamer/dmc_cheetah_run_20251129_211920/scores.jsonl

--------------------[Agent Step 1_086_576]--------------------
Metrics filtered by: 'score|length|fps|ratio|train/loss/|train/rand/'
train/loss/con 0.02 / train/loss/dyn 1.21 / train/loss/image 0.45 / train/loss/policy 7.9e-3 / train/loss/rep 1.21 / train/loss/repval 1.06 / train/loss/rew 0.49 / train/loss/value 1.01 / replay/replay_ratio 260 / fps/policy 12.79 / fps/train 3273.05

Writing metrics: logdir/dreamer/dmc_cheetah_run_20251129_211920/metrics.jsonl
Writing metrics: logdir/dreamer/dmc_cheetah_run_20251129_211920/scores.jsonl

--------------------[Agent Step 1_088_112]--------------------
Metrics filtered by: 'score|length|fps|ratio|train/loss/|train/rand/'
train/loss/con 0.02 / train/loss/dyn 1.24 / train/loss/image 0.46 / train/loss/policy 7e-3 / train/loss/rep 1.24 / train/loss/repval 1.05 / train/loss/rew 0.5 / train/loss/value 1 / replay/replay_ratio 260 / fps/policy 12.8 / fps/train 3276.41

Writing metrics: logdir/dreamer/dmc_cheetah_run_20251129_211920/metrics.jsonl
Writing metrics: logdir/dreamer/dmc_cheetah_run_20251129_211920/scores.jsonl

--------------------[Agent Step 1_089_648]--------------------
Metrics filtered by: 'score|length|fps|ratio|train/loss/|train/rand/'
train/loss/con 0.02 / train/loss/dyn 1.23 / train/loss/image 0.46 / train/loss/policy 5.5e-3 / train/loss/rep 1.23 / train/loss/repval 1.05 / train/loss/rew 0.5 / train/loss/value 1.01 / replay/replay_ratio 260 / fps/policy 12.79 / fps/train 3273.36

Writing metrics: logdir/dreamer/dmc_cheetah_run_20251129_211920/metrics.jsonl
Writing metrics: logdir/dreamer/dmc_cheetah_run_20251129_211920/scores.jsonl

--------------------[Agent Step 1_091_184]--------------------
Metrics filtered by: 'score|length|fps|ratio|train/loss/|train/rand/'
train/loss/con 0.02 / train/loss/dyn 1.22 / train/loss/image 0.45 / train/loss/policy 5.6e-3 / train/loss/rep 1.22 / train/loss/repval 1.05 / train/loss/rew 0.5 / train/loss/value 1 / replay/replay_ratio 260 / fps/policy 12.8 / fps/train 3275.95

Writing metrics: logdir/dreamer/dmc_cheetah_run_20251129_211920/metrics.jsonl
Writing metrics: logdir/dreamer/dmc_cheetah_run_20251129_211920/scores.jsonl

--------------------[Agent Step 1_092_736]--------------------
Metrics filtered by: 'score|length|fps|ratio|train/loss/|train/rand/'
train/loss/con 0.02 / train/loss/dyn 1.23 / train/loss/image 0.45 / train/loss/policy 6.3e-3 / train/loss/rep 1.23 / train/loss/repval 1.05 / train/loss/rew 0.5 / train/loss/value 1.01 / replay/replay_ratio 260 / fps/policy 12.8 / fps/train 3277.32

Writing metrics: logdir/dreamer/dmc_cheetah_run_20251129_211920/metrics.jsonl
Writing metrics: logdir/dreamer/dmc_cheetah_run_20251129_211920/scores.jsonl
Saving checkpoint: logdir/dreamer/dmc_cheetah_run_20251129_211920/ckpt/20251202T162502F723055
Saved checkpoint.

--------------------[Agent Step 1_094_016]--------------------
Metrics filtered by: 'score|length|fps|ratio|train/loss/|train/rand/'
episode/score 832.18 / episode/length 1001 / train/loss/con 0.02 / train/loss/dyn 1.24 / train/loss/image 0.47 / train/loss/policy 6.2e-3 / train/loss/rep 1.24 / train/loss/repval 1.06 / train/loss/rew 0.5 / train/loss/value 1.01 / replay/replay_ratio 260 / fps/policy 10.64 / fps/train 2723.71

Writing metrics: logdir/dreamer/dmc_cheetah_run_20251129_211920/metrics.jsonl
Writing metrics: logdir/dreamer/dmc_cheetah_run_20251129_211920/scores.jsonl

--------------------[Agent Step 1_095_552]--------------------
Metrics filtered by: 'score|length|fps|ratio|train/loss/|train/rand/'
train/loss/con 0.02 / train/loss/dyn 1.26 / train/loss/image 0.46 / train/loss/policy 5.9e-3 / train/loss/rep 1.26 / train/loss/repval 1.06 / train/loss/rew 0.5 / train/loss/value 1.01 / replay/replay_ratio 260 / fps/policy 12.8 / fps/train 3275.99

Writing metrics: logdir/dreamer/dmc_cheetah_run_20251129_211920/metrics.jsonl
Writing metrics: logdir/dreamer/dmc_cheetah_run_20251129_211920/scores.jsonl

--------------------[Agent Step 1_097_088]--------------------
Metrics filtered by: 'score|length|fps|ratio|train/loss/|train/rand/'
train/loss/con 0.02 / train/loss/dyn 1.25 / train/loss/image 0.46 / train/loss/policy 6.4e-3 / train/loss/rep 1.25 / train/loss/repval 1.06 / train/loss/rew 0.5 / train/loss/value 1.01 / replay/replay_ratio 260 / fps/policy 12.79 / fps/train 3273.04

Writing metrics: logdir/dreamer/dmc_cheetah_run_20251129_211920/metrics.jsonl
Writing metrics: logdir/dreamer/dmc_cheetah_run_20251129_211920/scores.jsonl

--------------------[Agent Step 1_098_640]--------------------
Metrics filtered by: 'score|length|fps|ratio|train/loss/|train/rand/'
train/loss/con 0.02 / train/loss/dyn 1.22 / train/loss/image 0.45 / train/loss/policy 6.5e-3 / train/loss/rep 1.22 / train/loss/repval 1.06 / train/loss/rew 0.5 / train/loss/value 1.02 / replay/replay_ratio 260 / fps/policy 12.8 / fps/train 3277.44

Writing metrics: logdir/dreamer/dmc_cheetah_run_20251129_211920/metrics.jsonl
Writing metrics: logdir/dreamer/dmc_cheetah_run_20251129_211920/scores.jsonl

=== Training Complete ===
End time: Tue Dec  2 16:34:23 EST 2025
