=== Resuming DMC Humanoid Walk Training ===
Job ID: 6801673
Logdir: ./logdir/dreamer/dmc_humanoid_walk_20251130_032240
Start time: Mon Dec  1 10:22:19 EST 2025

=== Verifying GPU ===
Devices: [CudaDevice(id=0)]

---  ___                           __   ______ ---
--- |   \ _ _ ___ __ _ _ __  ___ _ \ \ / /__ / ---
--- | |) | '_/ -_) _` | '  \/ -_) '/\ V / |_ \ ---
--- |___/|_| \___\__,_|_|_|_\___|_|  \_/ |___/ ---
Replica: 0 / 1
Logdir: logdir/dreamer/dmc_humanoid_walk_20251130_032240
Run script: train
Observations
  is_first         Space(bool, shape=(), low=False, high=True)
  is_last          Space(bool, shape=(), low=False, high=True)
  is_terminal      Space(bool, shape=(), low=False, high=True)
  reward           Space(float32, shape=(), low=-inf, high=inf)
  image            Space(uint8, shape=(64, 64, 3), low=0, high=255)
Actions
  action           Space(float32, shape=(21,), low=-1.0, high=1.0)
Extras
  consec           Space(int32, shape=(), low=-2147483648, high=2147483647)
  stepid           Space(uint8, shape=(20,), low=0, high=255)
  dyn/deter        Space(float32, shape=(8192,), low=-inf, high=inf)
  dyn/stoch        Space(float32, shape=(32, 64), low=-inf, high=inf)
JAX devices (1): [cuda:0]
Policy devices: cuda:0
Train devices:  cuda:0
Initializing parameters...
Optimizer opt has 165,994,796 params:
    95,499,264 dyn
    20,282,115 dec
    12,850,431 val
    12,632,106 pol
    10,749,183 rew
    10,488,833 con
     3,492,864 enc
[1]
[0]
[1]
[1]
con/head/logit/bias
[1]
[1]
con/head/logit/kernel
[1]
[1]
con/mlp/linear0/bias
[1]
[1]
con/mlp/linear0/kernel
[1]
[1]
con/mlp/norm0/scale
[1]
[1]
dec/conv0/bias
[1]
[1]
dec/conv0/kernel
[1]
[1]
dec/conv0norm/scale
[1]
[1]
dec/conv1/bias
[1]
[1]
dec/conv1/kernel
[1]
[1]
dec/conv1norm/scale
[1]
[1]
dec/conv2/bias
[1]
[1]
dec/conv2/kernel
[1]
[1]
dec/conv2norm/scale
[1]
[1]
dec/imgout/bias
[1]
[1]
dec/imgout/kernel
[1]
[1]
dec/sp0/bias
[1]
[1]
dec/sp0/kernel
[1]
[1]
dec/sp1/bias
[1]
[1]
dec/sp1/kernel
[1]
[1]
dec/sp1norm/scale
[1]
[1]
dec/sp2/bias
[1]
[1]
dec/sp2/kernel
[1]
[1]
dec/spnorm/scale
[1]
[1]
dyn/dyngru/bias
[1]
[1]
dyn/dyngru/kernel
[1]
[1]
dyn/dynhid0/bias
[1]
[1]
dyn/dynhid0/kernel
[1]
[1]
dyn/dynhid0norm/scale
[1]
[1]
dyn/dynin0/bias
[1]
[1]
dyn/dynin0/kernel
[1]
[1]
dyn/dynin0norm/scale
[1]
[1]
dyn/dynin1/bias
[1]
[1]
dyn/dynin1/kernel
[1]
[1]
dyn/dynin1norm/scale
[1]
[1]
dyn/dynin2/bias
[1]
[1]
dyn/dynin2/kernel
[1]
[1]
dyn/dynin2norm/scale
[1]
[1]
dyn/obs0/bias
[1]
[1]
dyn/obs0/kernel
[1]
[1]
dyn/obs0norm/scale
[1]
[1]
dyn/obslogit/bias
[1]
[1]
dyn/obslogit/kernel
[1]
[1]
dyn/prior0/bias
[1]
[1]
dyn/prior0/kernel
[1]
[1]
dyn/prior0norm/scale
[1]
[1]
dyn/prior1/bias
[1]
[1]
dyn/prior1/kernel
[1]
[1]
dyn/prior1norm/scale
[1]
[1]
dyn/priorlogit/bias
[1]
[1]
dyn/priorlogit/kernel
[1]
[1]
enc/cnn0/bias
[1]
[1]
enc/cnn0/kernel
[1]
[1]
enc/cnn0norm/scale
[1]
[1]
enc/cnn1/bias
[1]
[1]
enc/cnn1/kernel
[1]
[1]
enc/cnn1norm/scale
[1]
[1]
enc/cnn2/bias
[1]
[1]
enc/cnn2/kernel
[1]
[1]
enc/cnn2norm/scale
[1]
[1]
enc/cnn3/bias
[1]
[1]
enc/cnn3/kernel
[1]
[1]
enc/cnn3norm/scale
[1]
[1]
pol/head/action/mean/bias
[1]
[1]
pol/head/action/mean/kernel
[1]
[1]
pol/head/action/stddev/bias
[1]
[1]
pol/head/action/stddev/kernel
[1]
[1]
pol/mlp/linear0/bias
[1]
[1]
pol/mlp/linear0/kernel
[1]
[1]
pol/mlp/linear1/bias
[1]
[1]
pol/mlp/linear1/kernel
[1]
[1]
pol/mlp/linear2/bias
[1]
[1]
pol/mlp/linear2/kernel
[1]
[1]
pol/mlp/norm0/scale
[1]
[1]
pol/mlp/norm1/scale
[1]
[1]
pol/mlp/norm2/scale
[1]
[1]
rew/head/logits/bias
[1]
[1]
rew/head/logits/kernel
[1]
[1]
rew/mlp/linear0/bias
[1]
[1]
rew/mlp/linear0/kernel
[1]
[1]
rew/mlp/norm0/scale
[1]
[1]
val/head/logits/bias
[1]
[1]
val/head/logits/kernel
[1]
[1]
val/mlp/linear0/bias
[1]
[1]
val/mlp/linear0/kernel
[1]
[1]
val/mlp/linear1/bias
[1]
[1]
val/mlp/linear1/kernel
[1]
[1]
val/mlp/linear2/bias
[1]
[1]
val/mlp/linear2/kernel
[1]
[1]
val/mlp/norm0/scale
[1]
[1]
val/mlp/norm1/scale
[1]
[1]
val/mlp/norm2/scale
[2]
[0]
[2]
[1]
con/head/logit/bias
[2]
[1]
con/head/logit/kernel
[2]
[1]
con/mlp/linear0/bias
[2]
[1]
con/mlp/linear0/kernel
[2]
[1]
con/mlp/norm0/scale
[2]
[1]
dec/conv0/bias
[2]
[1]
dec/conv0/kernel
[2]
[1]
dec/conv0norm/scale
[2]
[1]
dec/conv1/bias
[2]
[1]
dec/conv1/kernel
[2]
[1]
dec/conv1norm/scale
[2]
[1]
dec/conv2/bias
[2]
[1]
dec/conv2/kernel
[2]
[1]
dec/conv2norm/scale
[2]
[1]
dec/imgout/bias
[2]
[1]
dec/imgout/kernel
[2]
[1]
dec/sp0/bias
[2]
[1]
dec/sp0/kernel
[2]
[1]
dec/sp1/bias
[2]
[1]
dec/sp1/kernel
[2]
[1]
dec/sp1norm/scale
[2]
[1]
dec/sp2/bias
[2]
[1]
dec/sp2/kernel
[2]
[1]
dec/spnorm/scale
[2]
[1]
dyn/dyngru/bias
[2]
[1]
dyn/dyngru/kernel
[2]
[1]
dyn/dynhid0/bias
[2]
[1]
dyn/dynhid0/kernel
[2]
[1]
dyn/dynhid0norm/scale
[2]
[1]
dyn/dynin0/bias
[2]
[1]
dyn/dynin0/kernel
[2]
[1]
dyn/dynin0norm/scale
[2]
[1]
dyn/dynin1/bias
[2]
[1]
dyn/dynin1/kernel
[2]
[1]
dyn/dynin1norm/scale
[2]
[1]
dyn/dynin2/bias
[2]
[1]
dyn/dynin2/kernel
[2]
[1]
dyn/dynin2norm/scale
[2]
[1]
dyn/obs0/bias
[2]
[1]
dyn/obs0/kernel
[2]
[1]
dyn/obs0norm/scale
[2]
[1]
dyn/obslogit/bias
[2]
[1]
dyn/obslogit/kernel
[2]
[1]
dyn/prior0/bias
[2]
[1]
dyn/prior0/kernel
[2]
[1]
dyn/prior0norm/scale
[2]
[1]
dyn/prior1/bias
[2]
[1]
dyn/prior1/kernel
[2]
[1]
dyn/prior1norm/scale
[2]
[1]
dyn/priorlogit/bias
[2]
[1]
dyn/priorlogit/kernel
[2]
[1]
enc/cnn0/bias
[2]
[1]
enc/cnn0/kernel
[2]
[1]
enc/cnn0norm/scale
[2]
[1]
enc/cnn1/bias
[2]
[1]
enc/cnn1/kernel
[2]
[1]
enc/cnn1norm/scale
[2]
[1]
enc/cnn2/bias
[2]
[1]
enc/cnn2/kernel
[2]
[1]
enc/cnn2norm/scale
[2]
[1]
enc/cnn3/bias
[2]
[1]
enc/cnn3/kernel
[2]
[1]
enc/cnn3norm/scale
[2]
[1]
pol/head/action/mean/bias
[2]
[1]
pol/head/action/mean/kernel
[2]
[1]
pol/head/action/stddev/bias
[2]
[1]
pol/head/action/stddev/kernel
[2]
[1]
pol/mlp/linear0/bias
[2]
[1]
pol/mlp/linear0/kernel
[2]
[1]
pol/mlp/linear1/bias
[2]
[1]
pol/mlp/linear1/kernel
[2]
[1]
pol/mlp/linear2/bias
[2]
[1]
pol/mlp/linear2/kernel
[2]
[1]
pol/mlp/norm0/scale
[2]
[1]
pol/mlp/norm1/scale
[2]
[1]
pol/mlp/norm2/scale
[2]
[1]
rew/head/logits/bias
[2]
[1]
rew/head/logits/kernel
[2]
[1]
rew/mlp/linear0/bias
[2]
[1]
rew/mlp/linear0/kernel
[2]
[1]
rew/mlp/norm0/scale
[2]
[1]
val/head/logits/bias
[2]
[1]
val/head/logits/kernel
[2]
[1]
val/mlp/linear0/bias
[2]
[1]
val/mlp/linear0/kernel
[2]
[1]
val/mlp/linear1/bias
[2]
[1]
val/mlp/linear1/kernel
[2]
[1]
val/mlp/linear2/bias
[2]
[1]
val/mlp/linear2/kernel
[2]
[1]
val/mlp/norm0/scale
[2]
[1]
val/mlp/norm1/scale
[2]
[1]
val/mlp/norm2/scale
[3]
.count
[1]
[0]
[1]
[1]
con/head/logit/bias
[1]
[1]
con/head/logit/kernel
[1]
[1]
con/mlp/linear0/bias
[1]
[1]
con/mlp/linear0/kernel
[1]
[1]
con/mlp/norm0/scale
[1]
[1]
dec/conv0/bias
[1]
[1]
dec/conv0/kernel
[1]
[1]
dec/conv0norm/scale
[1]
[1]
dec/conv1/bias
[1]
[1]
dec/conv1/kernel
[1]
[1]
dec/conv1norm/scale
[1]
[1]
dec/conv2/bias
[1]
[1]
dec/conv2/kernel
[1]
[1]
dec/conv2norm/scale
[1]
[1]
dec/imgout/bias
[1]
[1]
dec/imgout/kernel
[1]
[1]
dec/sp0/bias
[1]
[1]
dec/sp0/kernel
[1]
[1]
dec/sp1/bias
[1]
[1]
dec/sp1/kernel
[1]
[1]
dec/sp1norm/scale
[1]
[1]
dec/sp2/bias
[1]
[1]
dec/sp2/kernel
[1]
[1]
dec/spnorm/scale
[1]
[1]
dyn/dyngru/bias
[1]
[1]
dyn/dyngru/kernel
[1]
[1]
dyn/dynhid0/bias
[1]
[1]
dyn/dynhid0/kernel
[1]
[1]
dyn/dynhid0norm/scale
[1]
[1]
dyn/dynin0/bias
[1]
[1]
dyn/dynin0/kernel
[1]
[1]
dyn/dynin0norm/scale
[1]
[1]
dyn/dynin1/bias
[1]
[1]
dyn/dynin1/kernel
[1]
[1]
dyn/dynin1norm/scale
[1]
[1]
dyn/dynin2/bias
[1]
[1]
dyn/dynin2/kernel
[1]
[1]
dyn/dynin2norm/scale
[1]
[1]
dyn/obs0/bias
[1]
[1]
dyn/obs0/kernel
[1]
[1]
dyn/obs0norm/scale
[1]
[1]
dyn/obslogit/bias
[1]
[1]
dyn/obslogit/kernel
[1]
[1]
dyn/prior0/bias
[1]
[1]
dyn/prior0/kernel
[1]
[1]
dyn/prior0norm/scale
[1]
[1]
dyn/prior1/bias
[1]
[1]
dyn/prior1/kernel
[1]
[1]
dyn/prior1norm/scale
[1]
[1]
dyn/priorlogit/bias
[1]
[1]
dyn/priorlogit/kernel
[1]
[1]
enc/cnn0/bias
[1]
[1]
enc/cnn0/kernel
[1]
[1]
enc/cnn0norm/scale
[1]
[1]
enc/cnn1/bias
[1]
[1]
enc/cnn1/kernel
[1]
[1]
enc/cnn1norm/scale
[1]
[1]
enc/cnn2/bias
[1]
[1]
enc/cnn2/kernel
[1]
[1]
enc/cnn2norm/scale
[1]
[1]
enc/cnn3/bias
[1]
[1]
enc/cnn3/kernel
[1]
[1]
enc/cnn3norm/scale
[1]
[1]
pol/head/action/mean/bias
[1]
[1]
pol/head/action/mean/kernel
[1]
[1]
pol/head/action/stddev/bias
[1]
[1]
pol/head/action/stddev/kernel
[1]
[1]
pol/mlp/linear0/bias
[1]
[1]
pol/mlp/linear0/kernel
[1]
[1]
pol/mlp/linear1/bias
[1]
[1]
pol/mlp/linear1/kernel
[1]
[1]
pol/mlp/linear2/bias
[1]
[1]
pol/mlp/linear2/kernel
[1]
[1]
pol/mlp/norm0/scale
[1]
[1]
pol/mlp/norm1/scale
[1]
[1]
pol/mlp/norm2/scale
[1]
[1]
rew/head/logits/bias
[1]
[1]
rew/head/logits/kernel
[1]
[1]
rew/mlp/linear0/bias
[1]
[1]
rew/mlp/linear0/kernel
[1]
[1]
rew/mlp/norm0/scale
[1]
[1]
val/head/logits/bias
[1]
[1]
val/head/logits/kernel
[1]
[1]
val/mlp/linear0/bias
[1]
[1]
val/mlp/linear0/kernel
[1]
[1]
val/mlp/linear1/bias
[1]
[1]
val/mlp/linear1/kernel
[1]
[1]
val/mlp/linear2/bias
[1]
[1]
val/mlp/linear2/kernel
[1]
[1]
val/mlp/norm0/scale
[1]
[1]
val/mlp/norm1/scale
[1]
[1]
val/mlp/norm2/scale
[2]
[0]
[2]
[1]
con/head/logit/bias
[2]
[1]
con/head/logit/kernel
[2]
[1]
con/mlp/linear0/bias
[2]
[1]
con/mlp/linear0/kernel
[2]
[1]
con/mlp/norm0/scale
[2]
[1]
dec/conv0/bias
[2]
[1]
dec/conv0/kernel
[2]
[1]
dec/conv0norm/scale
[2]
[1]
dec/conv1/bias
[2]
[1]
dec/conv1/kernel
[2]
[1]
dec/conv1norm/scale
[2]
[1]
dec/conv2/bias
[2]
[1]
dec/conv2/kernel
[2]
[1]
dec/conv2norm/scale
[2]
[1]
dec/imgout/bias
[2]
[1]
dec/imgout/kernel
[2]
[1]
dec/sp0/bias
[2]
[1]
dec/sp0/kernel
[2]
[1]
dec/sp1/bias
[2]
[1]
dec/sp1/kernel
[2]
[1]
dec/sp1norm/scale
[2]
[1]
dec/sp2/bias
[2]
[1]
dec/sp2/kernel
[2]
[1]
dec/spnorm/scale
[2]
[1]
dyn/dyngru/bias
[2]
[1]
dyn/dyngru/kernel
[2]
[1]
dyn/dynhid0/bias
[2]
[1]
dyn/dynhid0/kernel
[2]
[1]
dyn/dynhid0norm/scale
[2]
[1]
dyn/dynin0/bias
[2]
[1]
dyn/dynin0/kernel
[2]
[1]
dyn/dynin0norm/scale
[2]
[1]
dyn/dynin1/bias
[2]
[1]
dyn/dynin1/kernel
[2]
[1]
dyn/dynin1norm/scale
[2]
[1]
dyn/dynin2/bias
[2]
[1]
dyn/dynin2/kernel
[2]
[1]
dyn/dynin2norm/scale
[2]
[1]
dyn/obs0/bias
[2]
[1]
dyn/obs0/kernel
[2]
[1]
dyn/obs0norm/scale
[2]
[1]
dyn/obslogit/bias
[2]
[1]
dyn/obslogit/kernel
[2]
[1]
dyn/prior0/bias
[2]
[1]
dyn/prior0/kernel
[2]
[1]
dyn/prior0norm/scale
[2]
[1]
dyn/prior1/bias
[2]
[1]
dyn/prior1/kernel
[2]
[1]
dyn/prior1norm/scale
[2]
[1]
dyn/priorlogit/bias
[2]
[1]
dyn/priorlogit/kernel
[2]
[1]
enc/cnn0/bias
[2]
[1]
enc/cnn0/kernel
[2]
[1]
enc/cnn0norm/scale
[2]
[1]
enc/cnn1/bias
[2]
[1]
enc/cnn1/kernel
[2]
[1]
enc/cnn1norm/scale
[2]
[1]
enc/cnn2/bias
[2]
[1]
enc/cnn2/kernel
[2]
[1]
enc/cnn2norm/scale
[2]
[1]
enc/cnn3/bias
[2]
[1]
enc/cnn3/kernel
[2]
[1]
enc/cnn3norm/scale
[2]
[1]
pol/head/action/mean/bias
[2]
[1]
pol/head/action/mean/kernel
[2]
[1]
pol/head/action/stddev/bias
[2]
[1]
pol/head/action/stddev/kernel
[2]
[1]
pol/mlp/linear0/bias
[2]
[1]
pol/mlp/linear0/kernel
[2]
[1]
pol/mlp/linear1/bias
[2]
[1]
pol/mlp/linear1/kernel
[2]
[1]
pol/mlp/linear2/bias
[2]
[1]
pol/mlp/linear2/kernel
[2]
[1]
pol/mlp/norm0/scale
[2]
[1]
pol/mlp/norm1/scale
[2]
[1]
pol/mlp/norm2/scale
[2]
[1]
rew/head/logits/bias
[2]
[1]
rew/head/logits/kernel
[2]
[1]
rew/mlp/linear0/bias
[2]
[1]
rew/mlp/linear0/kernel
[2]
[1]
rew/mlp/norm0/scale
[2]
[1]
val/head/logits/bias
[2]
[1]
val/head/logits/kernel
[2]
[1]
val/mlp/linear0/bias
[2]
[1]
val/mlp/linear0/kernel
[2]
[1]
val/mlp/linear1/bias
[2]
[1]
val/mlp/linear1/kernel
[2]
[1]
val/mlp/linear2/bias
[2]
[1]
val/mlp/linear2/kernel
[2]
[1]
val/mlp/norm0/scale
[2]
[1]
val/mlp/norm1/scale
[2]
[1]
val/mlp/norm2/scale
[3]
.count
Done initializing!
Compiling 1 checkpoint groups...
Largest checkpoint group: 2 GB
Compiling train and report...
[1]
[0]
[1]
[1]
con/head/logit/bias
[1]
[1]
con/head/logit/kernel
[1]
[1]
con/mlp/linear0/bias
[1]
[1]
con/mlp/linear0/kernel
[1]
[1]
con/mlp/norm0/scale
[1]
[1]
dec/conv0/bias
[1]
[1]
dec/conv0/kernel
[1]
[1]
dec/conv0norm/scale
[1]
[1]
dec/conv1/bias
[1]
[1]
dec/conv1/kernel
[1]
[1]
dec/conv1norm/scale
[1]
[1]
dec/conv2/bias
[1]
[1]
dec/conv2/kernel
[1]
[1]
dec/conv2norm/scale
[1]
[1]
dec/imgout/bias
[1]
[1]
dec/imgout/kernel
[1]
[1]
dec/sp0/bias
[1]
[1]
dec/sp0/kernel
[1]
[1]
dec/sp1/bias
[1]
[1]
dec/sp1/kernel
[1]
[1]
dec/sp1norm/scale
[1]
[1]
dec/sp2/bias
[1]
[1]
dec/sp2/kernel
[1]
[1]
dec/spnorm/scale
[1]
[1]
dyn/dyngru/bias
[1]
[1]
dyn/dyngru/kernel
[1]
[1]
dyn/dynhid0/bias
[1]
[1]
dyn/dynhid0/kernel
[1]
[1]
dyn/dynhid0norm/scale
[1]
[1]
dyn/dynin0/bias
[1]
[1]
dyn/dynin0/kernel
[1]
[1]
dyn/dynin0norm/scale
[1]
[1]
dyn/dynin1/bias
[1]
[1]
dyn/dynin1/kernel
[1]
[1]
dyn/dynin1norm/scale
[1]
[1]
dyn/dynin2/bias
[1]
[1]
dyn/dynin2/kernel
[1]
[1]
dyn/dynin2norm/scale
[1]
[1]
dyn/obs0/bias
[1]
[1]
dyn/obs0/kernel
[1]
[1]
dyn/obs0norm/scale
[1]
[1]
dyn/obslogit/bias
[1]
[1]
dyn/obslogit/kernel
[1]
[1]
dyn/prior0/bias
[1]
[1]
dyn/prior0/kernel
[1]
[1]
dyn/prior0norm/scale
[1]
[1]
dyn/prior1/bias
[1]
[1]
dyn/prior1/kernel
[1]
[1]
dyn/prior1norm/scale
[1]
[1]
dyn/priorlogit/bias
[1]
[1]
dyn/priorlogit/kernel
[1]
[1]
enc/cnn0/bias
[1]
[1]
enc/cnn0/kernel
[1]
[1]
enc/cnn0norm/scale
[1]
[1]
enc/cnn1/bias
[1]
[1]
enc/cnn1/kernel
[1]
[1]
enc/cnn1norm/scale
[1]
[1]
enc/cnn2/bias
[1]
[1]
enc/cnn2/kernel
[1]
[1]
enc/cnn2norm/scale
[1]
[1]
enc/cnn3/bias
[1]
[1]
enc/cnn3/kernel
[1]
[1]
enc/cnn3norm/scale
[1]
[1]
pol/head/action/mean/bias
[1]
[1]
pol/head/action/mean/kernel
[1]
[1]
pol/head/action/stddev/bias
[1]
[1]
pol/head/action/stddev/kernel
[1]
[1]
pol/mlp/linear0/bias
[1]
[1]
pol/mlp/linear0/kernel
[1]
[1]
pol/mlp/linear1/bias
[1]
[1]
pol/mlp/linear1/kernel
[1]
[1]
pol/mlp/linear2/bias
[1]
[1]
pol/mlp/linear2/kernel
[1]
[1]
pol/mlp/norm0/scale
[1]
[1]
pol/mlp/norm1/scale
[1]
[1]
pol/mlp/norm2/scale
[1]
[1]
rew/head/logits/bias
[1]
[1]
rew/head/logits/kernel
[1]
[1]
rew/mlp/linear0/bias
[1]
[1]
rew/mlp/linear0/kernel
[1]
[1]
rew/mlp/norm0/scale
[1]
[1]
val/head/logits/bias
[1]
[1]
val/head/logits/kernel
[1]
[1]
val/mlp/linear0/bias
[1]
[1]
val/mlp/linear0/kernel
[1]
[1]
val/mlp/linear1/bias
[1]
[1]
val/mlp/linear1/kernel
[1]
[1]
val/mlp/linear2/bias
[1]
[1]
val/mlp/linear2/kernel
[1]
[1]
val/mlp/norm0/scale
[1]
[1]
val/mlp/norm1/scale
[1]
[1]
val/mlp/norm2/scale
[2]
[0]
[2]
[1]
con/head/logit/bias
[2]
[1]
con/head/logit/kernel
[2]
[1]
con/mlp/linear0/bias
[2]
[1]
con/mlp/linear0/kernel
[2]
[1]
con/mlp/norm0/scale
[2]
[1]
dec/conv0/bias
[2]
[1]
dec/conv0/kernel
[2]
[1]
dec/conv0norm/scale
[2]
[1]
dec/conv1/bias
[2]
[1]
dec/conv1/kernel
[2]
[1]
dec/conv1norm/scale
[2]
[1]
dec/conv2/bias
[2]
[1]
dec/conv2/kernel
[2]
[1]
dec/conv2norm/scale
[2]
[1]
dec/imgout/bias
[2]
[1]
dec/imgout/kernel
[2]
[1]
dec/sp0/bias
[2]
[1]
dec/sp0/kernel
[2]
[1]
dec/sp1/bias
[2]
[1]
dec/sp1/kernel
[2]
[1]
dec/sp1norm/scale
[2]
[1]
dec/sp2/bias
[2]
[1]
dec/sp2/kernel
[2]
[1]
dec/spnorm/scale
[2]
[1]
dyn/dyngru/bias
[2]
[1]
dyn/dyngru/kernel
[2]
[1]
dyn/dynhid0/bias
[2]
[1]
dyn/dynhid0/kernel
[2]
[1]
dyn/dynhid0norm/scale
[2]
[1]
dyn/dynin0/bias
[2]
[1]
dyn/dynin0/kernel
[2]
[1]
dyn/dynin0norm/scale
[2]
[1]
dyn/dynin1/bias
[2]
[1]
dyn/dynin1/kernel
[2]
[1]
dyn/dynin1norm/scale
[2]
[1]
dyn/dynin2/bias
[2]
[1]
dyn/dynin2/kernel
[2]
[1]
dyn/dynin2norm/scale
[2]
[1]
dyn/obs0/bias
[2]
[1]
dyn/obs0/kernel
[2]
[1]
dyn/obs0norm/scale
[2]
[1]
dyn/obslogit/bias
[2]
[1]
dyn/obslogit/kernel
[2]
[1]
dyn/prior0/bias
[2]
[1]
dyn/prior0/kernel
[2]
[1]
dyn/prior0norm/scale
[2]
[1]
dyn/prior1/bias
[2]
[1]
dyn/prior1/kernel
[2]
[1]
dyn/prior1norm/scale
[2]
[1]
dyn/priorlogit/bias
[2]
[1]
dyn/priorlogit/kernel
[2]
[1]
enc/cnn0/bias
[2]
[1]
enc/cnn0/kernel
[2]
[1]
enc/cnn0norm/scale
[2]
[1]
enc/cnn1/bias
[2]
[1]
enc/cnn1/kernel
[2]
[1]
enc/cnn1norm/scale
[2]
[1]
enc/cnn2/bias
[2]
[1]
enc/cnn2/kernel
[2]
[1]
enc/cnn2norm/scale
[2]
[1]
enc/cnn3/bias
[2]
[1]
enc/cnn3/kernel
[2]
[1]
enc/cnn3norm/scale
[2]
[1]
pol/head/action/mean/bias
[2]
[1]
pol/head/action/mean/kernel
[2]
[1]
pol/head/action/stddev/bias
[2]
[1]
pol/head/action/stddev/kernel
[2]
[1]
pol/mlp/linear0/bias
[2]
[1]
pol/mlp/linear0/kernel
[2]
[1]
pol/mlp/linear1/bias
[2]
[1]
pol/mlp/linear1/kernel
[2]
[1]
pol/mlp/linear2/bias
[2]
[1]
pol/mlp/linear2/kernel
[2]
[1]
pol/mlp/norm0/scale
[2]
[1]
pol/mlp/norm1/scale
[2]
[1]
pol/mlp/norm2/scale
[2]
[1]
rew/head/logits/bias
[2]
[1]
rew/head/logits/kernel
[2]
[1]
rew/mlp/linear0/bias
[2]
[1]
rew/mlp/linear0/kernel
[2]
[1]
rew/mlp/norm0/scale
[2]
[1]
val/head/logits/bias
[2]
[1]
val/head/logits/kernel
[2]
[1]
val/mlp/linear0/bias
[2]
[1]
val/mlp/linear0/kernel
[2]
[1]
val/mlp/linear1/bias
[2]
[1]
val/mlp/linear1/kernel
[2]
[1]
val/mlp/linear2/bias
[2]
[1]
val/mlp/linear2/kernel
[2]
[1]
val/mlp/norm0/scale
[2]
[1]
val/mlp/norm1/scale
[2]
[1]
val/mlp/norm2/scale
[3]
.count
Train cost analysis:
No available
Report cost analysis:
No available
Done compiling!
Found existing checkpoint.
Loading checkpoint: logdir/dreamer/dmc_humanoid_walk_20251130_032240/ckpt/20251201T041107F409361
Loaded checkpoint.
Start training loop

--------------------[Agent Step 799_008]--------------------
Metrics filtered by: 'score|length|fps|ratio|train/loss/|train/rand/'
train/loss/con 0.02 / train/loss/dyn 5.65 / train/loss/image 8.19 / train/loss/policy -0.01 / train/loss/rep 5.65 / train/loss/repval 0.02 / train/loss/rew 6.9e-3 / train/loss/value 0.01 / replay/replay_ratio 737.29 / fps/policy 9.8 / fps/train 2508.83

Writing metrics: logdir/dreamer/dmc_humanoid_walk_20251130_032240/metrics.jsonl
Writing metrics: logdir/dreamer/dmc_humanoid_walk_20251130_032240/scores.jsonl

--------------------[Agent Step 800_464]--------------------
Metrics filtered by: 'score|length|fps|ratio|train/loss/|train/rand/'
train/loss/con 0.02 / train/loss/dyn 4.81 / train/loss/image 7.74 / train/loss/policy -8.3e-3 / train/loss/rep 4.81 / train/loss/repval 0.02 / train/loss/rew 6.3e-3 / train/loss/value 0.01 / replay/replay_ratio 260 / fps/policy 12.05 / fps/train 3084.42

Writing metrics: logdir/dreamer/dmc_humanoid_walk_20251130_032240/metrics.jsonl
Writing metrics: logdir/dreamer/dmc_humanoid_walk_20251130_032240/scores.jsonl

--------------------[Agent Step 802_016]--------------------
Metrics filtered by: 'score|length|fps|ratio|train/loss/|train/rand/'
train/loss/con 0.02 / train/loss/dyn 4.55 / train/loss/image 7.6 / train/loss/policy -0.01 / train/loss/rep 4.55 / train/loss/repval 0.02 / train/loss/rew 6.8e-3 / train/loss/value 0.01 / replay/replay_ratio 260 / fps/policy 12.91 / fps/train 3305.7

Writing metrics: logdir/dreamer/dmc_humanoid_walk_20251130_032240/metrics.jsonl
Writing metrics: logdir/dreamer/dmc_humanoid_walk_20251130_032240/scores.jsonl

--------------------[Agent Step 803_568]--------------------
Metrics filtered by: 'score|length|fps|ratio|train/loss/|train/rand/'
train/loss/con 0.02 / train/loss/dyn 4.28 / train/loss/image 7.42 / train/loss/policy -9.2e-3 / train/loss/rep 4.28 / train/loss/repval 0.02 / train/loss/rew 6.8e-3 / train/loss/value 0.01 / replay/replay_ratio 260 / fps/policy 12.89 / fps/train 3299.72

Writing metrics: logdir/dreamer/dmc_humanoid_walk_20251130_032240/metrics.jsonl
Writing metrics: logdir/dreamer/dmc_humanoid_walk_20251130_032240/scores.jsonl

--------------------[Agent Step 805_120]--------------------
Metrics filtered by: 'score|length|fps|ratio|train/loss/|train/rand/'
train/loss/con 0.02 / train/loss/dyn 4.22 / train/loss/image 7.35 / train/loss/policy -8.9e-3 / train/loss/rep 4.22 / train/loss/repval 0.02 / train/loss/rew 6.4e-3 / train/loss/value 0.01 / replay/replay_ratio 260 / fps/policy 12.87 / fps/train 3293.76

Writing metrics: logdir/dreamer/dmc_humanoid_walk_20251130_032240/metrics.jsonl
Writing metrics: logdir/dreamer/dmc_humanoid_walk_20251130_032240/scores.jsonl

--------------------[Agent Step 806_688]--------------------
Metrics filtered by: 'score|length|fps|ratio|train/loss/|train/rand/'
train/loss/con 0.02 / train/loss/dyn 4.03 / train/loss/image 7.2 / train/loss/policy -9e-3 / train/loss/rep 4.03 / train/loss/repval 0.02 / train/loss/rew 6.4e-3 / train/loss/value 0.01 / replay/replay_ratio 260 / fps/policy 12.94 / fps/train 3311.86

Writing metrics: logdir/dreamer/dmc_humanoid_walk_20251130_032240/metrics.jsonl
Writing metrics: logdir/dreamer/dmc_humanoid_walk_20251130_032240/scores.jsonl

--------------------[Agent Step 808_240]--------------------
Metrics filtered by: 'score|length|fps|ratio|train/loss/|train/rand/'
train/loss/con 0.02 / train/loss/dyn 4.08 / train/loss/image 7.23 / train/loss/policy -9.5e-3 / train/loss/rep 4.08 / train/loss/repval 0.02 / train/loss/rew 6e-3 / train/loss/value 0.01 / replay/replay_ratio 260 / fps/policy 12.93 / fps/train 3309.58

Writing metrics: logdir/dreamer/dmc_humanoid_walk_20251130_032240/metrics.jsonl
Writing metrics: logdir/dreamer/dmc_humanoid_walk_20251130_032240/scores.jsonl
Saving checkpoint: logdir/dreamer/dmc_humanoid_walk_20251130_032240/ckpt/20251201T103857F030966
Saved checkpoint.

--------------------[Agent Step 809_632]--------------------
Metrics filtered by: 'score|length|fps|ratio|train/loss/|train/rand/'
train/loss/con 0.02 / train/loss/dyn 4 / train/loss/image 7.17 / train/loss/policy -9.4e-3 / train/loss/rep 4 / train/loss/repval 0.02 / train/loss/rew 5.7e-3 / train/loss/value 9.6e-3 / replay/replay_ratio 260 / fps/policy 11.52 / fps/train 2950.18

Writing metrics: logdir/dreamer/dmc_humanoid_walk_20251130_032240/metrics.jsonl
Writing metrics: logdir/dreamer/dmc_humanoid_walk_20251130_032240/scores.jsonl

--------------------[Agent Step 811_184]--------------------
Metrics filtered by: 'score|length|fps|ratio|train/loss/|train/rand/'
train/loss/con 0.02 / train/loss/dyn 4.06 / train/loss/image 7.21 / train/loss/policy -8.8e-3 / train/loss/rep 4.06 / train/loss/repval 0.02 / train/loss/rew 5.9e-3 / train/loss/value 9.5e-3 / replay/replay_ratio 260 / fps/policy 12.89 / fps/train 3300.86

Writing metrics: logdir/dreamer/dmc_humanoid_walk_20251130_032240/metrics.jsonl
Writing metrics: logdir/dreamer/dmc_humanoid_walk_20251130_032240/scores.jsonl

--------------------[Agent Step 812_736]--------------------
Metrics filtered by: 'score|length|fps|ratio|train/loss/|train/rand/'
train/loss/con 0.02 / train/loss/dyn 4.03 / train/loss/image 7.23 / train/loss/policy -9.9e-3 / train/loss/rep 4.03 / train/loss/repval 0.02 / train/loss/rew 6.7e-3 / train/loss/value 0.01 / replay/replay_ratio 260 / fps/policy 12.92 / fps/train 3308.77

Writing metrics: logdir/dreamer/dmc_humanoid_walk_20251130_032240/metrics.jsonl
Writing metrics: logdir/dreamer/dmc_humanoid_walk_20251130_032240/scores.jsonl

--------------------[Agent Step 814_288]--------------------
Metrics filtered by: 'score|length|fps|ratio|train/loss/|train/rand/'
episode/score 0.34 / episode/length 1001 / train/loss/con 0.02 / train/loss/dyn 4.06 / train/loss/image 7.24 / train/loss/policy -9.3e-3 / train/loss/rep 4.06 / train/loss/repval 0.02 / train/loss/rew 6.5e-3 / train/loss/value 0.01 / replay/replay_ratio 260 / fps/policy 12.89 / fps/train 3300.47

Writing metrics: logdir/dreamer/dmc_humanoid_walk_20251130_032240/metrics.jsonl
Writing metrics: logdir/dreamer/dmc_humanoid_walk_20251130_032240/scores.jsonl

--------------------[Agent Step 815_840]--------------------
Metrics filtered by: 'score|length|fps|ratio|train/loss/|train/rand/'
train/loss/con 0.02 / train/loss/dyn 4.02 / train/loss/image 7.22 / train/loss/policy -9.8e-3 / train/loss/rep 4.02 / train/loss/repval 0.02 / train/loss/rew 6.5e-3 / train/loss/value 0.01 / replay/replay_ratio 260 / fps/policy 12.94 / fps/train 3311.53

Writing metrics: logdir/dreamer/dmc_humanoid_walk_20251130_032240/metrics.jsonl
Writing metrics: logdir/dreamer/dmc_humanoid_walk_20251130_032240/scores.jsonl

--------------------[Agent Step 817_392]--------------------
Metrics filtered by: 'score|length|fps|ratio|train/loss/|train/rand/'
train/loss/con 0.02 / train/loss/dyn 4.07 / train/loss/image 7.22 / train/loss/policy -0.01 / train/loss/rep 4.07 / train/loss/repval 0.02 / train/loss/rew 6.3e-3 / train/loss/value 0.01 / replay/replay_ratio 260 / fps/policy 12.92 / fps/train 3307.89

Writing metrics: logdir/dreamer/dmc_humanoid_walk_20251130_032240/metrics.jsonl
Writing metrics: logdir/dreamer/dmc_humanoid_walk_20251130_032240/scores.jsonl

--------------------[Agent Step 818_944]--------------------
Metrics filtered by: 'score|length|fps|ratio|train/loss/|train/rand/'
train/loss/con 0.02 / train/loss/dyn 4.02 / train/loss/image 7.18 / train/loss/policy -9.2e-3 / train/loss/rep 4.02 / train/loss/repval 0.02 / train/loss/rew 5.8e-3 / train/loss/value 9.6e-3 / replay/replay_ratio 260 / fps/policy 12.93 / fps/train 3310.48

Writing metrics: logdir/dreamer/dmc_humanoid_walk_20251130_032240/metrics.jsonl
Writing metrics: logdir/dreamer/dmc_humanoid_walk_20251130_032240/scores.jsonl
Saving checkpoint: logdir/dreamer/dmc_humanoid_walk_20251130_032240/ckpt/20251201T105357F075730
Saved checkpoint.

--------------------[Agent Step 820_448]--------------------
Metrics filtered by: 'score|length|fps|ratio|train/loss/|train/rand/'
train/loss/con 0.02 / train/loss/dyn 3.94 / train/loss/image 7.14 / train/loss/policy -9.6e-3 / train/loss/rep 3.94 / train/loss/repval 0.02 / train/loss/rew 6e-3 / train/loss/value 0.01 / replay/replay_ratio 260 / fps/policy 11.26 / fps/train 2883.5

Writing metrics: logdir/dreamer/dmc_humanoid_walk_20251130_032240/metrics.jsonl
Writing metrics: logdir/dreamer/dmc_humanoid_walk_20251130_032240/scores.jsonl

--------------------[Agent Step 821_984]--------------------
Metrics filtered by: 'score|length|fps|ratio|train/loss/|train/rand/'
train/loss/con 0.02 / train/loss/dyn 4 / train/loss/image 7.2 / train/loss/policy -9.7e-3 / train/loss/rep 4 / train/loss/repval 0.02 / train/loss/rew 6.3e-3 / train/loss/value 0.01 / replay/replay_ratio 260 / fps/policy 12.79 / fps/train 3274.51

Writing metrics: logdir/dreamer/dmc_humanoid_walk_20251130_032240/metrics.jsonl
Writing metrics: logdir/dreamer/dmc_humanoid_walk_20251130_032240/scores.jsonl

--------------------[Agent Step 823_536]--------------------
Metrics filtered by: 'score|length|fps|ratio|train/loss/|train/rand/'
train/loss/con 0.02 / train/loss/dyn 4.09 / train/loss/image 7.25 / train/loss/policy -9.6e-3 / train/loss/rep 4.09 / train/loss/repval 0.02 / train/loss/rew 6.3e-3 / train/loss/value 0.01 / replay/replay_ratio 260 / fps/policy 12.92 / fps/train 3307.59

Writing metrics: logdir/dreamer/dmc_humanoid_walk_20251130_032240/metrics.jsonl
Writing metrics: logdir/dreamer/dmc_humanoid_walk_20251130_032240/scores.jsonl

--------------------[Agent Step 825_088]--------------------
Metrics filtered by: 'score|length|fps|ratio|train/loss/|train/rand/'
train/loss/con 0.02 / train/loss/dyn 4.03 / train/loss/image 7.2 / train/loss/policy -9.2e-3 / train/loss/rep 4.03 / train/loss/repval 0.02 / train/loss/rew 6.6e-3 / train/loss/value 0.01 / replay/replay_ratio 260 / fps/policy 12.9 / fps/train 3302.88

Writing metrics: logdir/dreamer/dmc_humanoid_walk_20251130_032240/metrics.jsonl
Writing metrics: logdir/dreamer/dmc_humanoid_walk_20251130_032240/scores.jsonl

--------------------[Agent Step 826_640]--------------------
Metrics filtered by: 'score|length|fps|ratio|train/loss/|train/rand/'
train/loss/con 0.02 / train/loss/dyn 4.04 / train/loss/image 7.19 / train/loss/policy -9.6e-3 / train/loss/rep 4.04 / train/loss/repval 0.02 / train/loss/rew 6.1e-3 / train/loss/value 0.01 / replay/replay_ratio 260 / fps/policy 12.91 / fps/train 3305.16

Writing metrics: logdir/dreamer/dmc_humanoid_walk_20251130_032240/metrics.jsonl
Writing metrics: logdir/dreamer/dmc_humanoid_walk_20251130_032240/scores.jsonl

--------------------[Agent Step 828_192]--------------------
Metrics filtered by: 'score|length|fps|ratio|train/loss/|train/rand/'
train/loss/con 0.02 / train/loss/dyn 4.06 / train/loss/image 7.23 / train/loss/policy -9.6e-3 / train/loss/rep 4.06 / train/loss/repval 0.02 / train/loss/rew 6.3e-3 / train/loss/value 0.01 / replay/replay_ratio 260 / fps/policy 12.88 / fps/train 3296.48

Writing metrics: logdir/dreamer/dmc_humanoid_walk_20251130_032240/metrics.jsonl
Writing metrics: logdir/dreamer/dmc_humanoid_walk_20251130_032240/scores.jsonl

--------------------[Agent Step 829_744]--------------------
Metrics filtered by: 'score|length|fps|ratio|train/loss/|train/rand/'
episode/score 2.3 / episode/length 1001 / train/loss/con 0.02 / train/loss/dyn 4.02 / train/loss/image 7.2 / train/loss/policy -9.7e-3 / train/loss/rep 4.02 / train/loss/repval 0.02 / train/loss/rew 6.9e-3 / train/loss/value 0.01 / replay/replay_ratio 260 / fps/policy 12.91 / fps/train 3305.86

Writing metrics: logdir/dreamer/dmc_humanoid_walk_20251130_032240/metrics.jsonl
Writing metrics: logdir/dreamer/dmc_humanoid_walk_20251130_032240/scores.jsonl

--------------------[Agent Step 831_296]--------------------
Metrics filtered by: 'score|length|fps|ratio|train/loss/|train/rand/'
train/loss/con 0.02 / train/loss/dyn 4.02 / train/loss/image 7.19 / train/loss/policy -8.6e-3 / train/loss/rep 4.02 / train/loss/repval 0.02 / train/loss/rew 5.7e-3 / train/loss/value 9.5e-3 / replay/replay_ratio 260 / fps/policy 12.91 / fps/train 3305.28

Writing metrics: logdir/dreamer/dmc_humanoid_walk_20251130_032240/metrics.jsonl
Writing metrics: logdir/dreamer/dmc_humanoid_walk_20251130_032240/scores.jsonl
Saving checkpoint: logdir/dreamer/dmc_humanoid_walk_20251130_032240/ckpt/20251201T110857F919620
Saved checkpoint.

--------------------[Agent Step 832_656]--------------------
Metrics filtered by: 'score|length|fps|ratio|train/loss/|train/rand/'
train/loss/con 0.02 / train/loss/dyn 3.97 / train/loss/image 7.16 / train/loss/policy -9.4e-3 / train/loss/rep 3.97 / train/loss/repval 0.02 / train/loss/rew 6.3e-3 / train/loss/value 0.01 / replay/replay_ratio 260 / fps/policy 11.23 / fps/train 2875.43

Writing metrics: logdir/dreamer/dmc_humanoid_walk_20251130_032240/metrics.jsonl
Writing metrics: logdir/dreamer/dmc_humanoid_walk_20251130_032240/scores.jsonl

--------------------[Agent Step 834_208]--------------------
Metrics filtered by: 'score|length|fps|ratio|train/loss/|train/rand/'
train/loss/con 0.02 / train/loss/dyn 4.03 / train/loss/image 7.18 / train/loss/policy -9.5e-3 / train/loss/rep 4.03 / train/loss/repval 0.02 / train/loss/rew 6.4e-3 / train/loss/value 0.01 / replay/replay_ratio 260 / fps/policy 12.9 / fps/train 3303.04

Writing metrics: logdir/dreamer/dmc_humanoid_walk_20251130_032240/metrics.jsonl
Writing metrics: logdir/dreamer/dmc_humanoid_walk_20251130_032240/scores.jsonl

--------------------[Agent Step 835_760]--------------------
Metrics filtered by: 'score|length|fps|ratio|train/loss/|train/rand/'
train/loss/con 0.02 / train/loss/dyn 4.01 / train/loss/image 7.21 / train/loss/policy -9.7e-3 / train/loss/rep 4.01 / train/loss/repval 0.02 / train/loss/rew 6.3e-3 / train/loss/value 0.01 / replay/replay_ratio 260 / fps/policy 12.9 / fps/train 3303.31

Writing metrics: logdir/dreamer/dmc_humanoid_walk_20251130_032240/metrics.jsonl
Writing metrics: logdir/dreamer/dmc_humanoid_walk_20251130_032240/scores.jsonl

--------------------[Agent Step 837_312]--------------------
Metrics filtered by: 'score|length|fps|ratio|train/loss/|train/rand/'
train/loss/con 0.02 / train/loss/dyn 4 / train/loss/image 7.16 / train/loss/policy -9e-3 / train/loss/rep 4 / train/loss/repval 0.02 / train/loss/rew 6.8e-3 / train/loss/value 0.01 / replay/replay_ratio 260 / fps/policy 12.89 / fps/train 3300.55

Writing metrics: logdir/dreamer/dmc_humanoid_walk_20251130_032240/metrics.jsonl
Writing metrics: logdir/dreamer/dmc_humanoid_walk_20251130_032240/scores.jsonl

--------------------[Agent Step 838_864]--------------------
Metrics filtered by: 'score|length|fps|ratio|train/loss/|train/rand/'
train/loss/con 0.02 / train/loss/dyn 4 / train/loss/image 7.17 / train/loss/policy -8.7e-3 / train/loss/rep 4 / train/loss/repval 0.02 / train/loss/rew 5.9e-3 / train/loss/value 0.01 / replay/replay_ratio 260 / fps/policy 12.92 / fps/train 3307.88

Writing metrics: logdir/dreamer/dmc_humanoid_walk_20251130_032240/metrics.jsonl
Writing metrics: logdir/dreamer/dmc_humanoid_walk_20251130_032240/scores.jsonl

--------------------[Agent Step 840_416]--------------------
Metrics filtered by: 'score|length|fps|ratio|train/loss/|train/rand/'
train/loss/con 0.02 / train/loss/dyn 4 / train/loss/image 7.15 / train/loss/policy -9.4e-3 / train/loss/rep 4 / train/loss/repval 0.02 / train/loss/rew 6.2e-3 / train/loss/value 0.01 / replay/replay_ratio 260 / fps/policy 12.91 / fps/train 3304.69

Writing metrics: logdir/dreamer/dmc_humanoid_walk_20251130_032240/metrics.jsonl
Writing metrics: logdir/dreamer/dmc_humanoid_walk_20251130_032240/scores.jsonl

--------------------[Agent Step 841_968]--------------------
Metrics filtered by: 'score|length|fps|ratio|train/loss/|train/rand/'
train/loss/con 0.02 / train/loss/dyn 4.01 / train/loss/image 7.19 / train/loss/policy -9.8e-3 / train/loss/rep 4.01 / train/loss/repval 0.02 / train/loss/rew 6.1e-3 / train/loss/value 0.01 / replay/replay_ratio 260 / fps/policy 12.92 / fps/train 3307.29

Writing metrics: logdir/dreamer/dmc_humanoid_walk_20251130_032240/metrics.jsonl
Writing metrics: logdir/dreamer/dmc_humanoid_walk_20251130_032240/scores.jsonl
Saving checkpoint: logdir/dreamer/dmc_humanoid_walk_20251130_032240/ckpt/20251201T112358F566014
Saved checkpoint.

--------------------[Agent Step 843_312]--------------------
Metrics filtered by: 'score|length|fps|ratio|train/loss/|train/rand/'
train/loss/con 0.02 / train/loss/dyn 4.13 / train/loss/image 7.23 / train/loss/policy -9.2e-3 / train/loss/rep 4.13 / train/loss/repval 0.02 / train/loss/rew 6.5e-3 / train/loss/value 0.01 / replay/replay_ratio 260 / fps/policy 11.18 / fps/train 2861.51

Writing metrics: logdir/dreamer/dmc_humanoid_walk_20251130_032240/metrics.jsonl
Writing metrics: logdir/dreamer/dmc_humanoid_walk_20251130_032240/scores.jsonl

--------------------[Agent Step 844_864]--------------------
Metrics filtered by: 'score|length|fps|ratio|train/loss/|train/rand/'
train/loss/con 0.02 / train/loss/dyn 3.99 / train/loss/image 7.17 / train/loss/policy -8.8e-3 / train/loss/rep 3.99 / train/loss/repval 0.02 / train/loss/rew 5.5e-3 / train/loss/value 0.01 / replay/replay_ratio 260 / fps/policy 12.89 / fps/train 3299.94

Writing metrics: logdir/dreamer/dmc_humanoid_walk_20251130_032240/metrics.jsonl
Writing metrics: logdir/dreamer/dmc_humanoid_walk_20251130_032240/scores.jsonl

--------------------[Agent Step 846_416]--------------------
Metrics filtered by: 'score|length|fps|ratio|train/loss/|train/rand/'
episode/score 0.97 / episode/length 1001 / train/loss/con 0.02 / train/loss/dyn 4.13 / train/loss/image 7.25 / train/loss/policy -8.9e-3 / train/loss/rep 4.13 / train/loss/repval 0.02 / train/loss/rew 7e-3 / train/loss/value 0.01 / replay/replay_ratio 260 / fps/policy 12.9 / fps/train 3301.75

Writing metrics: logdir/dreamer/dmc_humanoid_walk_20251130_032240/metrics.jsonl
Writing metrics: logdir/dreamer/dmc_humanoid_walk_20251130_032240/scores.jsonl

--------------------[Agent Step 847_968]--------------------
Metrics filtered by: 'score|length|fps|ratio|train/loss/|train/rand/'
train/loss/con 0.02 / train/loss/dyn 3.99 / train/loss/image 7.17 / train/loss/policy -9.1e-3 / train/loss/rep 3.99 / train/loss/repval 0.02 / train/loss/rew 6.5e-3 / train/loss/value 0.01 / replay/replay_ratio 260 / fps/policy 12.89 / fps/train 3299.25

Writing metrics: logdir/dreamer/dmc_humanoid_walk_20251130_032240/metrics.jsonl
Writing metrics: logdir/dreamer/dmc_humanoid_walk_20251130_032240/scores.jsonl

--------------------[Agent Step 849_520]--------------------
Metrics filtered by: 'score|length|fps|ratio|train/loss/|train/rand/'
train/loss/con 0.02 / train/loss/dyn 4.03 / train/loss/image 7.18 / train/loss/policy -1e-2 / train/loss/rep 4.03 / train/loss/repval 0.02 / train/loss/rew 6.5e-3 / train/loss/value 0.01 / replay/replay_ratio 260 / fps/policy 12.92 / fps/train 3306.78

Writing metrics: logdir/dreamer/dmc_humanoid_walk_20251130_032240/metrics.jsonl
Writing metrics: logdir/dreamer/dmc_humanoid_walk_20251130_032240/scores.jsonl

--------------------[Agent Step 851_072]--------------------
Metrics filtered by: 'score|length|fps|ratio|train/loss/|train/rand/'
train/loss/con 0.02 / train/loss/dyn 4 / train/loss/image 7.18 / train/loss/policy -9.7e-3 / train/loss/rep 4 / train/loss/repval 0.02 / train/loss/rew 6.5e-3 / train/loss/value 0.01 / replay/replay_ratio 260 / fps/policy 12.91 / fps/train 3305.46

Writing metrics: logdir/dreamer/dmc_humanoid_walk_20251130_032240/metrics.jsonl
Writing metrics: logdir/dreamer/dmc_humanoid_walk_20251130_032240/scores.jsonl

--------------------[Agent Step 852_640]--------------------
Metrics filtered by: 'score|length|fps|ratio|train/loss/|train/rand/'
train/loss/con 0.02 / train/loss/dyn 4.08 / train/loss/image 7.22 / train/loss/policy -8.7e-3 / train/loss/rep 4.08 / train/loss/repval 0.02 / train/loss/rew 6.5e-3 / train/loss/value 0.01 / replay/replay_ratio 260 / fps/policy 12.94 / fps/train 3311.58

Writing metrics: logdir/dreamer/dmc_humanoid_walk_20251130_032240/metrics.jsonl
Writing metrics: logdir/dreamer/dmc_humanoid_walk_20251130_032240/scores.jsonl

--------------------[Agent Step 854_192]--------------------
Metrics filtered by: 'score|length|fps|ratio|train/loss/|train/rand/'
train/loss/con 0.02 / train/loss/dyn 3.99 / train/loss/image 7.16 / train/loss/policy -0.01 / train/loss/rep 3.99 / train/loss/repval 0.02 / train/loss/rew 6.2e-3 / train/loss/value 0.01 / replay/replay_ratio 260 / fps/policy 12.93 / fps/train 3310.11

Writing metrics: logdir/dreamer/dmc_humanoid_walk_20251130_032240/metrics.jsonl
Writing metrics: logdir/dreamer/dmc_humanoid_walk_20251130_032240/scores.jsonl
Saving checkpoint: logdir/dreamer/dmc_humanoid_walk_20251130_032240/ckpt/20251201T113859F612724
Saved checkpoint.

--------------------[Agent Step 855_536]--------------------
Metrics filtered by: 'score|length|fps|ratio|train/loss/|train/rand/'
train/loss/con 0.02 / train/loss/dyn 4 / train/loss/image 7.15 / train/loss/policy -9.4e-3 / train/loss/rep 4 / train/loss/repval 0.02 / train/loss/rew 5.9e-3 / train/loss/value 9.8e-3 / replay/replay_ratio 260 / fps/policy 11.13 / fps/train 2849.41

Writing metrics: logdir/dreamer/dmc_humanoid_walk_20251130_032240/metrics.jsonl
Writing metrics: logdir/dreamer/dmc_humanoid_walk_20251130_032240/scores.jsonl

--------------------[Agent Step 857_072]--------------------
Metrics filtered by: 'score|length|fps|ratio|train/loss/|train/rand/'
train/loss/con 0.02 / train/loss/dyn 4.12 / train/loss/image 7.22 / train/loss/policy -9.6e-3 / train/loss/rep 4.12 / train/loss/repval 0.02 / train/loss/rew 6.2e-3 / train/loss/value 0.01 / replay/replay_ratio 260 / fps/policy 12.75 / fps/train 3263.87

Writing metrics: logdir/dreamer/dmc_humanoid_walk_20251130_032240/metrics.jsonl
Writing metrics: logdir/dreamer/dmc_humanoid_walk_20251130_032240/scores.jsonl

--------------------[Agent Step 858_624]--------------------
Metrics filtered by: 'score|length|fps|ratio|train/loss/|train/rand/'
train/loss/con 0.02 / train/loss/dyn 4.03 / train/loss/image 7.16 / train/loss/policy -9.2e-3 / train/loss/rep 4.03 / train/loss/repval 0.02 / train/loss/rew 6.4e-3 / train/loss/value 0.01 / replay/replay_ratio 260 / fps/policy 12.88 / fps/train 3298.08

Writing metrics: logdir/dreamer/dmc_humanoid_walk_20251130_032240/metrics.jsonl
Writing metrics: logdir/dreamer/dmc_humanoid_walk_20251130_032240/scores.jsonl

--------------------[Agent Step 860_176]--------------------
Metrics filtered by: 'score|length|fps|ratio|train/loss/|train/rand/'
train/loss/con 0.02 / train/loss/dyn 4.04 / train/loss/image 7.19 / train/loss/policy -9.1e-3 / train/loss/rep 4.04 / train/loss/repval 0.02 / train/loss/rew 5.9e-3 / train/loss/value 9.9e-3 / replay/replay_ratio 260 / fps/policy 12.93 / fps/train 3309.73

Writing metrics: logdir/dreamer/dmc_humanoid_walk_20251130_032240/metrics.jsonl
Writing metrics: logdir/dreamer/dmc_humanoid_walk_20251130_032240/scores.jsonl

--------------------[Agent Step 861_728]--------------------
Metrics filtered by: 'score|length|fps|ratio|train/loss/|train/rand/'
episode/score 2.26 / episode/length 1001 / train/loss/con 0.02 / train/loss/dyn 4.01 / train/loss/image 7.16 / train/loss/policy -0.01 / train/loss/rep 4.01 / train/loss/repval 0.02 / train/loss/rew 5.9e-3 / train/loss/value 0.01 / replay/replay_ratio 260 / fps/policy 12.92 / fps/train 3306.82

Writing metrics: logdir/dreamer/dmc_humanoid_walk_20251130_032240/metrics.jsonl
Writing metrics: logdir/dreamer/dmc_humanoid_walk_20251130_032240/scores.jsonl

--------------------[Agent Step 863_280]--------------------
Metrics filtered by: 'score|length|fps|ratio|train/loss/|train/rand/'
train/loss/con 0.02 / train/loss/dyn 4.09 / train/loss/image 7.21 / train/loss/policy -8.2e-3 / train/loss/rep 4.09 / train/loss/repval 0.02 / train/loss/rew 7.1e-3 / train/loss/value 0.01 / replay/replay_ratio 260 / fps/policy 12.92 / fps/train 3306.39

Writing metrics: logdir/dreamer/dmc_humanoid_walk_20251130_032240/metrics.jsonl
Writing metrics: logdir/dreamer/dmc_humanoid_walk_20251130_032240/scores.jsonl

--------------------[Agent Step 864_832]--------------------
Metrics filtered by: 'score|length|fps|ratio|train/loss/|train/rand/'
train/loss/con 0.02 / train/loss/dyn 3.98 / train/loss/image 7.17 / train/loss/policy -9.6e-3 / train/loss/rep 3.98 / train/loss/repval 0.02 / train/loss/rew 6.2e-3 / train/loss/value 0.01 / replay/replay_ratio 260 / fps/policy 12.93 / fps/train 3310.13

Writing metrics: logdir/dreamer/dmc_humanoid_walk_20251130_032240/metrics.jsonl
Writing metrics: logdir/dreamer/dmc_humanoid_walk_20251130_032240/scores.jsonl
Saving checkpoint: logdir/dreamer/dmc_humanoid_walk_20251130_032240/ckpt/20251201T115359F909511
Saved checkpoint.

--------------------[Agent Step 866_144]--------------------
Metrics filtered by: 'score|length|fps|ratio|train/loss/|train/rand/'
train/loss/con 0.02 / train/loss/dyn 4.09 / train/loss/image 7.2 / train/loss/policy -8.2e-3 / train/loss/rep 4.09 / train/loss/repval 0.02 / train/loss/rew 6.2e-3 / train/loss/value 0.01 / replay/replay_ratio 260 / fps/policy 10.89 / fps/train 2788.4

Writing metrics: logdir/dreamer/dmc_humanoid_walk_20251130_032240/metrics.jsonl
Writing metrics: logdir/dreamer/dmc_humanoid_walk_20251130_032240/scores.jsonl

--------------------[Agent Step 867_712]--------------------
Metrics filtered by: 'score|length|fps|ratio|train/loss/|train/rand/'
train/loss/con 0.02 / train/loss/dyn 4.06 / train/loss/image 7.22 / train/loss/policy -9.9e-3 / train/loss/rep 4.06 / train/loss/repval 0.02 / train/loss/rew 6.2e-3 / train/loss/value 9.7e-3 / replay/replay_ratio 260 / fps/policy 12.95 / fps/train 3315.2

Writing metrics: logdir/dreamer/dmc_humanoid_walk_20251130_032240/metrics.jsonl
Writing metrics: logdir/dreamer/dmc_humanoid_walk_20251130_032240/scores.jsonl

--------------------[Agent Step 869_264]--------------------
Metrics filtered by: 'score|length|fps|ratio|train/loss/|train/rand/'
train/loss/con 0.02 / train/loss/dyn 3.97 / train/loss/image 7.13 / train/loss/policy -0.01 / train/loss/rep 3.97 / train/loss/repval 0.02 / train/loss/rew 6.1e-3 / train/loss/value 9.9e-3 / replay/replay_ratio 260 / fps/policy 12.86 / fps/train 3292.82

Writing metrics: logdir/dreamer/dmc_humanoid_walk_20251130_032240/metrics.jsonl
Writing metrics: logdir/dreamer/dmc_humanoid_walk_20251130_032240/scores.jsonl

--------------------[Agent Step 870_816]--------------------
Metrics filtered by: 'score|length|fps|ratio|train/loss/|train/rand/'
train/loss/con 0.02 / train/loss/dyn 4.01 / train/loss/image 7.13 / train/loss/policy -9.1e-3 / train/loss/rep 4.01 / train/loss/repval 0.02 / train/loss/rew 6.6e-3 / train/loss/value 0.01 / replay/replay_ratio 260 / fps/policy 12.92 / fps/train 3307.15

Writing metrics: logdir/dreamer/dmc_humanoid_walk_20251130_032240/metrics.jsonl
Writing metrics: logdir/dreamer/dmc_humanoid_walk_20251130_032240/scores.jsonl

--------------------[Agent Step 872_368]--------------------
Metrics filtered by: 'score|length|fps|ratio|train/loss/|train/rand/'
train/loss/con 0.02 / train/loss/dyn 4.06 / train/loss/image 7.2 / train/loss/policy -8.7e-3 / train/loss/rep 4.06 / train/loss/repval 0.02 / train/loss/rew 5.8e-3 / train/loss/value 9.3e-3 / replay/replay_ratio 260 / fps/policy 12.92 / fps/train 3307.35

Writing metrics: logdir/dreamer/dmc_humanoid_walk_20251130_032240/metrics.jsonl
Writing metrics: logdir/dreamer/dmc_humanoid_walk_20251130_032240/scores.jsonl

--------------------[Agent Step 873_920]--------------------
Metrics filtered by: 'score|length|fps|ratio|train/loss/|train/rand/'
train/loss/con 0.02 / train/loss/dyn 3.96 / train/loss/image 7.15 / train/loss/policy -9.1e-3 / train/loss/rep 3.96 / train/loss/repval 0.02 / train/loss/rew 6.3e-3 / train/loss/value 0.01 / replay/replay_ratio 260 / fps/policy 12.9 / fps/train 3302.07

Writing metrics: logdir/dreamer/dmc_humanoid_walk_20251130_032240/metrics.jsonl
Writing metrics: logdir/dreamer/dmc_humanoid_walk_20251130_032240/scores.jsonl

--------------------[Agent Step 875_472]--------------------
Metrics filtered by: 'score|length|fps|ratio|train/loss/|train/rand/'
train/loss/con 0.02 / train/loss/dyn 4.04 / train/loss/image 7.17 / train/loss/policy -9.4e-3 / train/loss/rep 4.04 / train/loss/repval 0.02 / train/loss/rew 6.5e-3 / train/loss/value 0.01 / replay/replay_ratio 260 / fps/policy 12.91 / fps/train 3304.99

Writing metrics: logdir/dreamer/dmc_humanoid_walk_20251130_032240/metrics.jsonl
Writing metrics: logdir/dreamer/dmc_humanoid_walk_20251130_032240/scores.jsonl

--------------------[Agent Step 877_040]--------------------
Metrics filtered by: 'score|length|fps|ratio|train/loss/|train/rand/'
train/loss/con 0.02 / train/loss/dyn 4 / train/loss/image 7.19 / train/loss/policy -9.2e-3 / train/loss/rep 4 / train/loss/repval 0.02 / train/loss/rew 5.7e-3 / train/loss/value 9.3e-3 / replay/replay_ratio 260 / fps/policy 12.93 / fps/train 3310.92

Writing metrics: logdir/dreamer/dmc_humanoid_walk_20251130_032240/metrics.jsonl
Writing metrics: logdir/dreamer/dmc_humanoid_walk_20251130_032240/scores.jsonl
Saving checkpoint: logdir/dreamer/dmc_humanoid_walk_20251130_032240/ckpt/20251201T120900F982757
Saved checkpoint.

--------------------[Agent Step 878_400]--------------------
Metrics filtered by: 'score|length|fps|ratio|train/loss/|train/rand/'
episode/score 0.89 / episode/length 1001 / train/loss/con 0.02 / train/loss/dyn 4.03 / train/loss/image 7.19 / train/loss/policy -8.9e-3 / train/loss/rep 4.03 / train/loss/repval 0.02 / train/loss/rew 6.1e-3 / train/loss/value 0.01 / replay/replay_ratio 260 / fps/policy 11.33 / fps/train 2901

Writing metrics: logdir/dreamer/dmc_humanoid_walk_20251130_032240/metrics.jsonl
Writing metrics: logdir/dreamer/dmc_humanoid_walk_20251130_032240/scores.jsonl

--------------------[Agent Step 879_952]--------------------
Metrics filtered by: 'score|length|fps|ratio|train/loss/|train/rand/'
train/loss/con 0.02 / train/loss/dyn 4.11 / train/loss/image 7.23 / train/loss/policy -9e-3 / train/loss/rep 4.11 / train/loss/repval 0.02 / train/loss/rew 6.8e-3 / train/loss/value 0.01 / replay/replay_ratio 260 / fps/policy 12.93 / fps/train 3310.55

Writing metrics: logdir/dreamer/dmc_humanoid_walk_20251130_032240/metrics.jsonl
Writing metrics: logdir/dreamer/dmc_humanoid_walk_20251130_032240/scores.jsonl

--------------------[Agent Step 881_504]--------------------
Metrics filtered by: 'score|length|fps|ratio|train/loss/|train/rand/'
train/loss/con 0.02 / train/loss/dyn 4.03 / train/loss/image 7.19 / train/loss/policy -9.5e-3 / train/loss/rep 4.03 / train/loss/repval 0.02 / train/loss/rew 6.2e-3 / train/loss/value 0.01 / replay/replay_ratio 260 / fps/policy 12.9 / fps/train 3302.3

Writing metrics: logdir/dreamer/dmc_humanoid_walk_20251130_032240/scores.jsonl
Writing metrics: logdir/dreamer/dmc_humanoid_walk_20251130_032240/metrics.jsonl

--------------------[Agent Step 883_072]--------------------
Metrics filtered by: 'score|length|fps|ratio|train/loss/|train/rand/'
train/loss/con 0.02 / train/loss/dyn 4.18 / train/loss/image 7.26 / train/loss/policy -9.1e-3 / train/loss/rep 4.18 / train/loss/repval 0.02 / train/loss/rew 6.6e-3 / train/loss/value 0.01 / replay/replay_ratio 260 / fps/policy 12.94 / fps/train 3312.77

Writing metrics: logdir/dreamer/dmc_humanoid_walk_20251130_032240/metrics.jsonl
Writing metrics: logdir/dreamer/dmc_humanoid_walk_20251130_032240/scores.jsonl

--------------------[Agent Step 884_640]--------------------
Metrics filtered by: 'score|length|fps|ratio|train/loss/|train/rand/'
train/loss/con 0.02 / train/loss/dyn 4.03 / train/loss/image 7.21 / train/loss/policy -9.1e-3 / train/loss/rep 4.03 / train/loss/repval 0.02 / train/loss/rew 6.5e-3 / train/loss/value 0.01 / replay/replay_ratio 260 / fps/policy 12.94 / fps/train 3313.84

Writing metrics: logdir/dreamer/dmc_humanoid_walk_20251130_032240/metrics.jsonl
Writing metrics: logdir/dreamer/dmc_humanoid_walk_20251130_032240/scores.jsonl

--------------------[Agent Step 886_192]--------------------
Metrics filtered by: 'score|length|fps|ratio|train/loss/|train/rand/'
train/loss/con 0.02 / train/loss/dyn 4.11 / train/loss/image 7.21 / train/loss/policy -9.2e-3 / train/loss/rep 4.11 / train/loss/repval 0.02 / train/loss/rew 6.6e-3 / train/loss/value 0.01 / replay/replay_ratio 260 / fps/policy 12.93 / fps/train 3308.85

Writing metrics: logdir/dreamer/dmc_humanoid_walk_20251130_032240/metrics.jsonl
Writing metrics: logdir/dreamer/dmc_humanoid_walk_20251130_032240/scores.jsonl

--------------------[Agent Step 887_760]--------------------
Metrics filtered by: 'score|length|fps|ratio|train/loss/|train/rand/'
train/loss/con 0.02 / train/loss/dyn 4.08 / train/loss/image 7.23 / train/loss/policy -0.01 / train/loss/rep 4.08 / train/loss/repval 0.02 / train/loss/rew 6.2e-3 / train/loss/value 0.01 / replay/replay_ratio 260 / fps/policy 12.94 / fps/train 3312.05

Writing metrics: logdir/dreamer/dmc_humanoid_walk_20251130_032240/scores.jsonl
Writing metrics: logdir/dreamer/dmc_humanoid_walk_20251130_032240/metrics.jsonl
Saving checkpoint: logdir/dreamer/dmc_humanoid_walk_20251130_032240/ckpt/20251201T122401F890247
Saved checkpoint.

--------------------[Agent Step 889_136]--------------------
Metrics filtered by: 'score|length|fps|ratio|train/loss/|train/rand/'
train/loss/con 0.02 / train/loss/dyn 4.2 / train/loss/image 7.3 / train/loss/policy -9.8e-3 / train/loss/rep 4.2 / train/loss/repval 0.02 / train/loss/rew 6.6e-3 / train/loss/value 0.01 / replay/replay_ratio 260 / fps/policy 11.37 / fps/train 2910.27

Writing metrics: logdir/dreamer/dmc_humanoid_walk_20251130_032240/metrics.jsonl
Writing metrics: logdir/dreamer/dmc_humanoid_walk_20251130_032240/scores.jsonl

--------------------[Agent Step 890_688]--------------------
Metrics filtered by: 'score|length|fps|ratio|train/loss/|train/rand/'
train/loss/con 0.02 / train/loss/dyn 4.1 / train/loss/image 7.24 / train/loss/policy -9.6e-3 / train/loss/rep 4.1 / train/loss/repval 0.02 / train/loss/rew 6.6e-3 / train/loss/value 0.01 / replay/replay_ratio 260 / fps/policy 12.86 / fps/train 3293.33

Writing metrics: logdir/dreamer/dmc_humanoid_walk_20251130_032240/metrics.jsonl
Writing metrics: logdir/dreamer/dmc_humanoid_walk_20251130_032240/scores.jsonl

--------------------[Agent Step 892_256]--------------------
Metrics filtered by: 'score|length|fps|ratio|train/loss/|train/rand/'
train/loss/con 0.02 / train/loss/dyn 4.07 / train/loss/image 7.23 / train/loss/policy -9.2e-3 / train/loss/rep 4.07 / train/loss/repval 0.02 / train/loss/rew 6.6e-3 / train/loss/value 0.01 / replay/replay_ratio 260 / fps/policy 12.94 / fps/train 3313.2

Writing metrics: logdir/dreamer/dmc_humanoid_walk_20251130_032240/metrics.jsonl
Writing metrics: logdir/dreamer/dmc_humanoid_walk_20251130_032240/scores.jsonl

--------------------[Agent Step 893_808]--------------------
Metrics filtered by: 'score|length|fps|ratio|train/loss/|train/rand/'
episode/score 2.26 / episode/length 1001 / train/loss/con 0.02 / train/loss/dyn 4.05 / train/loss/image 7.18 / train/loss/policy -0.01 / train/loss/rep 4.05 / train/loss/repval 0.02 / train/loss/rew 5.8e-3 / train/loss/value 0.01 / replay/replay_ratio 260 / fps/policy 12.9 / fps/train 3303.34

Writing metrics: logdir/dreamer/dmc_humanoid_walk_20251130_032240/metrics.jsonl
Writing metrics: logdir/dreamer/dmc_humanoid_walk_20251130_032240/scores.jsonl

--------------------[Agent Step 895_360]--------------------
Metrics filtered by: 'score|length|fps|ratio|train/loss/|train/rand/'
train/loss/con 0.02 / train/loss/dyn 4.21 / train/loss/image 7.3 / train/loss/policy -9.4e-3 / train/loss/rep 4.21 / train/loss/repval 0.02 / train/loss/rew 7e-3 / train/loss/value 0.01 / replay/replay_ratio 260 / fps/policy 12.92 / fps/train 3307.48

Writing metrics: logdir/dreamer/dmc_humanoid_walk_20251130_032240/metrics.jsonl
Writing metrics: logdir/dreamer/dmc_humanoid_walk_20251130_032240/scores.jsonl

--------------------[Agent Step 896_912]--------------------
Metrics filtered by: 'score|length|fps|ratio|train/loss/|train/rand/'
train/loss/con 0.02 / train/loss/dyn 4.09 / train/loss/image 7.21 / train/loss/policy -9.6e-3 / train/loss/rep 4.09 / train/loss/repval 0.02 / train/loss/rew 6.7e-3 / train/loss/value 0.01 / replay/replay_ratio 260 / fps/policy 12.9 / fps/train 3301.77

Writing metrics: logdir/dreamer/dmc_humanoid_walk_20251130_032240/metrics.jsonl
Writing metrics: logdir/dreamer/dmc_humanoid_walk_20251130_032240/scores.jsonl

--------------------[Agent Step 898_464]--------------------
Metrics filtered by: 'score|length|fps|ratio|train/loss/|train/rand/'
train/loss/con 0.02 / train/loss/dyn 4.09 / train/loss/image 7.23 / train/loss/policy -9.7e-3 / train/loss/rep 4.09 / train/loss/repval 0.02 / train/loss/rew 6.3e-3 / train/loss/value 0.01 / replay/replay_ratio 260 / fps/policy 12.93 / fps/train 3309.06

Writing metrics: logdir/dreamer/dmc_humanoid_walk_20251130_032240/metrics.jsonl
Writing metrics: logdir/dreamer/dmc_humanoid_walk_20251130_032240/scores.jsonl

--------------------[Agent Step 900_032]--------------------
Metrics filtered by: 'score|length|fps|ratio|train/loss/|train/rand/'
train/loss/con 0.02 / train/loss/dyn 4.14 / train/loss/image 7.28 / train/loss/policy -0.01 / train/loss/rep 4.14 / train/loss/repval 0.02 / train/loss/rew 6.5e-3 / train/loss/value 0.01 / replay/replay_ratio 260 / fps/policy 12.94 / fps/train 3313.63

Writing metrics: logdir/dreamer/dmc_humanoid_walk_20251130_032240/metrics.jsonl
Writing metrics: logdir/dreamer/dmc_humanoid_walk_20251130_032240/scores.jsonl
Saving checkpoint: logdir/dreamer/dmc_humanoid_walk_20251130_032240/ckpt/20251201T123902F225858
Saved checkpoint.

--------------------[Agent Step 901_408]--------------------
Metrics filtered by: 'score|length|fps|ratio|train/loss/|train/rand/'
train/loss/con 0.02 / train/loss/dyn 4.1 / train/loss/image 7.23 / train/loss/policy -8.7e-3 / train/loss/rep 4.1 / train/loss/repval 0.02 / train/loss/rew 6.3e-3 / train/loss/value 0.01 / replay/replay_ratio 260 / fps/policy 11.36 / fps/train 2908.73

Writing metrics: logdir/dreamer/dmc_humanoid_walk_20251130_032240/metrics.jsonl
Writing metrics: logdir/dreamer/dmc_humanoid_walk_20251130_032240/scores.jsonl

--------------------[Agent Step 902_960]--------------------
Metrics filtered by: 'score|length|fps|ratio|train/loss/|train/rand/'
train/loss/con 0.02 / train/loss/dyn 4.15 / train/loss/image 7.26 / train/loss/policy -9.4e-3 / train/loss/rep 4.15 / train/loss/repval 0.02 / train/loss/rew 6.7e-3 / train/loss/value 0.01 / replay/replay_ratio 260 / fps/policy 12.87 / fps/train 3295.81

Writing metrics: logdir/dreamer/dmc_humanoid_walk_20251130_032240/metrics.jsonl
Writing metrics: logdir/dreamer/dmc_humanoid_walk_20251130_032240/scores.jsonl

--------------------[Agent Step 904_512]--------------------
Metrics filtered by: 'score|length|fps|ratio|train/loss/|train/rand/'
train/loss/con 0.02 / train/loss/dyn 4.07 / train/loss/image 7.23 / train/loss/policy -9.3e-3 / train/loss/rep 4.07 / train/loss/repval 0.02 / train/loss/rew 6.3e-3 / train/loss/value 0.01 / replay/replay_ratio 260 / fps/policy 12.92 / fps/train 3306.48

Writing metrics: logdir/dreamer/dmc_humanoid_walk_20251130_032240/metrics.jsonl
Writing metrics: logdir/dreamer/dmc_humanoid_walk_20251130_032240/scores.jsonl

--------------------[Agent Step 906_048]--------------------
Metrics filtered by: 'score|length|fps|ratio|train/loss/|train/rand/'
train/loss/con 0.02 / train/loss/dyn 4.16 / train/loss/image 7.27 / train/loss/policy -9.7e-3 / train/loss/rep 4.16 / train/loss/repval 0.02 / train/loss/rew 6.6e-3 / train/loss/value 0.01 / replay/replay_ratio 260 / fps/policy 12.67 / fps/train 3244.08

Writing metrics: logdir/dreamer/dmc_humanoid_walk_20251130_032240/metrics.jsonl
Writing metrics: logdir/dreamer/dmc_humanoid_walk_20251130_032240/scores.jsonl

--------------------[Agent Step 907_616]--------------------
Metrics filtered by: 'score|length|fps|ratio|train/loss/|train/rand/'
train/loss/con 0.02 / train/loss/dyn 4.18 / train/loss/image 7.27 / train/loss/policy -8.7e-3 / train/loss/rep 4.18 / train/loss/repval 0.02 / train/loss/rew 6e-3 / train/loss/value 0.01 / replay/replay_ratio 260 / fps/policy 12.95 / fps/train 3314.25

Writing metrics: logdir/dreamer/dmc_humanoid_walk_20251130_032240/metrics.jsonl
Writing metrics: logdir/dreamer/dmc_humanoid_walk_20251130_032240/scores.jsonl

--------------------[Agent Step 909_168]--------------------
Metrics filtered by: 'score|length|fps|ratio|train/loss/|train/rand/'
train/loss/con 0.02 / train/loss/dyn 4.13 / train/loss/image 7.23 / train/loss/policy -9.4e-3 / train/loss/rep 4.13 / train/loss/repval 0.02 / train/loss/rew 6.2e-3 / train/loss/value 0.01 / replay/replay_ratio 260 / fps/policy 12.93 / fps/train 3310.56

Writing metrics: logdir/dreamer/dmc_humanoid_walk_20251130_032240/metrics.jsonl
Writing metrics: logdir/dreamer/dmc_humanoid_walk_20251130_032240/scores.jsonl

--------------------[Agent Step 910_720]--------------------
Metrics filtered by: 'score|length|fps|ratio|train/loss/|train/rand/'
episode/score 1.08 / episode/length 1001 / train/loss/con 0.02 / train/loss/dyn 4.02 / train/loss/image 7.17 / train/loss/policy -9.8e-3 / train/loss/rep 4.02 / train/loss/repval 0.02 / train/loss/rew 6.7e-3 / train/loss/value 0.01 / replay/replay_ratio 260 / fps/policy 12.91 / fps/train 3305.82

Writing metrics: logdir/dreamer/dmc_humanoid_walk_20251130_032240/metrics.jsonl
Writing metrics: logdir/dreamer/dmc_humanoid_walk_20251130_032240/scores.jsonl
Saving checkpoint: logdir/dreamer/dmc_humanoid_walk_20251130_032240/ckpt/20251201T125402F328965
Saved checkpoint.

--------------------[Agent Step 912_096]--------------------
Metrics filtered by: 'score|length|fps|ratio|train/loss/|train/rand/'
train/loss/con 0.02 / train/loss/dyn 4.19 / train/loss/image 7.28 / train/loss/policy -1e-2 / train/loss/rep 4.19 / train/loss/repval 0.02 / train/loss/rew 6.2e-3 / train/loss/value 0.01 / replay/replay_ratio 260 / fps/policy 11.36 / fps/train 2907.01

Writing metrics: logdir/dreamer/dmc_humanoid_walk_20251130_032240/metrics.jsonl
Writing metrics: logdir/dreamer/dmc_humanoid_walk_20251130_032240/scores.jsonl

--------------------[Agent Step 913_648]--------------------
Metrics filtered by: 'score|length|fps|ratio|train/loss/|train/rand/'
train/loss/con 0.02 / train/loss/dyn 4.26 / train/loss/image 7.3 / train/loss/policy -8.7e-3 / train/loss/rep 4.26 / train/loss/repval 0.02 / train/loss/rew 6.3e-3 / train/loss/value 0.01 / replay/replay_ratio 260 / fps/policy 12.86 / fps/train 3293.38

Writing metrics: logdir/dreamer/dmc_humanoid_walk_20251130_032240/metrics.jsonl
Writing metrics: logdir/dreamer/dmc_humanoid_walk_20251130_032240/scores.jsonl

--------------------[Agent Step 915_200]--------------------
Metrics filtered by: 'score|length|fps|ratio|train/loss/|train/rand/'
train/loss/con 0.02 / train/loss/dyn 4.17 / train/loss/image 7.26 / train/loss/policy -9e-3 / train/loss/rep 4.17 / train/loss/repval 0.02 / train/loss/rew 6.1e-3 / train/loss/value 0.01 / replay/replay_ratio 260 / fps/policy 12.87 / fps/train 3294

Writing metrics: logdir/dreamer/dmc_humanoid_walk_20251130_032240/metrics.jsonl
Writing metrics: logdir/dreamer/dmc_humanoid_walk_20251130_032240/scores.jsonl

--------------------[Agent Step 916_752]--------------------
Metrics filtered by: 'score|length|fps|ratio|train/loss/|train/rand/'
train/loss/con 0.02 / train/loss/dyn 4.09 / train/loss/image 7.22 / train/loss/policy -0.01 / train/loss/rep 4.09 / train/loss/repval 0.02 / train/loss/rew 6.9e-3 / train/loss/value 0.01 / replay/replay_ratio 260 / fps/policy 12.92 / fps/train 3307.6

Writing metrics: logdir/dreamer/dmc_humanoid_walk_20251130_032240/metrics.jsonl
Writing metrics: logdir/dreamer/dmc_humanoid_walk_20251130_032240/scores.jsonl

--------------------[Agent Step 918_304]--------------------
Metrics filtered by: 'score|length|fps|ratio|train/loss/|train/rand/'
train/loss/con 0.02 / train/loss/dyn 4.15 / train/loss/image 7.21 / train/loss/policy -8.8e-3 / train/loss/rep 4.15 / train/loss/repval 0.02 / train/loss/rew 5.8e-3 / train/loss/value 0.01 / replay/replay_ratio 260 / fps/policy 12.93 / fps/train 3310.88

Writing metrics: logdir/dreamer/dmc_humanoid_walk_20251130_032240/metrics.jsonl
Writing metrics: logdir/dreamer/dmc_humanoid_walk_20251130_032240/scores.jsonl

--------------------[Agent Step 919_856]--------------------
Metrics filtered by: 'score|length|fps|ratio|train/loss/|train/rand/'
train/loss/con 0.02 / train/loss/dyn 4.12 / train/loss/image 7.22 / train/loss/policy -8.7e-3 / train/loss/rep 4.12 / train/loss/repval 0.02 / train/loss/rew 6.3e-3 / train/loss/value 0.01 / replay/replay_ratio 260 / fps/policy 12.91 / fps/train 3305.4

Writing metrics: logdir/dreamer/dmc_humanoid_walk_20251130_032240/metrics.jsonl
Writing metrics: logdir/dreamer/dmc_humanoid_walk_20251130_032240/scores.jsonl

--------------------[Agent Step 921_408]--------------------
Metrics filtered by: 'score|length|fps|ratio|train/loss/|train/rand/'
train/loss/con 0.02 / train/loss/dyn 4.23 / train/loss/image 7.29 / train/loss/policy -8.6e-3 / train/loss/rep 4.23 / train/loss/repval 0.02 / train/loss/rew 6.3e-3 / train/loss/value 0.01 / replay/replay_ratio 260 / fps/policy 12.93 / fps/train 3310.45

Writing metrics: logdir/dreamer/dmc_humanoid_walk_20251130_032240/metrics.jsonl
Writing metrics: logdir/dreamer/dmc_humanoid_walk_20251130_032240/scores.jsonl

--------------------[Agent Step 922_976]--------------------
Metrics filtered by: 'score|length|fps|ratio|train/loss/|train/rand/'
train/loss/con 0.02 / train/loss/dyn 4.12 / train/loss/image 7.23 / train/loss/policy -9e-3 / train/loss/rep 4.12 / train/loss/repval 0.02 / train/loss/rew 6.5e-3 / train/loss/value 0.01 / replay/replay_ratio 260 / fps/policy 12.94 / fps/train 3312.22

Writing metrics: logdir/dreamer/dmc_humanoid_walk_20251130_032240/metrics.jsonl
Writing metrics: logdir/dreamer/dmc_humanoid_walk_20251130_032240/scores.jsonl
Saving checkpoint: logdir/dreamer/dmc_humanoid_walk_20251130_032240/ckpt/20251201T130903F156045
Saved checkpoint.

--------------------[Agent Step 924_336]--------------------
Metrics filtered by: 'score|length|fps|ratio|train/loss/|train/rand/'
train/loss/con 0.02 / train/loss/dyn 4.24 / train/loss/image 7.28 / train/loss/policy -9.1e-3 / train/loss/rep 4.24 / train/loss/repval 0.02 / train/loss/rew 6.1e-3 / train/loss/value 0.01 / replay/replay_ratio 260 / fps/policy 11.3 / fps/train 2892.1

Writing metrics: logdir/dreamer/dmc_humanoid_walk_20251130_032240/metrics.jsonl
Writing metrics: logdir/dreamer/dmc_humanoid_walk_20251130_032240/scores.jsonl

--------------------[Agent Step 925_888]--------------------
Metrics filtered by: 'score|length|fps|ratio|train/loss/|train/rand/'
episode/score 0.04 / episode/length 1001 / train/loss/con 0.02 / train/loss/dyn 4.11 / train/loss/image 7.2 / train/loss/policy -8.5e-3 / train/loss/rep 4.11 / train/loss/repval 0.02 / train/loss/rew 6.7e-3 / train/loss/value 0.01 / replay/replay_ratio 260 / fps/policy 12.87 / fps/train 3294.71

Writing metrics: logdir/dreamer/dmc_humanoid_walk_20251130_032240/metrics.jsonl
Writing metrics: logdir/dreamer/dmc_humanoid_walk_20251130_032240/scores.jsonl

--------------------[Agent Step 927_440]--------------------
Metrics filtered by: 'score|length|fps|ratio|train/loss/|train/rand/'
train/loss/con 0.02 / train/loss/dyn 4.16 / train/loss/image 7.25 / train/loss/policy -9.5e-3 / train/loss/rep 4.16 / train/loss/repval 0.02 / train/loss/rew 6.1e-3 / train/loss/value 0.01 / replay/replay_ratio 260 / fps/policy 12.9 / fps/train 3301.74

Writing metrics: logdir/dreamer/dmc_humanoid_walk_20251130_032240/metrics.jsonl
Writing metrics: logdir/dreamer/dmc_humanoid_walk_20251130_032240/scores.jsonl

--------------------[Agent Step 928_992]--------------------
Metrics filtered by: 'score|length|fps|ratio|train/loss/|train/rand/'
train/loss/con 0.02 / train/loss/dyn 4.19 / train/loss/image 7.26 / train/loss/policy -8.6e-3 / train/loss/rep 4.19 / train/loss/repval 0.02 / train/loss/rew 6.7e-3 / train/loss/value 0.01 / replay/replay_ratio 260 / fps/policy 12.93 / fps/train 3310.26

Writing metrics: logdir/dreamer/dmc_humanoid_walk_20251130_032240/metrics.jsonl
Writing metrics: logdir/dreamer/dmc_humanoid_walk_20251130_032240/scores.jsonl

--------------------[Agent Step 930_560]--------------------
Metrics filtered by: 'score|length|fps|ratio|train/loss/|train/rand/'
train/loss/con 0.02 / train/loss/dyn 4.21 / train/loss/image 7.26 / train/loss/policy -9.2e-3 / train/loss/rep 4.21 / train/loss/repval 0.02 / train/loss/rew 6.4e-3 / train/loss/value 0.01 / replay/replay_ratio 260 / fps/policy 12.94 / fps/train 3312

Writing metrics: logdir/dreamer/dmc_humanoid_walk_20251130_032240/metrics.jsonl
Writing metrics: logdir/dreamer/dmc_humanoid_walk_20251130_032240/scores.jsonl

--------------------[Agent Step 932_112]--------------------
Metrics filtered by: 'score|length|fps|ratio|train/loss/|train/rand/'
train/loss/con 0.02 / train/loss/dyn 4.18 / train/loss/image 7.26 / train/loss/policy -8.7e-3 / train/loss/rep 4.18 / train/loss/repval 0.02 / train/loss/rew 6.4e-3 / train/loss/value 0.01 / replay/replay_ratio 260 / fps/policy 12.91 / fps/train 3305.56

Writing metrics: logdir/dreamer/dmc_humanoid_walk_20251130_032240/metrics.jsonl
Writing metrics: logdir/dreamer/dmc_humanoid_walk_20251130_032240/scores.jsonl

--------------------[Agent Step 933_680]--------------------
Metrics filtered by: 'score|length|fps|ratio|train/loss/|train/rand/'
train/loss/con 0.02 / train/loss/dyn 4.19 / train/loss/image 7.25 / train/loss/policy -9.2e-3 / train/loss/rep 4.19 / train/loss/repval 0.02 / train/loss/rew 5.7e-3 / train/loss/value 0.01 / replay/replay_ratio 260 / fps/policy 12.95 / fps/train 3314.08

Writing metrics: logdir/dreamer/dmc_humanoid_walk_20251130_032240/metrics.jsonl
Writing metrics: logdir/dreamer/dmc_humanoid_walk_20251130_032240/scores.jsonl
Saving checkpoint: logdir/dreamer/dmc_humanoid_walk_20251130_032240/ckpt/20251201T132403F857417
Saved checkpoint.

--------------------[Agent Step 935_056]--------------------
Metrics filtered by: 'score|length|fps|ratio|train/loss/|train/rand/'
train/loss/con 0.02 / train/loss/dyn 4.22 / train/loss/image 7.28 / train/loss/policy -9.3e-3 / train/loss/rep 4.22 / train/loss/repval 0.02 / train/loss/rew 6.9e-3 / train/loss/value 0.01 / replay/replay_ratio 260 / fps/policy 11.41 / fps/train 2921.76

Writing metrics: logdir/dreamer/dmc_humanoid_walk_20251130_032240/metrics.jsonl
Writing metrics: logdir/dreamer/dmc_humanoid_walk_20251130_032240/scores.jsonl

--------------------[Agent Step 936_608]--------------------
Metrics filtered by: 'score|length|fps|ratio|train/loss/|train/rand/'
train/loss/con 0.02 / train/loss/dyn 4.14 / train/loss/image 7.21 / train/loss/policy -0.01 / train/loss/rep 4.14 / train/loss/repval 0.02 / train/loss/rew 6.2e-3 / train/loss/value 0.01 / replay/replay_ratio 260 / fps/policy 12.84 / fps/train 3287.73

Writing metrics: logdir/dreamer/dmc_humanoid_walk_20251130_032240/metrics.jsonl
Writing metrics: logdir/dreamer/dmc_humanoid_walk_20251130_032240/scores.jsonl

--------------------[Agent Step 938_160]--------------------
Metrics filtered by: 'score|length|fps|ratio|train/loss/|train/rand/'
train/loss/con 0.02 / train/loss/dyn 4.17 / train/loss/image 7.25 / train/loss/policy -8.1e-3 / train/loss/rep 4.17 / train/loss/repval 0.02 / train/loss/rew 6.5e-3 / train/loss/value 0.01 / replay/replay_ratio 260 / fps/policy 12.92 / fps/train 3307.96

Writing metrics: logdir/dreamer/dmc_humanoid_walk_20251130_032240/metrics.jsonl
Writing metrics: logdir/dreamer/dmc_humanoid_walk_20251130_032240/scores.jsonl

--------------------[Agent Step 939_712]--------------------
Metrics filtered by: 'score|length|fps|ratio|train/loss/|train/rand/'
train/loss/con 0.02 / train/loss/dyn 4.18 / train/loss/image 7.24 / train/loss/policy -0.01 / train/loss/rep 4.18 / train/loss/repval 0.02 / train/loss/rew 6.3e-3 / train/loss/value 0.01 / replay/replay_ratio 260 / fps/policy 12.92 / fps/train 3307.26

Writing metrics: logdir/dreamer/dmc_humanoid_walk_20251130_032240/metrics.jsonl
Writing metrics: logdir/dreamer/dmc_humanoid_walk_20251130_032240/scores.jsonl

--------------------[Agent Step 941_264]--------------------
Metrics filtered by: 'score|length|fps|ratio|train/loss/|train/rand/'
train/loss/con 0.02 / train/loss/dyn 4.19 / train/loss/image 7.23 / train/loss/policy -9.9e-3 / train/loss/rep 4.19 / train/loss/repval 0.02 / train/loss/rew 6.4e-3 / train/loss/value 0.01 / replay/replay_ratio 260 / fps/policy 12.93 / fps/train 3310.25

Writing metrics: logdir/dreamer/dmc_humanoid_walk_20251130_032240/metrics.jsonl
Writing metrics: logdir/dreamer/dmc_humanoid_walk_20251130_032240/scores.jsonl

--------------------[Agent Step 942_816]--------------------
Metrics filtered by: 'score|length|fps|ratio|train/loss/|train/rand/'
episode/score 2.03 / episode/length 1001 / train/loss/con 0.02 / train/loss/dyn 4.18 / train/loss/image 7.24 / train/loss/policy -9e-3 / train/loss/rep 4.18 / train/loss/repval 0.02 / train/loss/rew 6.3e-3 / train/loss/value 0.01 / replay/replay_ratio 260 / fps/policy 12.89 / fps/train 3300.96

Writing metrics: logdir/dreamer/dmc_humanoid_walk_20251130_032240/scores.jsonl
Writing metrics: logdir/dreamer/dmc_humanoid_walk_20251130_032240/metrics.jsonl

--------------------[Agent Step 944_368]--------------------
Metrics filtered by: 'score|length|fps|ratio|train/loss/|train/rand/'
train/loss/con 0.02 / train/loss/dyn 4.23 / train/loss/image 7.27 / train/loss/policy -9.9e-3 / train/loss/rep 4.23 / train/loss/repval 0.02 / train/loss/rew 6.4e-3 / train/loss/value 0.01 / replay/replay_ratio 260 / fps/policy 12.92 / fps/train 3307.37

Writing metrics: logdir/dreamer/dmc_humanoid_walk_20251130_032240/metrics.jsonl
Writing metrics: logdir/dreamer/dmc_humanoid_walk_20251130_032240/scores.jsonl

--------------------[Agent Step 945_920]--------------------
Metrics filtered by: 'score|length|fps|ratio|train/loss/|train/rand/'
train/loss/con 0.02 / train/loss/dyn 4.24 / train/loss/image 7.27 / train/loss/policy -8.4e-3 / train/loss/rep 4.24 / train/loss/repval 0.02 / train/loss/rew 6.4e-3 / train/loss/value 0.01 / replay/replay_ratio 260 / fps/policy 12.92 / fps/train 3307.58

Writing metrics: logdir/dreamer/dmc_humanoid_walk_20251130_032240/metrics.jsonl
Writing metrics: logdir/dreamer/dmc_humanoid_walk_20251130_032240/scores.jsonl
Saving checkpoint: logdir/dreamer/dmc_humanoid_walk_20251130_032240/ckpt/20251201T133904F340582
Saved checkpoint.

--------------------[Agent Step 947_280]--------------------
Metrics filtered by: 'score|length|fps|ratio|train/loss/|train/rand/'
train/loss/con 0.02 / train/loss/dyn 4.23 / train/loss/image 7.28 / train/loss/policy -8.8e-3 / train/loss/rep 4.23 / train/loss/repval 0.02 / train/loss/rew 6.5e-3 / train/loss/value 0.01 / replay/replay_ratio 260 / fps/policy 11.25 / fps/train 2878.8

Writing metrics: logdir/dreamer/dmc_humanoid_walk_20251130_032240/metrics.jsonl
Writing metrics: logdir/dreamer/dmc_humanoid_walk_20251130_032240/scores.jsonl

--------------------[Agent Step 948_832]--------------------
Metrics filtered by: 'score|length|fps|ratio|train/loss/|train/rand/'
train/loss/con 0.02 / train/loss/dyn 4.17 / train/loss/image 7.23 / train/loss/policy -8.9e-3 / train/loss/rep 4.17 / train/loss/repval 0.02 / train/loss/rew 6.6e-3 / train/loss/value 0.01 / replay/replay_ratio 260 / fps/policy 12.9 / fps/train 3302.96

Writing metrics: logdir/dreamer/dmc_humanoid_walk_20251130_032240/metrics.jsonl
Writing metrics: logdir/dreamer/dmc_humanoid_walk_20251130_032240/scores.jsonl

--------------------[Agent Step 950_384]--------------------
Metrics filtered by: 'score|length|fps|ratio|train/loss/|train/rand/'
train/loss/con 0.02 / train/loss/dyn 4.18 / train/loss/image 7.24 / train/loss/policy -0.01 / train/loss/rep 4.18 / train/loss/repval 0.02 / train/loss/rew 6.4e-3 / train/loss/value 0.01 / replay/replay_ratio 260 / fps/policy 12.93 / fps/train 3309.65

Writing metrics: logdir/dreamer/dmc_humanoid_walk_20251130_032240/metrics.jsonl
Writing metrics: logdir/dreamer/dmc_humanoid_walk_20251130_032240/scores.jsonl

--------------------[Agent Step 951_936]--------------------
Metrics filtered by: 'score|length|fps|ratio|train/loss/|train/rand/'
train/loss/con 0.02 / train/loss/dyn 4.16 / train/loss/image 7.24 / train/loss/policy -9.1e-3 / train/loss/rep 4.16 / train/loss/repval 0.02 / train/loss/rew 6.3e-3 / train/loss/value 0.01 / replay/replay_ratio 260 / fps/policy 12.93 / fps/train 3308.98

Writing metrics: logdir/dreamer/dmc_humanoid_walk_20251130_032240/metrics.jsonl
Writing metrics: logdir/dreamer/dmc_humanoid_walk_20251130_032240/scores.jsonl

--------------------[Agent Step 953_488]--------------------
Metrics filtered by: 'score|length|fps|ratio|train/loss/|train/rand/'
train/loss/con 0.02 / train/loss/dyn 4.28 / train/loss/image 7.28 / train/loss/policy -8.3e-3 / train/loss/rep 4.28 / train/loss/repval 0.02 / train/loss/rew 6.2e-3 / train/loss/value 0.01 / replay/replay_ratio 260 / fps/policy 12.93 / fps/train 3309.41

Writing metrics: logdir/dreamer/dmc_humanoid_walk_20251130_032240/metrics.jsonl
Writing metrics: logdir/dreamer/dmc_humanoid_walk_20251130_032240/scores.jsonl

--------------------[Agent Step 955_040]--------------------
Metrics filtered by: 'score|length|fps|ratio|train/loss/|train/rand/'
train/loss/con 0.02 / train/loss/dyn 4.2 / train/loss/image 7.25 / train/loss/policy -8.3e-3 / train/loss/rep 4.2 / train/loss/repval 0.02 / train/loss/rew 6.6e-3 / train/loss/value 0.01 / replay/replay_ratio 260 / fps/policy 12.92 / fps/train 3307.5

Writing metrics: logdir/dreamer/dmc_humanoid_walk_20251130_032240/scores.jsonl
Writing metrics: logdir/dreamer/dmc_humanoid_walk_20251130_032240/metrics.jsonl

--------------------[Agent Step 956_592]--------------------
Metrics filtered by: 'score|length|fps|ratio|train/loss/|train/rand/'
train/loss/con 0.02 / train/loss/dyn 4.19 / train/loss/image 7.21 / train/loss/policy -9.2e-3 / train/loss/rep 4.19 / train/loss/repval 0.02 / train/loss/rew 6.3e-3 / train/loss/value 0.01 / replay/replay_ratio 260 / fps/policy 12.93 / fps/train 3310.23

Writing metrics: logdir/dreamer/dmc_humanoid_walk_20251130_032240/metrics.jsonl
Writing metrics: logdir/dreamer/dmc_humanoid_walk_20251130_032240/scores.jsonl
Saving checkpoint: logdir/dreamer/dmc_humanoid_walk_20251130_032240/ckpt/20251201T135405F299810
Saved checkpoint.

--------------------[Agent Step 957_952]--------------------
Metrics filtered by: 'score|length|fps|ratio|train/loss/|train/rand/'
episode/score 0.31 / episode/length 1001 / train/loss/con 0.02 / train/loss/dyn 4.22 / train/loss/image 7.21 / train/loss/policy -7.9e-3 / train/loss/rep 4.22 / train/loss/repval 0.02 / train/loss/rew 5.9e-3 / train/loss/value 0.01 / replay/replay_ratio 260 / fps/policy 11.32 / fps/train 2896.86

Writing metrics: logdir/dreamer/dmc_humanoid_walk_20251130_032240/metrics.jsonl
Writing metrics: logdir/dreamer/dmc_humanoid_walk_20251130_032240/scores.jsonl

--------------------[Agent Step 959_504]--------------------
Metrics filtered by: 'score|length|fps|ratio|train/loss/|train/rand/'
train/loss/con 0.02 / train/loss/dyn 4.29 / train/loss/image 7.31 / train/loss/policy -9.1e-3 / train/loss/rep 4.29 / train/loss/repval 0.02 / train/loss/rew 7e-3 / train/loss/value 0.01 / replay/replay_ratio 260 / fps/policy 12.84 / fps/train 3286.28

Writing metrics: logdir/dreamer/dmc_humanoid_walk_20251130_032240/metrics.jsonl
Writing metrics: logdir/dreamer/dmc_humanoid_walk_20251130_032240/scores.jsonl

--------------------[Agent Step 961_056]--------------------
Metrics filtered by: 'score|length|fps|ratio|train/loss/|train/rand/'
train/loss/con 0.02 / train/loss/dyn 4.25 / train/loss/image 7.25 / train/loss/policy -9.7e-3 / train/loss/rep 4.25 / train/loss/repval 0.02 / train/loss/rew 6.5e-3 / train/loss/value 0.01 / replay/replay_ratio 260 / fps/policy 12.91 / fps/train 3303.97

Writing metrics: logdir/dreamer/dmc_humanoid_walk_20251130_032240/metrics.jsonl
Writing metrics: logdir/dreamer/dmc_humanoid_walk_20251130_032240/scores.jsonl

--------------------[Agent Step 962_608]--------------------
Metrics filtered by: 'score|length|fps|ratio|train/loss/|train/rand/'
train/loss/con 0.02 / train/loss/dyn 4.18 / train/loss/image 7.21 / train/loss/policy -0.01 / train/loss/rep 4.18 / train/loss/repval 0.02 / train/loss/rew 6.7e-3 / train/loss/value 0.01 / replay/replay_ratio 260 / fps/policy 12.9 / fps/train 3302.26

Writing metrics: logdir/dreamer/dmc_humanoid_walk_20251130_032240/metrics.jsonl
Writing metrics: logdir/dreamer/dmc_humanoid_walk_20251130_032240/scores.jsonl

--------------------[Agent Step 964_160]--------------------
Metrics filtered by: 'score|length|fps|ratio|train/loss/|train/rand/'
train/loss/con 0.02 / train/loss/dyn 4.29 / train/loss/image 7.28 / train/loss/policy -8.2e-3 / train/loss/rep 4.29 / train/loss/repval 0.02 / train/loss/rew 6.5e-3 / train/loss/value 0.01 / replay/replay_ratio 260 / fps/policy 12.93 / fps/train 3309.37

Writing metrics: logdir/dreamer/dmc_humanoid_walk_20251130_032240/metrics.jsonl
Writing metrics: logdir/dreamer/dmc_humanoid_walk_20251130_032240/scores.jsonl

--------------------[Agent Step 965_712]--------------------
Metrics filtered by: 'score|length|fps|ratio|train/loss/|train/rand/'
train/loss/con 0.02 / train/loss/dyn 4.28 / train/loss/image 7.27 / train/loss/policy -8.7e-3 / train/loss/rep 4.28 / train/loss/repval 0.02 / train/loss/rew 6.6e-3 / train/loss/value 0.01 / replay/replay_ratio 260 / fps/policy 12.91 / fps/train 3304.42

Writing metrics: logdir/dreamer/dmc_humanoid_walk_20251130_032240/metrics.jsonl
Writing metrics: logdir/dreamer/dmc_humanoid_walk_20251130_032240/scores.jsonl

--------------------[Agent Step 967_264]--------------------
Metrics filtered by: 'score|length|fps|ratio|train/loss/|train/rand/'
train/loss/con 0.02 / train/loss/dyn 4.29 / train/loss/image 7.23 / train/loss/policy -8.6e-3 / train/loss/rep 4.29 / train/loss/repval 0.02 / train/loss/rew 6e-3 / train/loss/value 0.01 / replay/replay_ratio 260 / fps/policy 12.92 / fps/train 3306.39

Writing metrics: logdir/dreamer/dmc_humanoid_walk_20251130_032240/metrics.jsonl
Writing metrics: logdir/dreamer/dmc_humanoid_walk_20251130_032240/scores.jsonl

--------------------[Agent Step 968_816]--------------------
Metrics filtered by: 'score|length|fps|ratio|train/loss/|train/rand/'
train/loss/con 0.02 / train/loss/dyn 4.29 / train/loss/image 7.25 / train/loss/policy -9.4e-3 / train/loss/rep 4.29 / train/loss/repval 0.02 / train/loss/rew 6.3e-3 / train/loss/value 0.01 / replay/replay_ratio 260 / fps/policy 12.92 / fps/train 3307.21

Writing metrics: logdir/dreamer/dmc_humanoid_walk_20251130_032240/metrics.jsonl
Writing metrics: logdir/dreamer/dmc_humanoid_walk_20251130_032240/scores.jsonl
Saving checkpoint: logdir/dreamer/dmc_humanoid_walk_20251130_032240/ckpt/20251201T140905F649075
Saved checkpoint.

--------------------[Agent Step 970_176]--------------------
Metrics filtered by: 'score|length|fps|ratio|train/loss/|train/rand/'
train/loss/con 0.02 / train/loss/dyn 4.23 / train/loss/image 7.2 / train/loss/policy -9.2e-3 / train/loss/rep 4.23 / train/loss/repval 0.02 / train/loss/rew 6.1e-3 / train/loss/value 0.01 / replay/replay_ratio 260 / fps/policy 11.23 / fps/train 2876.12

Writing metrics: logdir/dreamer/dmc_humanoid_walk_20251130_032240/scores.jsonl
Writing metrics: logdir/dreamer/dmc_humanoid_walk_20251130_032240/metrics.jsonl

--------------------[Agent Step 971_728]--------------------
Metrics filtered by: 'score|length|fps|ratio|train/loss/|train/rand/'
train/loss/con 0.02 / train/loss/dyn 4.21 / train/loss/image 7.21 / train/loss/policy -9.1e-3 / train/loss/rep 4.21 / train/loss/repval 0.02 / train/loss/rew 6.9e-3 / train/loss/value 0.01 / replay/replay_ratio 260 / fps/policy 12.83 / fps/train 3284.45

Writing metrics: logdir/dreamer/dmc_humanoid_walk_20251130_032240/metrics.jsonl
Writing metrics: logdir/dreamer/dmc_humanoid_walk_20251130_032240/scores.jsonl

--------------------[Agent Step 973_280]--------------------
Metrics filtered by: 'score|length|fps|ratio|train/loss/|train/rand/'
train/loss/con 0.02 / train/loss/dyn 4.33 / train/loss/image 7.31 / train/loss/policy -9.7e-3 / train/loss/rep 4.33 / train/loss/repval 0.02 / train/loss/rew 6.6e-3 / train/loss/value 0.01 / replay/replay_ratio 260 / fps/policy 12.91 / fps/train 3306.24

Writing metrics: logdir/dreamer/dmc_humanoid_walk_20251130_032240/metrics.jsonl
Writing metrics: logdir/dreamer/dmc_humanoid_walk_20251130_032240/scores.jsonl

--------------------[Agent Step 974_832]--------------------
Metrics filtered by: 'score|length|fps|ratio|train/loss/|train/rand/'
episode/score 1.94 / episode/length 1001 / train/loss/con 0.02 / train/loss/dyn 4.33 / train/loss/image 7.3 / train/loss/policy -0.01 / train/loss/rep 4.33 / train/loss/repval 0.02 / train/loss/rew 7e-3 / train/loss/value 0.01 / replay/replay_ratio 260 / fps/policy 12.89 / fps/train 3300.46

Writing metrics: logdir/dreamer/dmc_humanoid_walk_20251130_032240/metrics.jsonl
Writing metrics: logdir/dreamer/dmc_humanoid_walk_20251130_032240/scores.jsonl

--------------------[Agent Step 976_384]--------------------
Metrics filtered by: 'score|length|fps|ratio|train/loss/|train/rand/'
train/loss/con 0.02 / train/loss/dyn 4.28 / train/loss/image 7.26 / train/loss/policy -0.01 / train/loss/rep 4.28 / train/loss/repval 0.02 / train/loss/rew 6.5e-3 / train/loss/value 0.01 / replay/replay_ratio 260 / fps/policy 12.92 / fps/train 3306.89

Writing metrics: logdir/dreamer/dmc_humanoid_walk_20251130_032240/metrics.jsonl
Writing metrics: logdir/dreamer/dmc_humanoid_walk_20251130_032240/scores.jsonl

--------------------[Agent Step 977_936]--------------------
Metrics filtered by: 'score|length|fps|ratio|train/loss/|train/rand/'
train/loss/con 0.02 / train/loss/dyn 4.3 / train/loss/image 7.28 / train/loss/policy -0.01 / train/loss/rep 4.3 / train/loss/repval 0.02 / train/loss/rew 6.4e-3 / train/loss/value 0.01 / replay/replay_ratio 260 / fps/policy 12.91 / fps/train 3305.22

Writing metrics: logdir/dreamer/dmc_humanoid_walk_20251130_032240/metrics.jsonl
Writing metrics: logdir/dreamer/dmc_humanoid_walk_20251130_032240/scores.jsonl

--------------------[Agent Step 979_488]--------------------
Metrics filtered by: 'score|length|fps|ratio|train/loss/|train/rand/'
train/loss/con 0.02 / train/loss/dyn 4.3 / train/loss/image 7.31 / train/loss/policy -7.7e-3 / train/loss/rep 4.3 / train/loss/repval 0.02 / train/loss/rew 6.7e-3 / train/loss/value 0.01 / replay/replay_ratio 260 / fps/policy 12.91 / fps/train 3305.87

/var/spool/slurmd/job6801673/slurm_script: line 28: 1536166 Killed                  python3 dreamerv3/main.py --logdir $LOGDIR --configs dmc_vision --task dmc_humanoid_walk

=== Training Complete ===
End time: Mon Dec  1 14:24:20 EST 2025
[2025-12-01T14:24:20.518] error: Detected 1 oom_kill event in StepId=6801673.batch. Some of the step tasks have been OOM Killed.
