=== Resuming DMC Walker Walk Training ===
Job ID: 6835675
Logdir: ./logdir/dreamer/dmc_walker_walk_20251129_211920
Start time: Tue Dec  2 16:35:23 EST 2025

=== Verifying GPU ===
Devices: [CudaDevice(id=0)]

---  ___                           __   ______ ---
--- |   \ _ _ ___ __ _ _ __  ___ _ \ \ / /__ / ---
--- | |) | '_/ -_) _` | '  \/ -_) '/\ V / |_ \ ---
--- |___/|_| \___\__,_|_|_|_\___|_|  \_/ |___/ ---
Replica: 0 / 1
Logdir: logdir/dreamer/dmc_walker_walk_20251129_211920
Run script: train
Observations
  is_first         Space(bool, shape=(), low=False, high=True)
  is_last          Space(bool, shape=(), low=False, high=True)
  is_terminal      Space(bool, shape=(), low=False, high=True)
  reward           Space(float32, shape=(), low=-inf, high=inf)
  image            Space(uint8, shape=(64, 64, 3), low=0, high=255)
Actions
  action           Space(float32, shape=(6,), low=-1.0, high=1.0)
Extras
  consec           Space(int32, shape=(), low=-2147483648, high=2147483647)
  stepid           Space(uint8, shape=(20,), low=0, high=255)
  dyn/deter        Space(float32, shape=(8192,), low=-inf, high=inf)
  dyn/stoch        Space(float32, shape=(32, 64), low=-inf, high=inf)
JAX devices (1): [cuda:0]
Policy devices: cuda:0
Train devices:  cuda:0
Initializing parameters...
Optimizer opt has 165,948,686 params:
    95,483,904 dyn
    20,282,115 dec
    12,850,431 val
    12,601,356 pol
    10,749,183 rew
    10,488,833 con
     3,492,864 enc
[1]
[0]
[1]
[1]
con/head/logit/bias
[1]
[1]
con/head/logit/kernel
[1]
[1]
con/mlp/linear0/bias
[1]
[1]
con/mlp/linear0/kernel
[1]
[1]
con/mlp/norm0/scale
[1]
[1]
dec/conv0/bias
[1]
[1]
dec/conv0/kernel
[1]
[1]
dec/conv0norm/scale
[1]
[1]
dec/conv1/bias
[1]
[1]
dec/conv1/kernel
[1]
[1]
dec/conv1norm/scale
[1]
[1]
dec/conv2/bias
[1]
[1]
dec/conv2/kernel
[1]
[1]
dec/conv2norm/scale
[1]
[1]
dec/imgout/bias
[1]
[1]
dec/imgout/kernel
[1]
[1]
dec/sp0/bias
[1]
[1]
dec/sp0/kernel
[1]
[1]
dec/sp1/bias
[1]
[1]
dec/sp1/kernel
[1]
[1]
dec/sp1norm/scale
[1]
[1]
dec/sp2/bias
[1]
[1]
dec/sp2/kernel
[1]
[1]
dec/spnorm/scale
[1]
[1]
dyn/dyngru/bias
[1]
[1]
dyn/dyngru/kernel
[1]
[1]
dyn/dynhid0/bias
[1]
[1]
dyn/dynhid0/kernel
[1]
[1]
dyn/dynhid0norm/scale
[1]
[1]
dyn/dynin0/bias
[1]
[1]
dyn/dynin0/kernel
[1]
[1]
dyn/dynin0norm/scale
[1]
[1]
dyn/dynin1/bias
[1]
[1]
dyn/dynin1/kernel
[1]
[1]
dyn/dynin1norm/scale
[1]
[1]
dyn/dynin2/bias
[1]
[1]
dyn/dynin2/kernel
[1]
[1]
dyn/dynin2norm/scale
[1]
[1]
dyn/obs0/bias
[1]
[1]
dyn/obs0/kernel
[1]
[1]
dyn/obs0norm/scale
[1]
[1]
dyn/obslogit/bias
[1]
[1]
dyn/obslogit/kernel
[1]
[1]
dyn/prior0/bias
[1]
[1]
dyn/prior0/kernel
[1]
[1]
dyn/prior0norm/scale
[1]
[1]
dyn/prior1/bias
[1]
[1]
dyn/prior1/kernel
[1]
[1]
dyn/prior1norm/scale
[1]
[1]
dyn/priorlogit/bias
[1]
[1]
dyn/priorlogit/kernel
[1]
[1]
enc/cnn0/bias
[1]
[1]
enc/cnn0/kernel
[1]
[1]
enc/cnn0norm/scale
[1]
[1]
enc/cnn1/bias
[1]
[1]
enc/cnn1/kernel
[1]
[1]
enc/cnn1norm/scale
[1]
[1]
enc/cnn2/bias
[1]
[1]
enc/cnn2/kernel
[1]
[1]
enc/cnn2norm/scale
[1]
[1]
enc/cnn3/bias
[1]
[1]
enc/cnn3/kernel
[1]
[1]
enc/cnn3norm/scale
[1]
[1]
pol/head/action/mean/bias
[1]
[1]
pol/head/action/mean/kernel
[1]
[1]
pol/head/action/stddev/bias
[1]
[1]
pol/head/action/stddev/kernel
[1]
[1]
pol/mlp/linear0/bias
[1]
[1]
pol/mlp/linear0/kernel
[1]
[1]
pol/mlp/linear1/bias
[1]
[1]
pol/mlp/linear1/kernel
[1]
[1]
pol/mlp/linear2/bias
[1]
[1]
pol/mlp/linear2/kernel
[1]
[1]
pol/mlp/norm0/scale
[1]
[1]
pol/mlp/norm1/scale
[1]
[1]
pol/mlp/norm2/scale
[1]
[1]
rew/head/logits/bias
[1]
[1]
rew/head/logits/kernel
[1]
[1]
rew/mlp/linear0/bias
[1]
[1]
rew/mlp/linear0/kernel
[1]
[1]
rew/mlp/norm0/scale
[1]
[1]
val/head/logits/bias
[1]
[1]
val/head/logits/kernel
[1]
[1]
val/mlp/linear0/bias
[1]
[1]
val/mlp/linear0/kernel
[1]
[1]
val/mlp/linear1/bias
[1]
[1]
val/mlp/linear1/kernel
[1]
[1]
val/mlp/linear2/bias
[1]
[1]
val/mlp/linear2/kernel
[1]
[1]
val/mlp/norm0/scale
[1]
[1]
val/mlp/norm1/scale
[1]
[1]
val/mlp/norm2/scale
[2]
[0]
[2]
[1]
con/head/logit/bias
[2]
[1]
con/head/logit/kernel
[2]
[1]
con/mlp/linear0/bias
[2]
[1]
con/mlp/linear0/kernel
[2]
[1]
con/mlp/norm0/scale
[2]
[1]
dec/conv0/bias
[2]
[1]
dec/conv0/kernel
[2]
[1]
dec/conv0norm/scale
[2]
[1]
dec/conv1/bias
[2]
[1]
dec/conv1/kernel
[2]
[1]
dec/conv1norm/scale
[2]
[1]
dec/conv2/bias
[2]
[1]
dec/conv2/kernel
[2]
[1]
dec/conv2norm/scale
[2]
[1]
dec/imgout/bias
[2]
[1]
dec/imgout/kernel
[2]
[1]
dec/sp0/bias
[2]
[1]
dec/sp0/kernel
[2]
[1]
dec/sp1/bias
[2]
[1]
dec/sp1/kernel
[2]
[1]
dec/sp1norm/scale
[2]
[1]
dec/sp2/bias
[2]
[1]
dec/sp2/kernel
[2]
[1]
dec/spnorm/scale
[2]
[1]
dyn/dyngru/bias
[2]
[1]
dyn/dyngru/kernel
[2]
[1]
dyn/dynhid0/bias
[2]
[1]
dyn/dynhid0/kernel
[2]
[1]
dyn/dynhid0norm/scale
[2]
[1]
dyn/dynin0/bias
[2]
[1]
dyn/dynin0/kernel
[2]
[1]
dyn/dynin0norm/scale
[2]
[1]
dyn/dynin1/bias
[2]
[1]
dyn/dynin1/kernel
[2]
[1]
dyn/dynin1norm/scale
[2]
[1]
dyn/dynin2/bias
[2]
[1]
dyn/dynin2/kernel
[2]
[1]
dyn/dynin2norm/scale
[2]
[1]
dyn/obs0/bias
[2]
[1]
dyn/obs0/kernel
[2]
[1]
dyn/obs0norm/scale
[2]
[1]
dyn/obslogit/bias
[2]
[1]
dyn/obslogit/kernel
[2]
[1]
dyn/prior0/bias
[2]
[1]
dyn/prior0/kernel
[2]
[1]
dyn/prior0norm/scale
[2]
[1]
dyn/prior1/bias
[2]
[1]
dyn/prior1/kernel
[2]
[1]
dyn/prior1norm/scale
[2]
[1]
dyn/priorlogit/bias
[2]
[1]
dyn/priorlogit/kernel
[2]
[1]
enc/cnn0/bias
[2]
[1]
enc/cnn0/kernel
[2]
[1]
enc/cnn0norm/scale
[2]
[1]
enc/cnn1/bias
[2]
[1]
enc/cnn1/kernel
[2]
[1]
enc/cnn1norm/scale
[2]
[1]
enc/cnn2/bias
[2]
[1]
enc/cnn2/kernel
[2]
[1]
enc/cnn2norm/scale
[2]
[1]
enc/cnn3/bias
[2]
[1]
enc/cnn3/kernel
[2]
[1]
enc/cnn3norm/scale
[2]
[1]
pol/head/action/mean/bias
[2]
[1]
pol/head/action/mean/kernel
[2]
[1]
pol/head/action/stddev/bias
[2]
[1]
pol/head/action/stddev/kernel
[2]
[1]
pol/mlp/linear0/bias
[2]
[1]
pol/mlp/linear0/kernel
[2]
[1]
pol/mlp/linear1/bias
[2]
[1]
pol/mlp/linear1/kernel
[2]
[1]
pol/mlp/linear2/bias
[2]
[1]
pol/mlp/linear2/kernel
[2]
[1]
pol/mlp/norm0/scale
[2]
[1]
pol/mlp/norm1/scale
[2]
[1]
pol/mlp/norm2/scale
[2]
[1]
rew/head/logits/bias
[2]
[1]
rew/head/logits/kernel
[2]
[1]
rew/mlp/linear0/bias
[2]
[1]
rew/mlp/linear0/kernel
[2]
[1]
rew/mlp/norm0/scale
[2]
[1]
val/head/logits/bias
[2]
[1]
val/head/logits/kernel
[2]
[1]
val/mlp/linear0/bias
[2]
[1]
val/mlp/linear0/kernel
[2]
[1]
val/mlp/linear1/bias
[2]
[1]
val/mlp/linear1/kernel
[2]
[1]
val/mlp/linear2/bias
[2]
[1]
val/mlp/linear2/kernel
[2]
[1]
val/mlp/norm0/scale
[2]
[1]
val/mlp/norm1/scale
[2]
[1]
val/mlp/norm2/scale
[3]
.count
[1]
[0]
[1]
[1]
con/head/logit/bias
[1]
[1]
con/head/logit/kernel
[1]
[1]
con/mlp/linear0/bias
[1]
[1]
con/mlp/linear0/kernel
[1]
[1]
con/mlp/norm0/scale
[1]
[1]
dec/conv0/bias
[1]
[1]
dec/conv0/kernel
[1]
[1]
dec/conv0norm/scale
[1]
[1]
dec/conv1/bias
[1]
[1]
dec/conv1/kernel
[1]
[1]
dec/conv1norm/scale
[1]
[1]
dec/conv2/bias
[1]
[1]
dec/conv2/kernel
[1]
[1]
dec/conv2norm/scale
[1]
[1]
dec/imgout/bias
[1]
[1]
dec/imgout/kernel
[1]
[1]
dec/sp0/bias
[1]
[1]
dec/sp0/kernel
[1]
[1]
dec/sp1/bias
[1]
[1]
dec/sp1/kernel
[1]
[1]
dec/sp1norm/scale
[1]
[1]
dec/sp2/bias
[1]
[1]
dec/sp2/kernel
[1]
[1]
dec/spnorm/scale
[1]
[1]
dyn/dyngru/bias
[1]
[1]
dyn/dyngru/kernel
[1]
[1]
dyn/dynhid0/bias
[1]
[1]
dyn/dynhid0/kernel
[1]
[1]
dyn/dynhid0norm/scale
[1]
[1]
dyn/dynin0/bias
[1]
[1]
dyn/dynin0/kernel
[1]
[1]
dyn/dynin0norm/scale
[1]
[1]
dyn/dynin1/bias
[1]
[1]
dyn/dynin1/kernel
[1]
[1]
dyn/dynin1norm/scale
[1]
[1]
dyn/dynin2/bias
[1]
[1]
dyn/dynin2/kernel
[1]
[1]
dyn/dynin2norm/scale
[1]
[1]
dyn/obs0/bias
[1]
[1]
dyn/obs0/kernel
[1]
[1]
dyn/obs0norm/scale
[1]
[1]
dyn/obslogit/bias
[1]
[1]
dyn/obslogit/kernel
[1]
[1]
dyn/prior0/bias
[1]
[1]
dyn/prior0/kernel
[1]
[1]
dyn/prior0norm/scale
[1]
[1]
dyn/prior1/bias
[1]
[1]
dyn/prior1/kernel
[1]
[1]
dyn/prior1norm/scale
[1]
[1]
dyn/priorlogit/bias
[1]
[1]
dyn/priorlogit/kernel
[1]
[1]
enc/cnn0/bias
[1]
[1]
enc/cnn0/kernel
[1]
[1]
enc/cnn0norm/scale
[1]
[1]
enc/cnn1/bias
[1]
[1]
enc/cnn1/kernel
[1]
[1]
enc/cnn1norm/scale
[1]
[1]
enc/cnn2/bias
[1]
[1]
enc/cnn2/kernel
[1]
[1]
enc/cnn2norm/scale
[1]
[1]
enc/cnn3/bias
[1]
[1]
enc/cnn3/kernel
[1]
[1]
enc/cnn3norm/scale
[1]
[1]
pol/head/action/mean/bias
[1]
[1]
pol/head/action/mean/kernel
[1]
[1]
pol/head/action/stddev/bias
[1]
[1]
pol/head/action/stddev/kernel
[1]
[1]
pol/mlp/linear0/bias
[1]
[1]
pol/mlp/linear0/kernel
[1]
[1]
pol/mlp/linear1/bias
[1]
[1]
pol/mlp/linear1/kernel
[1]
[1]
pol/mlp/linear2/bias
[1]
[1]
pol/mlp/linear2/kernel
[1]
[1]
pol/mlp/norm0/scale
[1]
[1]
pol/mlp/norm1/scale
[1]
[1]
pol/mlp/norm2/scale
[1]
[1]
rew/head/logits/bias
[1]
[1]
rew/head/logits/kernel
[1]
[1]
rew/mlp/linear0/bias
[1]
[1]
rew/mlp/linear0/kernel
[1]
[1]
rew/mlp/norm0/scale
[1]
[1]
val/head/logits/bias
[1]
[1]
val/head/logits/kernel
[1]
[1]
val/mlp/linear0/bias
[1]
[1]
val/mlp/linear0/kernel
[1]
[1]
val/mlp/linear1/bias
[1]
[1]
val/mlp/linear1/kernel
[1]
[1]
val/mlp/linear2/bias
[1]
[1]
val/mlp/linear2/kernel
[1]
[1]
val/mlp/norm0/scale
[1]
[1]
val/mlp/norm1/scale
[1]
[1]
val/mlp/norm2/scale
[2]
[0]
[2]
[1]
con/head/logit/bias
[2]
[1]
con/head/logit/kernel
[2]
[1]
con/mlp/linear0/bias
[2]
[1]
con/mlp/linear0/kernel
[2]
[1]
con/mlp/norm0/scale
[2]
[1]
dec/conv0/bias
[2]
[1]
dec/conv0/kernel
[2]
[1]
dec/conv0norm/scale
[2]
[1]
dec/conv1/bias
[2]
[1]
dec/conv1/kernel
[2]
[1]
dec/conv1norm/scale
[2]
[1]
dec/conv2/bias
[2]
[1]
dec/conv2/kernel
[2]
[1]
dec/conv2norm/scale
[2]
[1]
dec/imgout/bias
[2]
[1]
dec/imgout/kernel
[2]
[1]
dec/sp0/bias
[2]
[1]
dec/sp0/kernel
[2]
[1]
dec/sp1/bias
[2]
[1]
dec/sp1/kernel
[2]
[1]
dec/sp1norm/scale
[2]
[1]
dec/sp2/bias
[2]
[1]
dec/sp2/kernel
[2]
[1]
dec/spnorm/scale
[2]
[1]
dyn/dyngru/bias
[2]
[1]
dyn/dyngru/kernel
[2]
[1]
dyn/dynhid0/bias
[2]
[1]
dyn/dynhid0/kernel
[2]
[1]
dyn/dynhid0norm/scale
[2]
[1]
dyn/dynin0/bias
[2]
[1]
dyn/dynin0/kernel
[2]
[1]
dyn/dynin0norm/scale
[2]
[1]
dyn/dynin1/bias
[2]
[1]
dyn/dynin1/kernel
[2]
[1]
dyn/dynin1norm/scale
[2]
[1]
dyn/dynin2/bias
[2]
[1]
dyn/dynin2/kernel
[2]
[1]
dyn/dynin2norm/scale
[2]
[1]
dyn/obs0/bias
[2]
[1]
dyn/obs0/kernel
[2]
[1]
dyn/obs0norm/scale
[2]
[1]
dyn/obslogit/bias
[2]
[1]
dyn/obslogit/kernel
[2]
[1]
dyn/prior0/bias
[2]
[1]
dyn/prior0/kernel
[2]
[1]
dyn/prior0norm/scale
[2]
[1]
dyn/prior1/bias
[2]
[1]
dyn/prior1/kernel
[2]
[1]
dyn/prior1norm/scale
[2]
[1]
dyn/priorlogit/bias
[2]
[1]
dyn/priorlogit/kernel
[2]
[1]
enc/cnn0/bias
[2]
[1]
enc/cnn0/kernel
[2]
[1]
enc/cnn0norm/scale
[2]
[1]
enc/cnn1/bias
[2]
[1]
enc/cnn1/kernel
[2]
[1]
enc/cnn1norm/scale
[2]
[1]
enc/cnn2/bias
[2]
[1]
enc/cnn2/kernel
[2]
[1]
enc/cnn2norm/scale
[2]
[1]
enc/cnn3/bias
[2]
[1]
enc/cnn3/kernel
[2]
[1]
enc/cnn3norm/scale
[2]
[1]
pol/head/action/mean/bias
[2]
[1]
pol/head/action/mean/kernel
[2]
[1]
pol/head/action/stddev/bias
[2]
[1]
pol/head/action/stddev/kernel
[2]
[1]
pol/mlp/linear0/bias
[2]
[1]
pol/mlp/linear0/kernel
[2]
[1]
pol/mlp/linear1/bias
[2]
[1]
pol/mlp/linear1/kernel
[2]
[1]
pol/mlp/linear2/bias
[2]
[1]
pol/mlp/linear2/kernel
[2]
[1]
pol/mlp/norm0/scale
[2]
[1]
pol/mlp/norm1/scale
[2]
[1]
pol/mlp/norm2/scale
[2]
[1]
rew/head/logits/bias
[2]
[1]
rew/head/logits/kernel
[2]
[1]
rew/mlp/linear0/bias
[2]
[1]
rew/mlp/linear0/kernel
[2]
[1]
rew/mlp/norm0/scale
[2]
[1]
val/head/logits/bias
[2]
[1]
val/head/logits/kernel
[2]
[1]
val/mlp/linear0/bias
[2]
[1]
val/mlp/linear0/kernel
[2]
[1]
val/mlp/linear1/bias
[2]
[1]
val/mlp/linear1/kernel
[2]
[1]
val/mlp/linear2/bias
[2]
[1]
val/mlp/linear2/kernel
[2]
[1]
val/mlp/norm0/scale
[2]
[1]
val/mlp/norm1/scale
[2]
[1]
val/mlp/norm2/scale
[3]
.count
Done initializing!
Compiling 1 checkpoint groups...
Largest checkpoint group: 2 GB
Compiling train and report...
[1]
[0]
[1]
[1]
con/head/logit/bias
[1]
[1]
con/head/logit/kernel
[1]
[1]
con/mlp/linear0/bias
[1]
[1]
con/mlp/linear0/kernel
[1]
[1]
con/mlp/norm0/scale
[1]
[1]
dec/conv0/bias
[1]
[1]
dec/conv0/kernel
[1]
[1]
dec/conv0norm/scale
[1]
[1]
dec/conv1/bias
[1]
[1]
dec/conv1/kernel
[1]
[1]
dec/conv1norm/scale
[1]
[1]
dec/conv2/bias
[1]
[1]
dec/conv2/kernel
[1]
[1]
dec/conv2norm/scale
[1]
[1]
dec/imgout/bias
[1]
[1]
dec/imgout/kernel
[1]
[1]
dec/sp0/bias
[1]
[1]
dec/sp0/kernel
[1]
[1]
dec/sp1/bias
[1]
[1]
dec/sp1/kernel
[1]
[1]
dec/sp1norm/scale
[1]
[1]
dec/sp2/bias
[1]
[1]
dec/sp2/kernel
[1]
[1]
dec/spnorm/scale
[1]
[1]
dyn/dyngru/bias
[1]
[1]
dyn/dyngru/kernel
[1]
[1]
dyn/dynhid0/bias
[1]
[1]
dyn/dynhid0/kernel
[1]
[1]
dyn/dynhid0norm/scale
[1]
[1]
dyn/dynin0/bias
[1]
[1]
dyn/dynin0/kernel
[1]
[1]
dyn/dynin0norm/scale
[1]
[1]
dyn/dynin1/bias
[1]
[1]
dyn/dynin1/kernel
[1]
[1]
dyn/dynin1norm/scale
[1]
[1]
dyn/dynin2/bias
[1]
[1]
dyn/dynin2/kernel
[1]
[1]
dyn/dynin2norm/scale
[1]
[1]
dyn/obs0/bias
[1]
[1]
dyn/obs0/kernel
[1]
[1]
dyn/obs0norm/scale
[1]
[1]
dyn/obslogit/bias
[1]
[1]
dyn/obslogit/kernel
[1]
[1]
dyn/prior0/bias
[1]
[1]
dyn/prior0/kernel
[1]
[1]
dyn/prior0norm/scale
[1]
[1]
dyn/prior1/bias
[1]
[1]
dyn/prior1/kernel
[1]
[1]
dyn/prior1norm/scale
[1]
[1]
dyn/priorlogit/bias
[1]
[1]
dyn/priorlogit/kernel
[1]
[1]
enc/cnn0/bias
[1]
[1]
enc/cnn0/kernel
[1]
[1]
enc/cnn0norm/scale
[1]
[1]
enc/cnn1/bias
[1]
[1]
enc/cnn1/kernel
[1]
[1]
enc/cnn1norm/scale
[1]
[1]
enc/cnn2/bias
[1]
[1]
enc/cnn2/kernel
[1]
[1]
enc/cnn2norm/scale
[1]
[1]
enc/cnn3/bias
[1]
[1]
enc/cnn3/kernel
[1]
[1]
enc/cnn3norm/scale
[1]
[1]
pol/head/action/mean/bias
[1]
[1]
pol/head/action/mean/kernel
[1]
[1]
pol/head/action/stddev/bias
[1]
[1]
pol/head/action/stddev/kernel
[1]
[1]
pol/mlp/linear0/bias
[1]
[1]
pol/mlp/linear0/kernel
[1]
[1]
pol/mlp/linear1/bias
[1]
[1]
pol/mlp/linear1/kernel
[1]
[1]
pol/mlp/linear2/bias
[1]
[1]
pol/mlp/linear2/kernel
[1]
[1]
pol/mlp/norm0/scale
[1]
[1]
pol/mlp/norm1/scale
[1]
[1]
pol/mlp/norm2/scale
[1]
[1]
rew/head/logits/bias
[1]
[1]
rew/head/logits/kernel
[1]
[1]
rew/mlp/linear0/bias
[1]
[1]
rew/mlp/linear0/kernel
[1]
[1]
rew/mlp/norm0/scale
[1]
[1]
val/head/logits/bias
[1]
[1]
val/head/logits/kernel
[1]
[1]
val/mlp/linear0/bias
[1]
[1]
val/mlp/linear0/kernel
[1]
[1]
val/mlp/linear1/bias
[1]
[1]
val/mlp/linear1/kernel
[1]
[1]
val/mlp/linear2/bias
[1]
[1]
val/mlp/linear2/kernel
[1]
[1]
val/mlp/norm0/scale
[1]
[1]
val/mlp/norm1/scale
[1]
[1]
val/mlp/norm2/scale
[2]
[0]
[2]
[1]
con/head/logit/bias
[2]
[1]
con/head/logit/kernel
[2]
[1]
con/mlp/linear0/bias
[2]
[1]
con/mlp/linear0/kernel
[2]
[1]
con/mlp/norm0/scale
[2]
[1]
dec/conv0/bias
[2]
[1]
dec/conv0/kernel
[2]
[1]
dec/conv0norm/scale
[2]
[1]
dec/conv1/bias
[2]
[1]
dec/conv1/kernel
[2]
[1]
dec/conv1norm/scale
[2]
[1]
dec/conv2/bias
[2]
[1]
dec/conv2/kernel
[2]
[1]
dec/conv2norm/scale
[2]
[1]
dec/imgout/bias
[2]
[1]
dec/imgout/kernel
[2]
[1]
dec/sp0/bias
[2]
[1]
dec/sp0/kernel
[2]
[1]
dec/sp1/bias
[2]
[1]
dec/sp1/kernel
[2]
[1]
dec/sp1norm/scale
[2]
[1]
dec/sp2/bias
[2]
[1]
dec/sp2/kernel
[2]
[1]
dec/spnorm/scale
[2]
[1]
dyn/dyngru/bias
[2]
[1]
dyn/dyngru/kernel
[2]
[1]
dyn/dynhid0/bias
[2]
[1]
dyn/dynhid0/kernel
[2]
[1]
dyn/dynhid0norm/scale
[2]
[1]
dyn/dynin0/bias
[2]
[1]
dyn/dynin0/kernel
[2]
[1]
dyn/dynin0norm/scale
[2]
[1]
dyn/dynin1/bias
[2]
[1]
dyn/dynin1/kernel
[2]
[1]
dyn/dynin1norm/scale
[2]
[1]
dyn/dynin2/bias
[2]
[1]
dyn/dynin2/kernel
[2]
[1]
dyn/dynin2norm/scale
[2]
[1]
dyn/obs0/bias
[2]
[1]
dyn/obs0/kernel
[2]
[1]
dyn/obs0norm/scale
[2]
[1]
dyn/obslogit/bias
[2]
[1]
dyn/obslogit/kernel
[2]
[1]
dyn/prior0/bias
[2]
[1]
dyn/prior0/kernel
[2]
[1]
dyn/prior0norm/scale
[2]
[1]
dyn/prior1/bias
[2]
[1]
dyn/prior1/kernel
[2]
[1]
dyn/prior1norm/scale
[2]
[1]
dyn/priorlogit/bias
[2]
[1]
dyn/priorlogit/kernel
[2]
[1]
enc/cnn0/bias
[2]
[1]
enc/cnn0/kernel
[2]
[1]
enc/cnn0norm/scale
[2]
[1]
enc/cnn1/bias
[2]
[1]
enc/cnn1/kernel
[2]
[1]
enc/cnn1norm/scale
[2]
[1]
enc/cnn2/bias
[2]
[1]
enc/cnn2/kernel
[2]
[1]
enc/cnn2norm/scale
[2]
[1]
enc/cnn3/bias
[2]
[1]
enc/cnn3/kernel
[2]
[1]
enc/cnn3norm/scale
[2]
[1]
pol/head/action/mean/bias
[2]
[1]
pol/head/action/mean/kernel
[2]
[1]
pol/head/action/stddev/bias
[2]
[1]
pol/head/action/stddev/kernel
[2]
[1]
pol/mlp/linear0/bias
[2]
[1]
pol/mlp/linear0/kernel
[2]
[1]
pol/mlp/linear1/bias
[2]
[1]
pol/mlp/linear1/kernel
[2]
[1]
pol/mlp/linear2/bias
[2]
[1]
pol/mlp/linear2/kernel
[2]
[1]
pol/mlp/norm0/scale
[2]
[1]
pol/mlp/norm1/scale
[2]
[1]
pol/mlp/norm2/scale
[2]
[1]
rew/head/logits/bias
[2]
[1]
rew/head/logits/kernel
[2]
[1]
rew/mlp/linear0/bias
[2]
[1]
rew/mlp/linear0/kernel
[2]
[1]
rew/mlp/norm0/scale
[2]
[1]
val/head/logits/bias
[2]
[1]
val/head/logits/kernel
[2]
[1]
val/mlp/linear0/bias
[2]
[1]
val/mlp/linear0/kernel
[2]
[1]
val/mlp/linear1/bias
[2]
[1]
val/mlp/linear1/kernel
[2]
[1]
val/mlp/linear2/bias
[2]
[1]
val/mlp/linear2/kernel
[2]
[1]
val/mlp/norm0/scale
[2]
[1]
val/mlp/norm1/scale
[2]
[1]
val/mlp/norm2/scale
[3]
.count
Train cost analysis:
No available
Report cost analysis:
No available
Done compiling!
Found existing checkpoint.
Loading checkpoint: logdir/dreamer/dmc_walker_walk_20251129_211920/ckpt/20251202T123222F662635
Loaded checkpoint.
Start training loop

--------------------[Agent Step 991_344]--------------------
Metrics filtered by: 'score|length|fps|ratio|train/loss/|train/rand/'
train/loss/con 0.02 / train/loss/dyn 4.02 / train/loss/image 2.54 / train/loss/policy -2.9e-3 / train/loss/rep 4.02 / train/loss/repval 0.91 / train/loss/rew 0.63 / train/loss/value 0.87 / replay/replay_ratio 766.21 / fps/policy 9.66 / fps/train 2473.9

Writing metrics: logdir/dreamer/dmc_walker_walk_20251129_211920/metrics.jsonl
Writing metrics: logdir/dreamer/dmc_walker_walk_20251129_211920/scores.jsonl

--------------------[Agent Step 992_880]--------------------
Metrics filtered by: 'score|length|fps|ratio|train/loss/|train/rand/'
train/loss/con 0.02 / train/loss/dyn 3.58 / train/loss/image 2.35 / train/loss/policy -0.03 / train/loss/rep 3.58 / train/loss/repval 0.91 / train/loss/rew 0.63 / train/loss/value 0.87 / replay/replay_ratio 260 / fps/policy 12.7 / fps/train 3251.44

Writing metrics: logdir/dreamer/dmc_walker_walk_20251129_211920/metrics.jsonl
Writing metrics: logdir/dreamer/dmc_walker_walk_20251129_211920/scores.jsonl

--------------------[Agent Step 994_416]--------------------
Metrics filtered by: 'score|length|fps|ratio|train/loss/|train/rand/'
train/loss/con 0.02 / train/loss/dyn 3.41 / train/loss/image 2.27 / train/loss/policy -0.05 / train/loss/rep 3.41 / train/loss/repval 0.91 / train/loss/rew 0.63 / train/loss/value 0.88 / replay/replay_ratio 260 / fps/policy 12.69 / fps/train 3248.19

Writing metrics: logdir/dreamer/dmc_walker_walk_20251129_211920/metrics.jsonl
Writing metrics: logdir/dreamer/dmc_walker_walk_20251129_211920/scores.jsonl

--------------------[Agent Step 995_952]--------------------
Metrics filtered by: 'score|length|fps|ratio|train/loss/|train/rand/'
train/loss/con 0.02 / train/loss/dyn 3.36 / train/loss/image 2.27 / train/loss/policy -0.06 / train/loss/rep 3.36 / train/loss/repval 0.93 / train/loss/rew 0.63 / train/loss/value 0.89 / replay/replay_ratio 260 / fps/policy 12.67 / fps/train 3243.94

Writing metrics: logdir/dreamer/dmc_walker_walk_20251129_211920/metrics.jsonl
Writing metrics: logdir/dreamer/dmc_walker_walk_20251129_211920/scores.jsonl

--------------------[Agent Step 997_488]--------------------
Metrics filtered by: 'score|length|fps|ratio|train/loss/|train/rand/'
train/loss/con 0.02 / train/loss/dyn 3.34 / train/loss/image 2.23 / train/loss/policy -0.06 / train/loss/rep 3.34 / train/loss/repval 0.94 / train/loss/rew 0.63 / train/loss/value 0.9 / replay/replay_ratio 260 / fps/policy 12.69 / fps/train 3248.42

Writing metrics: logdir/dreamer/dmc_walker_walk_20251129_211920/metrics.jsonl
Writing metrics: logdir/dreamer/dmc_walker_walk_20251129_211920/scores.jsonl

--------------------[Agent Step 999_024]--------------------
Metrics filtered by: 'score|length|fps|ratio|train/loss/|train/rand/'
train/loss/con 0.02 / train/loss/dyn 3.25 / train/loss/image 2.22 / train/loss/policy -0.03 / train/loss/rep 3.25 / train/loss/repval 0.94 / train/loss/rew 0.63 / train/loss/value 0.91 / replay/replay_ratio 260 / fps/policy 12.69 / fps/train 3249.74

Writing metrics: logdir/dreamer/dmc_walker_walk_20251129_211920/metrics.jsonl
Writing metrics: logdir/dreamer/dmc_walker_walk_20251129_211920/scores.jsonl

--------------------[Agent Step 1_000_560]--------------------
Metrics filtered by: 'score|length|fps|ratio|train/loss/|train/rand/'
train/loss/con 0.02 / train/loss/dyn 3.3 / train/loss/image 2.19 / train/loss/policy -0.05 / train/loss/rep 3.3 / train/loss/repval 0.94 / train/loss/rew 0.63 / train/loss/value 0.91 / replay/replay_ratio 260 / fps/policy 12.68 / fps/train 3247.31

Writing metrics: logdir/dreamer/dmc_walker_walk_20251129_211920/metrics.jsonl
Writing metrics: logdir/dreamer/dmc_walker_walk_20251129_211920/scores.jsonl
Saving checkpoint: logdir/dreamer/dmc_walker_walk_20251129_211920/ckpt/20251202T165203F546217
Saved checkpoint.

--------------------[Agent Step 1_002_000]--------------------
Metrics filtered by: 'score|length|fps|ratio|train/loss/|train/rand/'
train/loss/con 0.02 / train/loss/dyn 3.25 / train/loss/image 2.2 / train/loss/policy -0.05 / train/loss/rep 3.25 / train/loss/repval 0.95 / train/loss/rew 0.63 / train/loss/value 0.92 / replay/replay_ratio 260 / fps/policy 11.9 / fps/train 3046.17

Writing metrics: logdir/dreamer/dmc_walker_walk_20251129_211920/metrics.jsonl
Writing metrics: logdir/dreamer/dmc_walker_walk_20251129_211920/scores.jsonl

--------------------[Agent Step 1_003_536]--------------------
Metrics filtered by: 'score|length|fps|ratio|train/loss/|train/rand/'
train/loss/con 0.02 / train/loss/dyn 3.28 / train/loss/image 2.21 / train/loss/policy -0.04 / train/loss/rep 3.28 / train/loss/repval 0.96 / train/loss/rew 0.63 / train/loss/value 0.92 / replay/replay_ratio 260 / fps/policy 12.69 / fps/train 3248.54

Writing metrics: logdir/dreamer/dmc_walker_walk_20251129_211920/metrics.jsonl
Writing metrics: logdir/dreamer/dmc_walker_walk_20251129_211920/scores.jsonl

--------------------[Agent Step 1_005_072]--------------------
Metrics filtered by: 'score|length|fps|ratio|train/loss/|train/rand/'
train/loss/con 0.02 / train/loss/dyn 3.24 / train/loss/image 2.18 / train/loss/policy -0.04 / train/loss/rep 3.24 / train/loss/repval 0.96 / train/loss/rew 0.63 / train/loss/value 0.92 / replay/replay_ratio 260 / fps/policy 12.68 / fps/train 3245.73

Writing metrics: logdir/dreamer/dmc_walker_walk_20251129_211920/metrics.jsonl
Writing metrics: logdir/dreamer/dmc_walker_walk_20251129_211920/scores.jsonl

--------------------[Agent Step 1_006_608]--------------------
Metrics filtered by: 'score|length|fps|ratio|train/loss/|train/rand/'
episode/score 959.33 / episode/length 1001 / train/loss/con 0.02 / train/loss/dyn 3.31 / train/loss/image 2.25 / train/loss/policy -2.1e-3 / train/loss/rep 3.31 / train/loss/repval 0.95 / train/loss/rew 0.63 / train/loss/value 0.92 / replay/replay_ratio 260 / fps/policy 12.69 / fps/train 3248.98

Writing metrics: logdir/dreamer/dmc_walker_walk_20251129_211920/metrics.jsonl
Writing metrics: logdir/dreamer/dmc_walker_walk_20251129_211920/scores.jsonl

--------------------[Agent Step 1_008_144]--------------------
Metrics filtered by: 'score|length|fps|ratio|train/loss/|train/rand/'
train/loss/con 0.02 / train/loss/dyn 3.22 / train/loss/image 2.21 / train/loss/policy -0.01 / train/loss/rep 3.22 / train/loss/repval 0.94 / train/loss/rew 0.63 / train/loss/value 0.9 / replay/replay_ratio 260 / fps/policy 12.7 / fps/train 3250.94

Writing metrics: logdir/dreamer/dmc_walker_walk_20251129_211920/metrics.jsonl
Writing metrics: logdir/dreamer/dmc_walker_walk_20251129_211920/scores.jsonl

--------------------[Agent Step 1_009_680]--------------------
Metrics filtered by: 'score|length|fps|ratio|train/loss/|train/rand/'
train/loss/con 0.02 / train/loss/dyn 3.26 / train/loss/image 2.18 / train/loss/policy -0.04 / train/loss/rep 3.26 / train/loss/repval 0.94 / train/loss/rew 0.63 / train/loss/value 0.9 / replay/replay_ratio 260 / fps/policy 12.68 / fps/train 3246.82

Writing metrics: logdir/dreamer/dmc_walker_walk_20251129_211920/metrics.jsonl
Writing metrics: logdir/dreamer/dmc_walker_walk_20251129_211920/scores.jsonl

--------------------[Agent Step 1_011_216]--------------------
Metrics filtered by: 'score|length|fps|ratio|train/loss/|train/rand/'
train/loss/con 0.02 / train/loss/dyn 3.19 / train/loss/image 2.16 / train/loss/policy -0.03 / train/loss/rep 3.19 / train/loss/repval 0.94 / train/loss/rew 0.63 / train/loss/value 0.9 / replay/replay_ratio 260 / fps/policy 12.69 / fps/train 3248.52

Writing metrics: logdir/dreamer/dmc_walker_walk_20251129_211920/metrics.jsonl
Writing metrics: logdir/dreamer/dmc_walker_walk_20251129_211920/scores.jsonl
Saving checkpoint: logdir/dreamer/dmc_walker_walk_20251129_211920/ckpt/20251202T170703F973651
Saved checkpoint.

--------------------[Agent Step 1_012_640]--------------------
Metrics filtered by: 'score|length|fps|ratio|train/loss/|train/rand/'
train/loss/con 0.02 / train/loss/dyn 3.17 / train/loss/image 2.16 / train/loss/policy -6.5e-3 / train/loss/rep 3.17 / train/loss/repval 0.93 / train/loss/rew 0.63 / train/loss/value 0.9 / replay/replay_ratio 260 / fps/policy 11.86 / fps/train 3036.01

Writing metrics: logdir/dreamer/dmc_walker_walk_20251129_211920/metrics.jsonl
Writing metrics: logdir/dreamer/dmc_walker_walk_20251129_211920/scores.jsonl

--------------------[Agent Step 1_014_176]--------------------
Metrics filtered by: 'score|length|fps|ratio|train/loss/|train/rand/'
train/loss/con 0.02 / train/loss/dyn 3.22 / train/loss/image 2.18 / train/loss/policy 5.9e-3 / train/loss/rep 3.22 / train/loss/repval 0.92 / train/loss/rew 0.63 / train/loss/value 0.88 / replay/replay_ratio 260 / fps/policy 12.7 / fps/train 3250.24

Writing metrics: logdir/dreamer/dmc_walker_walk_20251129_211920/metrics.jsonl
Writing metrics: logdir/dreamer/dmc_walker_walk_20251129_211920/scores.jsonl

--------------------[Agent Step 1_015_712]--------------------
Metrics filtered by: 'score|length|fps|ratio|train/loss/|train/rand/'
train/loss/con 0.02 / train/loss/dyn 3.2 / train/loss/image 2.18 / train/loss/policy -5.3e-3 / train/loss/rep 3.2 / train/loss/repval 0.9 / train/loss/rew 0.63 / train/loss/value 0.87 / replay/replay_ratio 260 / fps/policy 12.71 / fps/train 3253.02

Writing metrics: logdir/dreamer/dmc_walker_walk_20251129_211920/metrics.jsonl
Writing metrics: logdir/dreamer/dmc_walker_walk_20251129_211920/scores.jsonl

--------------------[Agent Step 1_017_248]--------------------
Metrics filtered by: 'score|length|fps|ratio|train/loss/|train/rand/'
train/loss/con 0.02 / train/loss/dyn 3.22 / train/loss/image 2.17 / train/loss/policy -0.02 / train/loss/rep 3.22 / train/loss/repval 0.9 / train/loss/rew 0.63 / train/loss/value 0.86 / replay/replay_ratio 260 / fps/policy 12.69 / fps/train 3248.68

Writing metrics: logdir/dreamer/dmc_walker_walk_20251129_211920/metrics.jsonl
Writing metrics: logdir/dreamer/dmc_walker_walk_20251129_211920/scores.jsonl

--------------------[Agent Step 1_018_784]--------------------
Metrics filtered by: 'score|length|fps|ratio|train/loss/|train/rand/'
train/loss/con 0.02 / train/loss/dyn 3.2 / train/loss/image 2.15 / train/loss/policy -0.05 / train/loss/rep 3.2 / train/loss/repval 0.91 / train/loss/rew 0.63 / train/loss/value 0.87 / replay/replay_ratio 260 / fps/policy 12.69 / fps/train 3248.06

Writing metrics: logdir/dreamer/dmc_walker_walk_20251129_211920/metrics.jsonl
Writing metrics: logdir/dreamer/dmc_walker_walk_20251129_211920/scores.jsonl

--------------------[Agent Step 1_020_320]--------------------
Metrics filtered by: 'score|length|fps|ratio|train/loss/|train/rand/'
train/loss/con 0.02 / train/loss/dyn 3.23 / train/loss/image 2.17 / train/loss/policy -0.06 / train/loss/rep 3.23 / train/loss/repval 0.92 / train/loss/rew 0.63 / train/loss/value 0.88 / replay/replay_ratio 260 / fps/policy 12.68 / fps/train 3246.19

Writing metrics: logdir/dreamer/dmc_walker_walk_20251129_211920/metrics.jsonl
Writing metrics: logdir/dreamer/dmc_walker_walk_20251129_211920/scores.jsonl

--------------------[Agent Step 1_021_856]--------------------
Metrics filtered by: 'score|length|fps|ratio|train/loss/|train/rand/'
episode/score 968.59 / episode/length 1001 / train/loss/con 0.02 / train/loss/dyn 3.15 / train/loss/image 2.16 / train/loss/policy -0.05 / train/loss/rep 3.15 / train/loss/repval 0.93 / train/loss/rew 0.63 / train/loss/value 0.9 / replay/replay_ratio 260 / fps/policy 12.69 / fps/train 3248.84

Writing metrics: logdir/dreamer/dmc_walker_walk_20251129_211920/metrics.jsonl
Writing metrics: logdir/dreamer/dmc_walker_walk_20251129_211920/scores.jsonl

--------------------[Agent Step 1_023_392]--------------------
Metrics filtered by: 'score|length|fps|ratio|train/loss/|train/rand/'
train/loss/con 0.02 / train/loss/dyn 3.3 / train/loss/image 2.2 / train/loss/policy -0.05 / train/loss/rep 3.3 / train/loss/repval 0.94 / train/loss/rew 0.63 / train/loss/value 0.9 / replay/replay_ratio 260 / fps/policy 12.69 / fps/train 3247.86

Writing metrics: logdir/dreamer/dmc_walker_walk_20251129_211920/metrics.jsonl
Writing metrics: logdir/dreamer/dmc_walker_walk_20251129_211920/scores.jsonl
Saving checkpoint: logdir/dreamer/dmc_walker_walk_20251129_211920/ckpt/20251202T172204F332060
Saved checkpoint.

--------------------[Agent Step 1_024_832]--------------------
Metrics filtered by: 'score|length|fps|ratio|train/loss/|train/rand/'
train/loss/con 0.02 / train/loss/dyn 3.18 / train/loss/image 2.18 / train/loss/policy -0.04 / train/loss/rep 3.18 / train/loss/repval 0.95 / train/loss/rew 0.63 / train/loss/value 0.91 / replay/replay_ratio 260 / fps/policy 11.93 / fps/train 3053.2

Writing metrics: logdir/dreamer/dmc_walker_walk_20251129_211920/metrics.jsonl
Writing metrics: logdir/dreamer/dmc_walker_walk_20251129_211920/scores.jsonl

--------------------[Agent Step 1_026_368]--------------------
Metrics filtered by: 'score|length|fps|ratio|train/loss/|train/rand/'
train/loss/con 0.02 / train/loss/dyn 3.2 / train/loss/image 2.15 / train/loss/policy -0.03 / train/loss/rep 3.2 / train/loss/repval 0.95 / train/loss/rew 0.63 / train/loss/value 0.91 / replay/replay_ratio 260 / fps/policy 12.68 / fps/train 3246.39

Writing metrics: logdir/dreamer/dmc_walker_walk_20251129_211920/metrics.jsonl
Writing metrics: logdir/dreamer/dmc_walker_walk_20251129_211920/scores.jsonl

--------------------[Agent Step 1_027_904]--------------------
Metrics filtered by: 'score|length|fps|ratio|train/loss/|train/rand/'
train/loss/con 0.02 / train/loss/dyn 3.19 / train/loss/image 2.17 / train/loss/policy -0.05 / train/loss/rep 3.19 / train/loss/repval 0.95 / train/loss/rew 0.63 / train/loss/value 0.92 / replay/replay_ratio 260 / fps/policy 12.67 / fps/train 3243.57

Writing metrics: logdir/dreamer/dmc_walker_walk_20251129_211920/metrics.jsonl
Writing metrics: logdir/dreamer/dmc_walker_walk_20251129_211920/scores.jsonl

--------------------[Agent Step 1_029_440]--------------------
Metrics filtered by: 'score|length|fps|ratio|train/loss/|train/rand/'
train/loss/con 0.02 / train/loss/dyn 3.22 / train/loss/image 2.14 / train/loss/policy -0.01 / train/loss/rep 3.22 / train/loss/repval 0.95 / train/loss/rew 0.63 / train/loss/value 0.92 / replay/replay_ratio 260 / fps/policy 12.68 / fps/train 3247.06

Writing metrics: logdir/dreamer/dmc_walker_walk_20251129_211920/metrics.jsonl
Writing metrics: logdir/dreamer/dmc_walker_walk_20251129_211920/scores.jsonl

--------------------[Agent Step 1_030_976]--------------------
Metrics filtered by: 'score|length|fps|ratio|train/loss/|train/rand/'
train/loss/con 0.02 / train/loss/dyn 3.18 / train/loss/image 2.16 / train/loss/policy 8e-3 / train/loss/rep 3.18 / train/loss/repval 0.93 / train/loss/rew 0.63 / train/loss/value 0.9 / replay/replay_ratio 260 / fps/policy 12.69 / fps/train 3247.83

Writing metrics: logdir/dreamer/dmc_walker_walk_20251129_211920/metrics.jsonl
Writing metrics: logdir/dreamer/dmc_walker_walk_20251129_211920/scores.jsonl

--------------------[Agent Step 1_032_512]--------------------
Metrics filtered by: 'score|length|fps|ratio|train/loss/|train/rand/'
train/loss/con 0.02 / train/loss/dyn 3.2 / train/loss/image 2.15 / train/loss/policy -6.5e-3 / train/loss/rep 3.2 / train/loss/repval 0.92 / train/loss/rew 0.63 / train/loss/value 0.89 / replay/replay_ratio 260 / fps/policy 12.67 / fps/train 3244.75

Writing metrics: logdir/dreamer/dmc_walker_walk_20251129_211920/metrics.jsonl
Writing metrics: logdir/dreamer/dmc_walker_walk_20251129_211920/scores.jsonl

--------------------[Agent Step 1_034_048]--------------------
Metrics filtered by: 'score|length|fps|ratio|train/loss/|train/rand/'
train/loss/con 0.02 / train/loss/dyn 3.24 / train/loss/image 2.17 / train/loss/policy -0.03 / train/loss/rep 3.24 / train/loss/repval 0.93 / train/loss/rew 0.63 / train/loss/value 0.89 / replay/replay_ratio 260 / fps/policy 12.69 / fps/train 3249.57

Writing metrics: logdir/dreamer/dmc_walker_walk_20251129_211920/metrics.jsonl
Writing metrics: logdir/dreamer/dmc_walker_walk_20251129_211920/scores.jsonl
Saving checkpoint: logdir/dreamer/dmc_walker_walk_20251129_211920/ckpt/20251202T173705F912982
Saved checkpoint.

--------------------[Agent Step 1_035_456]--------------------
Metrics filtered by: 'score|length|fps|ratio|train/loss/|train/rand/'
train/loss/con 0.02 / train/loss/dyn 3.18 / train/loss/image 2.14 / train/loss/policy -0.02 / train/loss/rep 3.18 / train/loss/repval 0.92 / train/loss/rew 0.64 / train/loss/value 0.89 / replay/replay_ratio 260 / fps/policy 11.73 / fps/train 3003.9

Writing metrics: logdir/dreamer/dmc_walker_walk_20251129_211920/metrics.jsonl
Writing metrics: logdir/dreamer/dmc_walker_walk_20251129_211920/scores.jsonl

--------------------[Agent Step 1_036_992]--------------------
Metrics filtered by: 'score|length|fps|ratio|train/loss/|train/rand/'
train/loss/con 0.02 / train/loss/dyn 3.27 / train/loss/image 2.16 / train/loss/policy -0.03 / train/loss/rep 3.27 / train/loss/repval 0.93 / train/loss/rew 0.63 / train/loss/value 0.89 / replay/replay_ratio 260 / fps/policy 12.7 / fps/train 3250.96

Writing metrics: logdir/dreamer/dmc_walker_walk_20251129_211920/metrics.jsonl
Writing metrics: logdir/dreamer/dmc_walker_walk_20251129_211920/scores.jsonl

--------------------[Agent Step 1_038_528]--------------------
Metrics filtered by: 'score|length|fps|ratio|train/loss/|train/rand/'
episode/score 971.47 / episode/length 1001 / train/loss/con 0.02 / train/loss/dyn 3.18 / train/loss/image 2.15 / train/loss/policy -0.04 / train/loss/rep 3.18 / train/loss/repval 0.94 / train/loss/rew 0.63 / train/loss/value 0.9 / replay/replay_ratio 260 / fps/policy 12.69 / fps/train 3247.69

Writing metrics: logdir/dreamer/dmc_walker_walk_20251129_211920/metrics.jsonl
Writing metrics: logdir/dreamer/dmc_walker_walk_20251129_211920/scores.jsonl

--------------------[Agent Step 1_040_064]--------------------
Metrics filtered by: 'score|length|fps|ratio|train/loss/|train/rand/'
train/loss/con 0.02 / train/loss/dyn 3.35 / train/loss/image 2.22 / train/loss/policy -0.03 / train/loss/rep 3.35 / train/loss/repval 0.94 / train/loss/rew 0.63 / train/loss/value 0.9 / replay/replay_ratio 260 / fps/policy 12.68 / fps/train 3246.89

Writing metrics: logdir/dreamer/dmc_walker_walk_20251129_211920/metrics.jsonl
Writing metrics: logdir/dreamer/dmc_walker_walk_20251129_211920/scores.jsonl

--------------------[Agent Step 1_041_600]--------------------
Metrics filtered by: 'score|length|fps|ratio|train/loss/|train/rand/'
train/loss/con 0.02 / train/loss/dyn 3.2 / train/loss/image 2.17 / train/loss/policy -0.02 / train/loss/rep 3.2 / train/loss/repval 0.94 / train/loss/rew 0.63 / train/loss/value 0.9 / replay/replay_ratio 260 / fps/policy 12.69 / fps/train 3247.67

Writing metrics: logdir/dreamer/dmc_walker_walk_20251129_211920/metrics.jsonl
Writing metrics: logdir/dreamer/dmc_walker_walk_20251129_211920/scores.jsonl

--------------------[Agent Step 1_043_136]--------------------
Metrics filtered by: 'score|length|fps|ratio|train/loss/|train/rand/'
train/loss/con 0.02 / train/loss/dyn 3.26 / train/loss/image 2.16 / train/loss/policy -0.02 / train/loss/rep 3.26 / train/loss/repval 0.93 / train/loss/rew 0.63 / train/loss/value 0.89 / replay/replay_ratio 260 / fps/policy 12.68 / fps/train 3244.83

Writing metrics: logdir/dreamer/dmc_walker_walk_20251129_211920/metrics.jsonl
Writing metrics: logdir/dreamer/dmc_walker_walk_20251129_211920/scores.jsonl

--------------------[Agent Step 1_044_672]--------------------
Metrics filtered by: 'score|length|fps|ratio|train/loss/|train/rand/'
train/loss/con 0.02 / train/loss/dyn 3.22 / train/loss/image 2.16 / train/loss/policy -0.03 / train/loss/rep 3.22 / train/loss/repval 0.93 / train/loss/rew 0.63 / train/loss/value 0.89 / replay/replay_ratio 260 / fps/policy 12.69 / fps/train 3248.78

Writing metrics: logdir/dreamer/dmc_walker_walk_20251129_211920/metrics.jsonl
Writing metrics: logdir/dreamer/dmc_walker_walk_20251129_211920/scores.jsonl

--------------------[Agent Step 1_046_208]--------------------
Metrics filtered by: 'score|length|fps|ratio|train/loss/|train/rand/'
train/loss/con 0.02 / train/loss/dyn 3.3 / train/loss/image 2.16 / train/loss/policy -0.02 / train/loss/rep 3.3 / train/loss/repval 0.93 / train/loss/rew 0.63 / train/loss/value 0.9 / replay/replay_ratio 260 / fps/policy 12.68 / fps/train 3245.55

Writing metrics: logdir/dreamer/dmc_walker_walk_20251129_211920/metrics.jsonl
Writing metrics: logdir/dreamer/dmc_walker_walk_20251129_211920/scores.jsonl
Saving checkpoint: logdir/dreamer/dmc_walker_walk_20251129_211920/ckpt/20251202T175206F754206
Saved checkpoint.

--------------------[Agent Step 1_047_616]--------------------
Metrics filtered by: 'score|length|fps|ratio|train/loss/|train/rand/'
train/loss/con 0.02 / train/loss/dyn 3.24 / train/loss/image 2.15 / train/loss/policy -0.02 / train/loss/rep 3.24 / train/loss/repval 0.93 / train/loss/rew 0.63 / train/loss/value 0.89 / replay/replay_ratio 260 / fps/policy 11.63 / fps/train 2977.91

Writing metrics: logdir/dreamer/dmc_walker_walk_20251129_211920/metrics.jsonl
Writing metrics: logdir/dreamer/dmc_walker_walk_20251129_211920/scores.jsonl

--------------------[Agent Step 1_049_152]--------------------
Metrics filtered by: 'score|length|fps|ratio|train/loss/|train/rand/'
train/loss/con 0.02 / train/loss/dyn 3.25 / train/loss/image 2.13 / train/loss/policy -0.04 / train/loss/rep 3.25 / train/loss/repval 0.93 / train/loss/rew 0.64 / train/loss/value 0.89 / replay/replay_ratio 260 / fps/policy 12.71 / fps/train 3254.37

Writing metrics: logdir/dreamer/dmc_walker_walk_20251129_211920/metrics.jsonl
Writing metrics: logdir/dreamer/dmc_walker_walk_20251129_211920/scores.jsonl

--------------------[Agent Step 1_050_688]--------------------
Metrics filtered by: 'score|length|fps|ratio|train/loss/|train/rand/'
train/loss/con 0.02 / train/loss/dyn 3.27 / train/loss/image 2.15 / train/loss/policy -0.04 / train/loss/rep 3.27 / train/loss/repval 0.94 / train/loss/rew 0.63 / train/loss/value 0.9 / replay/replay_ratio 260 / fps/policy 12.71 / fps/train 3253.98

Writing metrics: logdir/dreamer/dmc_walker_walk_20251129_211920/metrics.jsonl
Writing metrics: logdir/dreamer/dmc_walker_walk_20251129_211920/scores.jsonl

--------------------[Agent Step 1_052_224]--------------------
Metrics filtered by: 'score|length|fps|ratio|train/loss/|train/rand/'
train/loss/con 0.02 / train/loss/dyn 3.27 / train/loss/image 2.15 / train/loss/policy -0.02 / train/loss/rep 3.27 / train/loss/repval 0.93 / train/loss/rew 0.64 / train/loss/value 0.9 / replay/replay_ratio 260 / fps/policy 12.72 / fps/train 3257.2

Writing metrics: logdir/dreamer/dmc_walker_walk_20251129_211920/metrics.jsonl
Writing metrics: logdir/dreamer/dmc_walker_walk_20251129_211920/scores.jsonl

--------------------[Agent Step 1_053_760]--------------------
Metrics filtered by: 'score|length|fps|ratio|train/loss/|train/rand/'
train/loss/con 0.02 / train/loss/dyn 3.27 / train/loss/image 2.14 / train/loss/policy -5.3e-3 / train/loss/rep 3.27 / train/loss/repval 0.92 / train/loss/rew 0.63 / train/loss/value 0.89 / replay/replay_ratio 260 / fps/policy 12.72 / fps/train 3256.06

Writing metrics: logdir/dreamer/dmc_walker_walk_20251129_211920/metrics.jsonl
Writing metrics: logdir/dreamer/dmc_walker_walk_20251129_211920/scores.jsonl

--------------------[Agent Step 1_055_296]--------------------
Metrics filtered by: 'score|length|fps|ratio|train/loss/|train/rand/'
episode/score 986.05 / episode/length 1001 / train/loss/con 0.02 / train/loss/dyn 3.4 / train/loss/image 2.26 / train/loss/policy -0.02 / train/loss/rep 3.4 / train/loss/repval 0.92 / train/loss/rew 0.63 / train/loss/value 0.88 / replay/replay_ratio 260 / fps/policy 12.71 / fps/train 3253.23

Writing metrics: logdir/dreamer/dmc_walker_walk_20251129_211920/metrics.jsonl
Writing metrics: logdir/dreamer/dmc_walker_walk_20251129_211920/scores.jsonl

--------------------[Agent Step 1_056_832]--------------------
Metrics filtered by: 'score|length|fps|ratio|train/loss/|train/rand/'
train/loss/con 0.02 / train/loss/dyn 3.35 / train/loss/image 2.2 / train/loss/policy -0.01 / train/loss/rep 3.35 / train/loss/repval 0.91 / train/loss/rew 0.63 / train/loss/value 0.87 / replay/replay_ratio 260 / fps/policy 12.73 / fps/train 3258

Writing metrics: logdir/dreamer/dmc_walker_walk_20251129_211920/metrics.jsonl
Writing metrics: logdir/dreamer/dmc_walker_walk_20251129_211920/scores.jsonl
Saving checkpoint: logdir/dreamer/dmc_walker_walk_20251129_211920/ckpt/20251202T180707F371254
Saved checkpoint.

--------------------[Agent Step 1_058_240]--------------------
Metrics filtered by: 'score|length|fps|ratio|train/loss/|train/rand/'
train/loss/con 0.02 / train/loss/dyn 3.23 / train/loss/image 2.16 / train/loss/policy -6.4e-3 / train/loss/rep 3.23 / train/loss/repval 0.9 / train/loss/rew 0.63 / train/loss/value 0.86 / replay/replay_ratio 260 / fps/policy 11.58 / fps/train 2965.45

Writing metrics: logdir/dreamer/dmc_walker_walk_20251129_211920/metrics.jsonl
Writing metrics: logdir/dreamer/dmc_walker_walk_20251129_211920/scores.jsonl

--------------------[Agent Step 1_059_776]--------------------
Metrics filtered by: 'score|length|fps|ratio|train/loss/|train/rand/'
train/loss/con 0.02 / train/loss/dyn 3.32 / train/loss/image 2.14 / train/loss/policy -0.06 / train/loss/rep 3.32 / train/loss/repval 0.91 / train/loss/rew 0.63 / train/loss/value 0.87 / replay/replay_ratio 260 / fps/policy 12.72 / fps/train 3256.32

Writing metrics: logdir/dreamer/dmc_walker_walk_20251129_211920/metrics.jsonl
Writing metrics: logdir/dreamer/dmc_walker_walk_20251129_211920/scores.jsonl

--------------------[Agent Step 1_061_312]--------------------
Metrics filtered by: 'score|length|fps|ratio|train/loss/|train/rand/'
train/loss/con 0.02 / train/loss/dyn 3.19 / train/loss/image 2.13 / train/loss/policy -0.06 / train/loss/rep 3.19 / train/loss/repval 0.92 / train/loss/rew 0.63 / train/loss/value 0.88 / replay/replay_ratio 260 / fps/policy 12.69 / fps/train 3248.6

Writing metrics: logdir/dreamer/dmc_walker_walk_20251129_211920/metrics.jsonl
Writing metrics: logdir/dreamer/dmc_walker_walk_20251129_211920/scores.jsonl

--------------------[Agent Step 1_062_848]--------------------
Metrics filtered by: 'score|length|fps|ratio|train/loss/|train/rand/'
train/loss/con 0.02 / train/loss/dyn 3.26 / train/loss/image 2.15 / train/loss/policy -0.04 / train/loss/rep 3.26 / train/loss/repval 0.93 / train/loss/rew 0.63 / train/loss/value 0.9 / replay/replay_ratio 260 / fps/policy 12.68 / fps/train 3246.24

Writing metrics: logdir/dreamer/dmc_walker_walk_20251129_211920/metrics.jsonl
Writing metrics: logdir/dreamer/dmc_walker_walk_20251129_211920/scores.jsonl

--------------------[Agent Step 1_064_384]--------------------
Metrics filtered by: 'score|length|fps|ratio|train/loss/|train/rand/'
train/loss/con 0.02 / train/loss/dyn 3.29 / train/loss/image 2.14 / train/loss/policy -0.04 / train/loss/rep 3.29 / train/loss/repval 0.94 / train/loss/rew 0.63 / train/loss/value 0.9 / replay/replay_ratio 260 / fps/policy 12.7 / fps/train 3250.11

Writing metrics: logdir/dreamer/dmc_walker_walk_20251129_211920/metrics.jsonl
Writing metrics: logdir/dreamer/dmc_walker_walk_20251129_211920/scores.jsonl

--------------------[Agent Step 1_065_920]--------------------
Metrics filtered by: 'score|length|fps|ratio|train/loss/|train/rand/'
train/loss/con 0.02 / train/loss/dyn 3.29 / train/loss/image 2.15 / train/loss/policy -0.05 / train/loss/rep 3.29 / train/loss/repval 0.94 / train/loss/rew 0.63 / train/loss/value 0.9 / replay/replay_ratio 260 / fps/policy 12.69 / fps/train 3247.42

Writing metrics: logdir/dreamer/dmc_walker_walk_20251129_211920/metrics.jsonl
Writing metrics: logdir/dreamer/dmc_walker_walk_20251129_211920/scores.jsonl

--------------------[Agent Step 1_067_456]--------------------
Metrics filtered by: 'score|length|fps|ratio|train/loss/|train/rand/'
train/loss/con 0.02 / train/loss/dyn 3.28 / train/loss/image 2.13 / train/loss/policy -0.04 / train/loss/rep 3.28 / train/loss/repval 0.94 / train/loss/rew 0.64 / train/loss/value 0.91 / replay/replay_ratio 260 / fps/policy 12.7 / fps/train 3250.59

Writing metrics: logdir/dreamer/dmc_walker_walk_20251129_211920/metrics.jsonl
Writing metrics: logdir/dreamer/dmc_walker_walk_20251129_211920/scores.jsonl

--------------------[Agent Step 1_068_992]--------------------
Metrics filtered by: 'score|length|fps|ratio|train/loss/|train/rand/'
train/loss/con 0.02 / train/loss/dyn 3.29 / train/loss/image 2.12 / train/loss/policy -0.03 / train/loss/rep 3.29 / train/loss/repval 0.94 / train/loss/rew 0.64 / train/loss/value 0.9 / replay/replay_ratio 260 / fps/policy 12.68 / fps/train 3246.8

Writing metrics: logdir/dreamer/dmc_walker_walk_20251129_211920/metrics.jsonl
Writing metrics: logdir/dreamer/dmc_walker_walk_20251129_211920/scores.jsonl
Saving checkpoint: logdir/dreamer/dmc_walker_walk_20251129_211920/ckpt/20251202T182208F129496
Saved checkpoint.

--------------------[Agent Step 1_070_432]--------------------
Metrics filtered by: 'score|length|fps|ratio|train/loss/|train/rand/'
episode/score 987.79 / episode/length 1001 / train/loss/con 0.02 / train/loss/dyn 3.26 / train/loss/image 2.13 / train/loss/policy 2.3e-3 / train/loss/rep 3.26 / train/loss/repval 0.93 / train/loss/rew 0.63 / train/loss/value 0.89 / replay/replay_ratio 260 / fps/policy 11.88 / fps/train 3041.25

Writing metrics: logdir/dreamer/dmc_walker_walk_20251129_211920/metrics.jsonl
Writing metrics: logdir/dreamer/dmc_walker_walk_20251129_211920/scores.jsonl

--------------------[Agent Step 1_071_968]--------------------
Metrics filtered by: 'score|length|fps|ratio|train/loss/|train/rand/'
train/loss/con 0.02 / train/loss/dyn 3.36 / train/loss/image 2.22 / train/loss/policy -5.5e-3 / train/loss/rep 3.36 / train/loss/repval 0.92 / train/loss/rew 0.63 / train/loss/value 0.88 / replay/replay_ratio 260 / fps/policy 12.69 / fps/train 3247.57

Writing metrics: logdir/dreamer/dmc_walker_walk_20251129_211920/metrics.jsonl
Writing metrics: logdir/dreamer/dmc_walker_walk_20251129_211920/scores.jsonl

--------------------[Agent Step 1_073_504]--------------------
Metrics filtered by: 'score|length|fps|ratio|train/loss/|train/rand/'
train/loss/con 0.02 / train/loss/dyn 3.29 / train/loss/image 2.13 / train/loss/policy -0.03 / train/loss/rep 3.29 / train/loss/repval 0.91 / train/loss/rew 0.64 / train/loss/value 0.87 / replay/replay_ratio 260 / fps/policy 12.68 / fps/train 3245.78

Writing metrics: logdir/dreamer/dmc_walker_walk_20251129_211920/metrics.jsonl
Writing metrics: logdir/dreamer/dmc_walker_walk_20251129_211920/scores.jsonl

--------------------[Agent Step 1_075_040]--------------------
Metrics filtered by: 'score|length|fps|ratio|train/loss/|train/rand/'
train/loss/con 0.02 / train/loss/dyn 3.27 / train/loss/image 2.14 / train/loss/policy -0.05 / train/loss/rep 3.27 / train/loss/repval 0.92 / train/loss/rew 0.64 / train/loss/value 0.88 / replay/replay_ratio 260 / fps/policy 12.68 / fps/train 3246.61

Writing metrics: logdir/dreamer/dmc_walker_walk_20251129_211920/metrics.jsonl
Writing metrics: logdir/dreamer/dmc_walker_walk_20251129_211920/scores.jsonl

--------------------[Agent Step 1_076_576]--------------------
Metrics filtered by: 'score|length|fps|ratio|train/loss/|train/rand/'
train/loss/con 0.02 / train/loss/dyn 3.28 / train/loss/image 2.11 / train/loss/policy -0.07 / train/loss/rep 3.28 / train/loss/repval 0.93 / train/loss/rew 0.64 / train/loss/value 0.89 / replay/replay_ratio 260 / fps/policy 12.67 / fps/train 3244.78

Writing metrics: logdir/dreamer/dmc_walker_walk_20251129_211920/metrics.jsonl
Writing metrics: logdir/dreamer/dmc_walker_walk_20251129_211920/scores.jsonl

--------------------[Agent Step 1_078_112]--------------------
Metrics filtered by: 'score|length|fps|ratio|train/loss/|train/rand/'
train/loss/con 0.02 / train/loss/dyn 3.27 / train/loss/image 2.1 / train/loss/policy -0.05 / train/loss/rep 3.27 / train/loss/repval 0.94 / train/loss/rew 0.64 / train/loss/value 0.9 / replay/replay_ratio 260 / fps/policy 12.68 / fps/train 3244.91

Writing metrics: logdir/dreamer/dmc_walker_walk_20251129_211920/metrics.jsonl
Writing metrics: logdir/dreamer/dmc_walker_walk_20251129_211920/scores.jsonl

--------------------[Agent Step 1_079_648]--------------------
Metrics filtered by: 'score|length|fps|ratio|train/loss/|train/rand/'
train/loss/con 0.02 / train/loss/dyn 3.32 / train/loss/image 2.14 / train/loss/policy -0.05 / train/loss/rep 3.32 / train/loss/repval 0.95 / train/loss/rew 0.63 / train/loss/value 0.91 / replay/replay_ratio 260 / fps/policy 12.69 / fps/train 3247.44

Writing metrics: logdir/dreamer/dmc_walker_walk_20251129_211920/metrics.jsonl
Writing metrics: logdir/dreamer/dmc_walker_walk_20251129_211920/scores.jsonl
Saving checkpoint: logdir/dreamer/dmc_walker_walk_20251129_211920/ckpt/20251202T183709F091242
Saved checkpoint.

--------------------[Agent Step 1_081_040]--------------------
Metrics filtered by: 'score|length|fps|ratio|train/loss/|train/rand/'
train/loss/con 0.02 / train/loss/dyn 3.3 / train/loss/image 2.14 / train/loss/policy -0.04 / train/loss/rep 3.3 / train/loss/repval 0.95 / train/loss/rew 0.63 / train/loss/value 0.91 / replay/replay_ratio 260 / fps/policy 11.55 / fps/train 2956.54

Writing metrics: logdir/dreamer/dmc_walker_walk_20251129_211920/metrics.jsonl
Writing metrics: logdir/dreamer/dmc_walker_walk_20251129_211920/scores.jsonl

--------------------[Agent Step 1_082_576]--------------------
Metrics filtered by: 'score|length|fps|ratio|train/loss/|train/rand/'
train/loss/con 0.02 / train/loss/dyn 3.29 / train/loss/image 2.12 / train/loss/policy -0.04 / train/loss/rep 3.29 / train/loss/repval 0.95 / train/loss/rew 0.64 / train/loss/value 0.91 / replay/replay_ratio 260 / fps/policy 12.71 / fps/train 3253.54

Writing metrics: logdir/dreamer/dmc_walker_walk_20251129_211920/metrics.jsonl
Writing metrics: logdir/dreamer/dmc_walker_walk_20251129_211920/scores.jsonl

--------------------[Agent Step 1_084_112]--------------------
Metrics filtered by: 'score|length|fps|ratio|train/loss/|train/rand/'
train/loss/con 0.02 / train/loss/dyn 3.27 / train/loss/image 2.11 / train/loss/policy -0.03 / train/loss/rep 3.27 / train/loss/repval 0.95 / train/loss/rew 0.64 / train/loss/value 0.91 / replay/replay_ratio 260 / fps/policy 12.72 / fps/train 3257.01

Writing metrics: logdir/dreamer/dmc_walker_walk_20251129_211920/metrics.jsonl
Writing metrics: logdir/dreamer/dmc_walker_walk_20251129_211920/scores.jsonl

--------------------[Agent Step 1_085_648]--------------------
Metrics filtered by: 'score|length|fps|ratio|train/loss/|train/rand/'
train/loss/con 0.02 / train/loss/dyn 3.34 / train/loss/image 2.14 / train/loss/policy -6.9e-3 / train/loss/rep 3.34 / train/loss/repval 0.94 / train/loss/rew 0.63 / train/loss/value 0.91 / replay/replay_ratio 260 / fps/policy 12.73 / fps/train 3257.67

Writing metrics: logdir/dreamer/dmc_walker_walk_20251129_211920/metrics.jsonl
Writing metrics: logdir/dreamer/dmc_walker_walk_20251129_211920/scores.jsonl

--------------------[Agent Step 1_087_184]--------------------
Metrics filtered by: 'score|length|fps|ratio|train/loss/|train/rand/'
episode/score 973.47 / episode/length 1001 / train/loss/con 0.02 / train/loss/dyn 3.4 / train/loss/image 2.19 / train/loss/policy -1.4e-3 / train/loss/rep 3.4 / train/loss/repval 0.93 / train/loss/rew 0.63 / train/loss/value 0.9 / replay/replay_ratio 260 / fps/policy 12.72 / fps/train 3256.59

Writing metrics: logdir/dreamer/dmc_walker_walk_20251129_211920/metrics.jsonl
Writing metrics: logdir/dreamer/dmc_walker_walk_20251129_211920/scores.jsonl

--------------------[Agent Step 1_088_720]--------------------
Metrics filtered by: 'score|length|fps|ratio|train/loss/|train/rand/'
train/loss/con 0.02 / train/loss/dyn 3.39 / train/loss/image 2.14 / train/loss/policy -0.03 / train/loss/rep 3.39 / train/loss/repval 0.92 / train/loss/rew 0.64 / train/loss/value 0.89 / replay/replay_ratio 260 / fps/policy 12.71 / fps/train 3254.75

Writing metrics: logdir/dreamer/dmc_walker_walk_20251129_211920/metrics.jsonl
Writing metrics: logdir/dreamer/dmc_walker_walk_20251129_211920/scores.jsonl

--------------------[Agent Step 1_090_256]--------------------
Metrics filtered by: 'score|length|fps|ratio|train/loss/|train/rand/'
train/loss/con 0.02 / train/loss/dyn 3.32 / train/loss/image 2.12 / train/loss/policy -0.05 / train/loss/rep 3.32 / train/loss/repval 0.93 / train/loss/rew 0.64 / train/loss/value 0.89 / replay/replay_ratio 260 / fps/policy 12.72 / fps/train 3256.45

Writing metrics: logdir/dreamer/dmc_walker_walk_20251129_211920/metrics.jsonl
Writing metrics: logdir/dreamer/dmc_walker_walk_20251129_211920/scores.jsonl

--------------------[Agent Step 1_091_792]--------------------
Metrics filtered by: 'score|length|fps|ratio|train/loss/|train/rand/'
train/loss/con 0.02 / train/loss/dyn 3.33 / train/loss/image 2.12 / train/loss/policy -0.05 / train/loss/rep 3.33 / train/loss/repval 0.94 / train/loss/rew 0.64 / train/loss/value 0.9 / replay/replay_ratio 260 / fps/policy 12.72 / fps/train 3255.17

Writing metrics: logdir/dreamer/dmc_walker_walk_20251129_211920/metrics.jsonl
Writing metrics: logdir/dreamer/dmc_walker_walk_20251129_211920/scores.jsonl
Saving checkpoint: logdir/dreamer/dmc_walker_walk_20251129_211920/ckpt/20251202T185209F439012
Saved checkpoint.

--------------------[Agent Step 1_093_152]--------------------
Metrics filtered by: 'score|length|fps|ratio|train/loss/|train/rand/'
train/loss/con 0.02 / train/loss/dyn 3.37 / train/loss/image 2.15 / train/loss/policy -0.05 / train/loss/rep 3.37 / train/loss/repval 0.94 / train/loss/rew 0.63 / train/loss/value 0.91 / replay/replay_ratio 260 / fps/policy 11.27 / fps/train 2886.37

Writing metrics: logdir/dreamer/dmc_walker_walk_20251129_211920/metrics.jsonl
Writing metrics: logdir/dreamer/dmc_walker_walk_20251129_211920/scores.jsonl

--------------------[Agent Step 1_094_688]--------------------
Metrics filtered by: 'score|length|fps|ratio|train/loss/|train/rand/'
train/loss/con 0.02 / train/loss/dyn 3.35 / train/loss/image 2.13 / train/loss/policy 2.7e-4 / train/loss/rep 3.35 / train/loss/repval 0.94 / train/loss/rew 0.64 / train/loss/value 0.9 / replay/replay_ratio 260 / fps/policy 12.72 / fps/train 3256.1

Writing metrics: logdir/dreamer/dmc_walker_walk_20251129_211920/metrics.jsonl
Writing metrics: logdir/dreamer/dmc_walker_walk_20251129_211920/scores.jsonl

--------------------[Agent Step 1_096_224]--------------------
Metrics filtered by: 'score|length|fps|ratio|train/loss/|train/rand/'
train/loss/con 0.02 / train/loss/dyn 3.32 / train/loss/image 2.12 / train/loss/policy 2.1e-3 / train/loss/rep 3.32 / train/loss/repval 0.92 / train/loss/rew 0.64 / train/loss/value 0.88 / replay/replay_ratio 260 / fps/policy 12.72 / fps/train 3256.25

Writing metrics: logdir/dreamer/dmc_walker_walk_20251129_211920/metrics.jsonl
Writing metrics: logdir/dreamer/dmc_walker_walk_20251129_211920/scores.jsonl

--------------------[Agent Step 1_097_760]--------------------
Metrics filtered by: 'score|length|fps|ratio|train/loss/|train/rand/'
train/loss/con 0.02 / train/loss/dyn 3.38 / train/loss/image 2.12 / train/loss/policy -0.05 / train/loss/rep 3.38 / train/loss/repval 0.92 / train/loss/rew 0.64 / train/loss/value 0.88 / replay/replay_ratio 260 / fps/policy 12.72 / fps/train 3256.63

Writing metrics: logdir/dreamer/dmc_walker_walk_20251129_211920/metrics.jsonl
Writing metrics: logdir/dreamer/dmc_walker_walk_20251129_211920/scores.jsonl

--------------------[Agent Step 1_099_296]--------------------
Metrics filtered by: 'score|length|fps|ratio|train/loss/|train/rand/'
train/loss/con 0.02 / train/loss/dyn 3.36 / train/loss/image 2.13 / train/loss/policy -0.06 / train/loss/rep 3.36 / train/loss/repval 0.93 / train/loss/rew 0.64 / train/loss/value 0.9 / replay/replay_ratio 260 / fps/policy 12.71 / fps/train 3254.81

Writing metrics: logdir/dreamer/dmc_walker_walk_20251129_211920/metrics.jsonl
Writing metrics: logdir/dreamer/dmc_walker_walk_20251129_211920/scores.jsonl

--------------------[Agent Step 1_099_488]--------------------
Metrics filtered by: 'score|length|fps|ratio|train/loss/|train/rand/'
No metrics.

Writing metrics: logdir/dreamer/dmc_walker_walk_20251129_211920/metrics.jsonl
Writing metrics: logdir/dreamer/dmc_walker_walk_20251129_211920/scores.jsonl

=== Training Complete ===
End time: Tue Dec  2 19:03:15 EST 2025
